Log file open, 01/15/15 21:04:16
LogInit:Display: Running engine for game: BZS_Template
LogInit: Version: 4.6.1-2386410+++depot+UE4-Releases+4.6
LogInit: API Version: 2369412
LogInit: Compiled (64-bit): Dec 11 2014 21:31:39
LogInit: Compiled with Visual C++: 18.00.21005.01
LogInit: Build Configuration: Development
LogInit: Branch Name: ++depot+UE4-Releases+4.6
LogInit: Command line:  
LogInit: Base directory: C:/Program Files/Epic Games/4.6/Engine/Binaries/Win64/
LogInit: Rocket: 1
[2015.01.16-05.04.16:318][  0]LogTaskGraph: Started task graph with 3 named threads and 6 total threads.
[2015.01.16-05.04.16:370][  0]LogOnline:Warning: No default platform service specified for OnlineSubsystem
[2015.01.16-05.04.16:387][  0]LogInit: Presizing for 0 objects not considered by GC, pre-allocating 0 bytes.
[2015.01.16-05.04.16:395][  0]LogInit: Object subsystem initialized
[2015.01.16-05.04.16:396][  0]LogConsoleResponse:Warning: Skipping Unknown console variable: 'UIScaleRule = ShortestSide'
[2015.01.16-05.04.16:396][  0]LogConsoleResponse:Warning:   Found in ini file '../../../Templates/BZS_Template/Saved/Config/Windows/Engine.ini', in section '[/Script/Engine.RendererSettings]'
[2015.01.16-05.04.16:396][  0]LogConsoleResponse:Warning: Skipping Unknown console variable: 'UIScaleCurve = (EditorCurveData=(Keys=),ExternalCurve=None)'
[2015.01.16-05.04.16:396][  0]LogConsoleResponse:Warning:   Found in ini file '../../../Templates/BZS_Template/Saved/Config/Windows/Engine.ini', in section '[/Script/Engine.RendererSettings]'
[2015.01.16-05.04.16:397][  0]LogConsoleManager:Warning: Console variable 'r.MSAA.CompositingSampleCount' wasn't set (Priority ProjectSetting < Scalability)
[2015.01.16-05.04.16:397][  0]LogInit: Selected Device Profile: [Windows]
[2015.01.16-05.04.16:397][  0]LogInit: Applying CVar settings loaded from the selected device profile: [Windows]
[2015.01.16-05.04.16:410][  0]LogInit: Computer: STEVO-PC
[2015.01.16-05.04.16:410][  0]LogInit: User: Stevo
[2015.01.16-05.04.16:410][  0]LogInit: CPU Page size=4096, Cores=4
[2015.01.16-05.04.16:410][  0]LogInit: High frequency timer resolution =3.323579 MHz
[2015.01.16-05.04.16:410][  0]LogMemory: Memory total: Physical=8.0GB (8GB approx) Virtual=131072.0GB
[2015.01.16-05.04.16:410][  0]LogMemory: Platform Memory Stats for Windows
[2015.01.16-05.04.16:410][  0]LogMemory: Process Physical Memory: 48.54 MB used, 48.54 MB peak
[2015.01.16-05.04.16:410][  0]LogMemory: Process Virtual Memory: 25.11 MB used, 25.11 MB peak
[2015.01.16-05.04.16:410][  0]LogMemory: Physical Memory: 3307.29 MB used, 8153.19 MB total
[2015.01.16-05.04.16:410][  0]LogMemory: Virtual Memory: 271.26 MB used, 134217728.00 MB total
[2015.01.16-05.04.16:432][  0]LogD3D11RHI: Found D3D11 adapter 0: NVIDIA GeForce GTX 760 (Feature Level 11_0)
[2015.01.16-05.04.16:432][  0]LogD3D11RHI: Adapter has 1985MB of dedicated video memory, 0MB of dedicated system memory, and 2048MB of shared system memory, 2 output[s]
[2015.01.16-05.04.16:433][  0]LogD3D11RHI: Found D3D11 adapter 1: Microsoft Basic Render Driver (Feature Level 11_0)
[2015.01.16-05.04.16:433][  0]LogD3D11RHI: Adapter has 0MB of dedicated video memory, 0MB of dedicated system memory, and 256MB of shared system memory, 0 output[s]
[2015.01.16-05.04.16:433][  0]LogD3D11RHI: Chosen D3D11 Adapter Id = 0
[2015.01.16-05.04.16:436][  0]LogRHI: Texture pool is 1361 MB (70% of 1945 MB)
[2015.01.16-05.04.16:444][  0]LogD3D11RHI: Async texture creation enabled
[2015.01.16-05.04.16:499][  0]LogTextLocalizationManager: The requested culture ('en_US') has no localization data; parent culture's ('en') localization data will be used.
[2015.01.16-05.04.16:639][  0]LogContentStreaming: Texture pool size is 0.000000MB
[2015.01.16-05.04.22:322][  0]LogTargetPlatformManager:Display: Building Assets For Windows
[2015.01.16-05.04.22:781][  0]LogTargetPlatformManager:Display: Building Assets For Windows
[2015.01.16-05.04.22:833][  0]LogDerivedDataCache:Display: Max Cache Size: 512 MB
[2015.01.16-05.04.22:882][  0]LogDerivedDataCache: Loaded boot cache 0.05s 39MB C:/Users/Stevo/AppData/Local/UnrealEngine/4.6/DerivedDataCache/Boot.ddc.
[2015.01.16-05.04.22:882][  0]LogDerivedDataCache:Display: Loaded Boot cache: C:/Users/Stevo/AppData/Local/UnrealEngine/4.6/DerivedDataCache/Boot.ddc
[2015.01.16-05.04.22:883][  0]LogDerivedDataCache: FDerivedDataBackendGraph:  Pak pak cache file ../../../Templates/BZS_Template/DerivedDataCache/DDC.ddp not found, will not use a pak cache.
[2015.01.16-05.04.22:883][  0]LogDerivedDataCache: Unable to find inner node Pak for hierarchical cache Hierarchy.
[2015.01.16-05.04.22:955][  0]LogDerivedDataCache:Display: Pak cache opened for reading ../../../Engine/DerivedDataCache/DDC.ddp.
[2015.01.16-05.04.22:967][  0]LogDerivedDataCache: Using Local data cache path C:/Users/Stevo/AppData/Local/UnrealEngine/Common/DerivedDataCache: Writable
[2015.01.16-05.04.23:104][  0]LogCollisionProfile:Warning: Profile (UI) - Custom Channel Name = 'Weapon' hasn't been found
[2015.01.16-05.04.23:257][  0]LogMeshUtilities: No automatic mesh reduction module available
[2015.01.16-05.04.23:257][  0]LogMeshUtilities: No automatic mesh merging module available
[2015.01.16-05.04.23:632][  0]LogInit: WinSock: version 1.1 (2.2), MaxSocks=32767, MaxUdp=65467
[2015.01.16-05.04.23:685][  0]LogSlate:Warning: Failed to load font data from '../../../Engine/Content/Slate/Fonts/Roboto-Italic.ttf'
[2015.01.16-05.04.24:482][  0]UdpMessaging: Initializing bridge on interface 0.0.0.0:0 to multicast group 230.0.0.1:6666.
[2015.01.16-05.04.24:654][  0]LogDirectoryWatcher:Warning: Failed to begin reading directory changes for C:/Program Files/Epic Games/4.6/Templates/BZS_Template/Binaries/Win64. Error: 0
[2015.01.16-05.04.24:810][  0]SourceControl: Info Source control is disabled
[2015.01.16-05.04.24:810][  0]SourceControl: Info Source control is disabled
[2015.01.16-05.04.24:815][  0]SourceControl: Info Source control is disabled
[2015.01.16-05.04.24:945][  0]LogObj: 23754 objects as part of root set at end of initial load.
[2015.01.16-05.04.24:945][  0]LogUObjectAllocator: 5168128 out of 0 bytes used by permanent object pool.
[2015.01.16-05.04.25:003][  0]LogEngine: Initializing Engine...
[2015.01.16-05.04.25:163][  0]LogInit: XAudio2 using 'Speakers (2- C-Media USB Audio Device   )' : 2 channels at 44.1 kHz using 16 bits per sample (channel mask 0x3)
[2015.01.16-05.04.25:170][  0]LogInit: FAudioDevice initialized.
[2015.01.16-05.04.25:196][  0]LogAIModule: Creating AISystem for world NewWorld
[2015.01.16-05.04.25:221][  0]LogDerivedDataCache: Saved boot cache 0.02s 39MB C:/Users/Stevo/AppData/Local/UnrealEngine/4.6/DerivedDataCache/Boot.ddc.
[2015.01.16-05.04.25:227][  0]LogInit: Texture streaming: Enabled
[2015.01.16-05.04.25:262][  0]LogAnalytics: Creating configured Analytics provider AnalyticsET
[2015.01.16-05.04.25:262][  0]LogAnalytics: ET APIKey = Rocket.Release. APIServer = http://et2.epicgames.com/ET2/. AppVersion = 4.6.1-2386410+++depot+UE4-Releases+4.6
[2015.01.16-05.04.25:263][  0]LogAnalytics: SetUserId 5a045227e89f0642cba4625644d0354a
[2015.01.16-05.04.25:263][  0]LogAnalytics: AnalyticsET::StartSession [Rocket.Release]
[2015.01.16-05.04.25:278][  0]LogInit: Transaction tracking system initialized
[2015.01.16-05.04.25:371][  0]BlueprintLog: New page: Editor Load
[2015.01.16-05.04.25:399][  0]LogAssetRegistry: FAssetRegistry took 0.0115 seconds to start up
[2015.01.16-05.04.25:400][  0]LogDirectoryWatcher:Warning: Failed to begin reading directory changes for ../../../Engine/Plugins/Experimental/CharacterAI/Content/. Error: 0
[2015.01.16-05.04.25:980][  0]LogTargetPlatformManager:Display: Building Assets For Windows
[2015.01.16-05.04.26:400][  0]LogTargetPlatformManager:Display: Building Assets For Windows
[2015.01.16-05.04.26:596][  0]LogConsoleResponse:Display: 
[2015.01.16-05.04.26:648][  0]LogLinker:Warning: Asset '../../../Engine/Content/Functions/Engine_MaterialFunctions03/Procedurals/ComputeFilterWidth.uasset' has been saved with empty engine version. The asset will be loaded but may be incompatible.
[2015.01.16-05.04.26:854][  0]SourceControl: Info Source control is disabled
[2015.01.16-05.04.26:854][  0]Cmd: MAP LOAD FILE="../../../Templates/BZS_Template/Content/Maps/Main_Menu.umap" TEMPLATE=0 SHOWPROGRESS=1
[2015.01.16-05.04.26:854][  0]LightingResults: New page: Lighting Build
[2015.01.16-05.04.26:863][  0]MapCheck: New page: Map Check
[2015.01.16-05.04.26:863][  0]LightingResults: New page: Lighting Build
[2015.01.16-05.04.26:869][  0]LogParticles: Destroying 0 GPU particle simulations for FXSystem 0x0000008E3AD89940
[2015.01.16-05.04.27:124][  0]LogLinker:Warning: Asset '../../../Templates/BZS_Template/Content/Blueprints/MyProjectile.uasset' has been saved with empty engine version. The asset will be loaded but may be incompatible.
[2015.01.16-05.04.27:480][  0]LogAnimation:Warning: UAnimMontage::PostLoad: The actual sequence length for montage FPP_Fire_Montage does not match the length stored in the asset, please resave the montage asset.
[2015.01.16-05.04.27:512][  0]LogEditorServer: Finished looking for orphan Actors (0.000 secs)
[2015.01.16-05.04.27:512][  0]LogAIModule: Creating AISystem for world Main_Menu
[2015.01.16-05.04.27:512][  0]Cmd: MAP CHECKDEP
[2015.01.16-05.04.27:512][  0]MapCheck: New page: Main_Menu - Jan 15, 2015, 1:04:27 PM
[2015.01.16-05.04.27:604][  0]MapCheck: Info Map check complete: 0 Error(s), 0 Warning(s), took 90.183ms to complete.
[2015.01.16-05.04.27:604][  0]LogFileHelpers: Loading map 'Main_Menu' took 0.750
[2015.01.16-05.04.27:697][  0]LogCollectionManager: Loaded 0 collections in 0.000901 seconds
[2015.01.16-05.04.27:824][  0]LogCrashTracker: Crashtracker disabled due to settings.
[2015.01.16-05.04.27:830][  0]LogUObjectGlobals:Warning: Failed to find object 'Class None.'
[2015.01.16-05.04.27:856][  0]LogLoad: Full Startup: 12.54 seconds (BP compile: 0.23 seconds)
[2015.01.16-05.04.28:199][  0]LogContentBrowser:Verbose: The content browser source was changed by the sources view to '/Game/Blueprints'
[2015.01.16-05.04.28:330][  0]LogRenderer:Warning: Reallocating scene render targets to support 1136x904.
[2015.01.16-05.04.28:876][  2]LogAssetRegistry: Asset discovery search completed in 3.4886 seconds
[2015.01.16-05.04.47:624][342]LogContentBrowser:Verbose: The content browser source was changed by the sources view to '/Game/UMD'
[2015.01.16-05.04.59:407][918]BlueprintLog: New page: Compile MainMenu
[2015.01.16-05.04.59:473][918]LogActorComponent: UnregisterComponent: (/Engine/Transient.ProjectileMovementComponent_0) Not registered. Aborting.
[2015.01.16-05.04.59:473][918]LogActorComponent: UnregisterComponent: (/Engine/Transient.CharacterMovementComponent_0) Not registered. Aborting.
[2015.01.16-05.04.59:548][918]BlueprintEditorCompileResults: Info [0044.23] Compile of MainMenu successful! [in 132 ms]
[2015.01.16-05.04.59:901][930]Cmd: OBJ SAVEPACKAGE PACKAGE="/Game/UMD/MainMenu" FILE="../../../Templates/BZS_Template/Content/UMD/MainMenu.uasset" SILENT=true
[2015.01.16-05.04.59:962][930]LogSavePackage: Save=16.798458ms
[2015.01.16-05.04.59:962][930]LogSavePackage: Moving '../../../Templates/BZS_Template/Saved/MainMenu4DFB53BF446F9B0FDC3BE08A22DD36D5.tmp' to '../../../Templates/BZS_Template/Content/UMD/MainMenu.uasset'
[2015.01.16-05.05.28:176][185]LogEditorViewport: Clicking Background
[2015.01.16-05.05.58:449][609]LogContentBrowser:Verbose: The content browser source was changed by the sources view to '/Game/Blueprints'
[2015.01.16-05.05.59:371][692]LogContentBrowser:Verbose: The content browser source was changed by the sources view to '/Game/Character'
[2015.01.16-05.06.00:081][753]LogContentBrowser:Verbose: The content browser source was changed by the sources view to '/Game/Maps'
[2015.01.16-05.06.01:395][834]LogActorComponent: UnregisterComponent: (/Engine/Transient.ProjectileMovementComponent_1) Not registered. Aborting.
[2015.01.16-05.06.01:395][834]LogActorComponent: UnregisterComponent: (/Engine/Transient.CharacterMovementComponent_1) Not registered. Aborting.
[2015.01.16-05.06.01:422][834]Cmd: MAP LOAD FILE="../../../Templates/BZS_Template/Content/Maps/Example_Map.umap" TEMPLATE=0 SHOWPROGRESS=1
[2015.01.16-05.06.01:422][834]LightingResults: New page: Lighting Build
[2015.01.16-05.06.01:448][834]LoadErrors: New page: Loading map: Example_Map.umap
[2015.01.16-05.06.01:448][834]MapCheck: New page: Map Check
[2015.01.16-05.06.01:448][834]LightingResults: New page: Lighting Build
[2015.01.16-05.06.01:466][834]LogParticles: Destroying 0 GPU particle simulations for FXSystem 0x0000008E38971DA0
[2015.01.16-05.06.01:466][834]LogParticles: Destroying 0 GPU particle simulations for FXSystem 0x0000008E2E52BA60
[2015.01.16-05.06.01:473][834]LogEditorServer: Finished looking for orphan Actors (0.000 secs)
[2015.01.16-05.06.01:473][834]LogAIModule: Creating AISystem for world Example_Map
[2015.01.16-05.06.01:515][834]Cmd: MAP CHECKDEP
[2015.01.16-05.06.01:515][834]MapCheck: New page: Example_Map - Jan 15, 2015, 1:06:01 PM
[2015.01.16-05.06.01:615][834]MapCheck: Info Map check complete: 0 Error(s), 0 Warning(s), took 100.179ms to complete.
[2015.01.16-05.06.01:619][834]LogFileHelpers: Loading map 'Example_Map' took 0.200
[2015.01.16-05.06.05:113][ 97]LogEditorViewport: Clicking on Actor (LMB): TextRenderActor (TemplateLabel)
[2015.01.16-05.06.16:326][864]Cmd: OBJ SAVEPACKAGE PACKAGE="/Game/Maps/Example_Map" FILE="../../../Templates/BZS_Template/Content/Maps/Example_Map.umap" SILENT=true AUTOSAVING=false KEEPDIRTY=false
[2015.01.16-05.06.16:489][864]LogSavePackage: Save=110.751389ms
[2015.01.16-05.06.16:489][864]LogSavePackage: Moving '../../../Templates/BZS_Template/Saved/Example_Map55A3258249C2E35E6535FAA8E46853D3.tmp' to '../../../Templates/BZS_Template/Content/Maps/Example_Map.umap'
[2015.01.16-05.06.35:140][364]Cmd: QUIT_EDITOR
[2015.01.16-05.06.35:507][364]LogExit: Preparing to exit.
[2015.01.16-05.06.36:684][364]LogExit: Editor shut down
[2015.01.16-05.06.36:685][364]LogExit: Transaction tracking system shut down
[2015.01.16-05.06.36:686][364]LogParticles: Destroying 0 GPU particle simulations for FXSystem 0x0000008E38A7F380
[2015.01.16-05.06.36:686][364]LogParticles: Destroying 0 GPU particle simulations for FXSystem 0x0000008E32166200
[2015.01.16-05.06.36:690][364]LogParticles: Destroying 0 GPU particle simulations for FXSystem 0x0000008E38A51B20
[2015.01.16-05.06.36:691][364]LogParticles: Destroying 0 GPU particle simulations for FXSystem 0x0000008E371539C0
[2015.01.16-05.06.36:692][364]LogParticles: Destroying 0 GPU particle simulations for FXSystem 0x0000008E3D0272E0
[2015.01.16-05.06.36:694][364]LogParticles: Destroying 0 GPU particle simulations for FXSystem 0x0000008E3D024900
[2015.01.16-05.06.36:743][364]LogExit: Object subsystem successfully closed.
[2015.01.16-05.06.36:804][364]LogModuleManager: Shutting down and abandoning module SequencerWidgets (173)
[2015.01.16-05.06.36:804][364]LogModuleManager: Shutting down and abandoning module AndroidDeviceDetection (172)
[2015.01.16-05.06.36:804][364]LogModuleManager: Shutting down and abandoning module CrashTracker (171)
[2015.01.16-05.06.36:804][364]LogModuleManager: Shutting down and abandoning module SuperSearch (170)
[2015.01.16-05.06.36:804][364]LogModuleManager: Shutting down and abandoning module SceneOutliner (169)
[2015.01.16-05.06.36:804][364]LogModuleManager: Shutting down and abandoning module EditorWidgets (168)
[2015.01.16-05.06.36:804][364]LogModuleManager: Shutting down and abandoning module CollectionManager (167)
[2015.01.16-05.06.36:804][364]LogModuleManager: Shutting down and abandoning module StatsViewer (166)
[2015.01.16-05.06.36:804][364]LogModuleManager: Shutting down and abandoning module FoliageEdit (165)
[2015.01.16-05.06.36:804][364]LogModuleManager: Shutting down and abandoning module LandscapeEditor (164)
[2015.01.16-05.06.36:804][364]LogModuleManager: Shutting down and abandoning module MeshPaint (163)
[2015.01.16-05.06.36:804][364]LogModuleManager: Shutting down and abandoning module ActorPickerMode (162)
[2015.01.16-05.06.36:804][364]LogModuleManager: Shutting down and abandoning module GeometryMode (161)
[2015.01.16-05.06.36:804][364]LogModuleManager: Shutting down and abandoning module TextureAlignMode (160)
[2015.01.16-05.06.36:804][364]LogModuleManager: Shutting down and abandoning module BspMode (159)
[2015.01.16-05.06.36:804][364]LogModuleManager: Shutting down and abandoning module PlacementMode (158)
[2015.01.16-05.06.36:804][364]LogModuleManager: Shutting down and abandoning module AutomationWorker (157)
[2015.01.16-05.06.36:804][364]LogModuleManager: Shutting down and abandoning module CharacterAI (156)
[2015.01.16-05.06.36:804][364]LogModuleManager: Shutting down and abandoning module GameProjectGeneration (155)
[2015.01.16-05.06.36:804][364]LogModuleManager: Shutting down and abandoning module IntroTutorials (154)
[2015.01.16-05.06.36:804][364]LogModuleManager: Shutting down and abandoning module EditorLiveStreaming (153)
[2015.01.16-05.06.36:804][364]LogModuleManager: Shutting down and abandoning module HardwareTargeting (152)
[2015.01.16-05.06.36:804][364]LogModuleManager: Shutting down and abandoning module DeviceProfileEditor (151)
[2015.01.16-05.06.36:804][364]LogModuleManager: Shutting down and abandoning module UndoHistory (150)
[2015.01.16-05.06.36:804][364]LogModuleManager: Shutting down and abandoning module GameplayTagsEditor (149)
[2015.01.16-05.06.36:804][364]LogModuleManager: Shutting down and abandoning module UserFeedback (148)
[2015.01.16-05.06.36:804][364]LogModuleManager: Shutting down and abandoning module XmlParser (147)
[2015.01.16-05.06.36:804][364]LogModuleManager: Shutting down and abandoning module Blutility (146)
[2015.01.16-05.06.36:804][364]LogModuleManager: Shutting down and abandoning module IOSPlatformEditor (145)
[2015.01.16-05.06.36:804][364]LogModuleManager: Shutting down and abandoning module IOSRuntimeSettings (144)
[2015.01.16-05.06.36:804][364]LogModuleManager: Shutting down and abandoning module AndroidPlatformEditor (143)
[2015.01.16-05.06.36:804][364]LogModuleManager: Shutting down and abandoning module AndroidRuntimeSettings (142)
[2015.01.16-05.06.36:804][364]LogModuleManager: Shutting down and abandoning module ProjectTargetPlatformEditor (141)
[2015.01.16-05.06.36:804][364]LogModuleManager: Shutting down and abandoning module ProjectSettingsViewer (140)
[2015.01.16-05.06.36:804][364]LogModuleManager: Shutting down and abandoning module InputBindingEditor (139)
[2015.01.16-05.06.36:804][364]LogModuleManager: Shutting down and abandoning module EditorSettingsViewer (138)
[2015.01.16-05.06.36:804][364]LogModuleManager: Shutting down and abandoning module SettingsEditor (137)
[2015.01.16-05.06.36:804][364]LogModuleManager: Shutting down and abandoning module ProjectLauncher (136)
[2015.01.16-05.06.36:804][364]LogModuleManager: Shutting down and abandoning module SessionFrontend (135)
[2015.01.16-05.06.36:804][364]LogModuleManager: Shutting down and abandoning module ProfilerClient (134)
[2015.01.16-05.06.36:804][364]LogModuleManager: Shutting down and abandoning module TargetDeviceServices (133)
[2015.01.16-05.06.36:804][364]LogModuleManager: Shutting down and abandoning module DeviceManager (132)
[2015.01.16-05.06.36:805][364]LogModuleManager: Shutting down and abandoning module AutomationController (131)
[2015.01.16-05.06.36:805][364]LogModuleManager: Shutting down and abandoning module AutomationWindow (130)
[2015.01.16-05.06.36:805][364]LogModuleManager: Shutting down and abandoning module Layers (129)
[2015.01.16-05.06.36:805][364]LogModuleManager: Shutting down and abandoning module ComponentVisualizers (128)
[2015.01.16-05.06.36:805][364]LogModuleManager: Shutting down and abandoning module DetailCustomizations (127)
[2015.01.16-05.06.36:805][364]LogModuleManager: Shutting down and abandoning module PackagesDialog (126)
[2015.01.16-05.06.36:805][364]LogModuleManager: Shutting down and abandoning module AssetRegistry (125)
[2015.01.16-05.06.36:919][364]LogModuleManager: Shutting down and abandoning module Persona (124)
[2015.01.16-05.06.36:919][364]LogModuleManager: Shutting down and abandoning module Kismet (123)
[2015.01.16-05.06.36:919][364]LogModuleManager: Shutting down and abandoning module GraphEditor (122)
[2015.01.16-05.06.36:920][364]LogModuleManager: Shutting down and abandoning module ClassViewer (121)
[2015.01.16-05.06.36:920][364]LogModuleManager: Shutting down and abandoning module Toolbox (120)
[2015.01.16-05.06.36:920][364]LogModuleManager: Shutting down and abandoning module ModuleUI (119)
[2015.01.16-05.06.36:920][364]LogModuleManager: Shutting down and abandoning module MovieSceneTools (118)
[2015.01.16-05.06.36:920][364]LogModuleManager: Shutting down and abandoning module OutputLog (117)
[2015.01.16-05.06.36:920][364]LogModuleManager: Shutting down and abandoning module GammaUI (116)
[2015.01.16-05.06.36:920][364]LogModuleManager: Shutting down and abandoning module Documentation (115)
[2015.01.16-05.06.36:920][364]LogModuleManager: Shutting down and abandoning module GameLiveStreaming (114)
[2015.01.16-05.06.36:920][364]LogModuleManager: Shutting down and abandoning module StreamingPauseRendering (113)
[2015.01.16-05.06.36:920][364]LogModuleManager: Shutting down and abandoning module HTTP (112)
[2015.01.16-05.06.36:920][364]LogModuleManager: Shutting down and abandoning module AnalyticsET (111)
[2015.01.16-05.06.36:920][364]LogModuleManager: Shutting down and abandoning module Analytics (110)
[2015.01.16-05.06.36:920][364]LogModuleManager: Shutting down and abandoning module AITestSuite (109)
[2015.01.16-05.06.36:920][364]LogModuleManager: Shutting down and abandoning module AIModule (108)
[2015.01.16-05.06.36:920][364]LogModuleManager: Shutting down and abandoning module ProfilerService (107)
[2015.01.16-05.06.37:001][364]LogModuleManager: Shutting down and abandoning module TaskGraph (106)
[2015.01.16-05.06.37:001][364]LogModuleManager: Shutting down and abandoning module GameplayDebugger (105)
[2015.01.16-05.06.37:001][364]LogModuleManager: Shutting down and abandoning module SlateRemote (104)
[2015.01.16-05.06.37:001][364]LogModuleManager: Shutting down and abandoning module ScriptEditorPlugin (103)
[2015.01.16-05.06.37:001][364]LogModuleManager: Shutting down and abandoning module CustomMeshComponent (102)
[2015.01.16-05.06.37:001][364]LogModuleManager: Shutting down and abandoning module CableComponent (101)
[2015.01.16-05.06.37:001][364]LogModuleManager: Shutting down and abandoning module MessagingDebugger (100)
[2015.01.16-05.06.37:001][364]LogModuleManager: Shutting down and abandoning module MediaPlayerEditor (99)
[2015.01.16-05.06.37:001][364]LogModuleManager: Shutting down and abandoning module SpeedTreeImporter (98)
[2015.01.16-05.06.37:001][364]LogModuleManager: Shutting down and abandoning module PluginsEditor (97)
[2015.01.16-05.06.37:001][364]LogModuleManager: Shutting down and abandoning module EpicSurvey (96)
[2015.01.16-05.06.37:001][364]LogModuleManager: Shutting down and abandoning module DesktopPlatform (95)
[2015.01.16-05.06.37:001][364]LogModuleManager: Shutting down and abandoning module VisualStudioSourceCodeAccess (94)
[2015.01.16-05.06.37:001][364]LogModuleManager: Shutting down and abandoning module UObjectPlugin (93)
[2015.01.16-05.06.37:001][364]LogModuleManager: Shutting down and abandoning module SubversionSourceControl (92)
[2015.01.16-05.06.37:001][364]LogModuleManager: Shutting down and abandoning module SourceControl (91)
[2015.01.16-05.06.37:001][364]LogModuleManager: Shutting down and abandoning module PerforceSourceControl (90)
[2015.01.16-05.06.37:001][364]LogModuleManager: Shutting down and abandoning module BlankPlugin (89)
[2015.01.16-05.06.37:001][364]LogModuleManager: Shutting down and abandoning module SlateReflector (88)
[2015.01.16-05.06.37:001][364]LogModuleManager: Shutting down and abandoning module DirectoryWatcher (87)
[2015.01.16-05.06.37:001][364]LogModuleManager: Shutting down and abandoning module HotReload (86)
[2015.01.16-05.06.37:001][364]LogModuleManager: Shutting down and abandoning module MainFrame (85)
[2015.01.16-05.06.37:001][364]LogModuleManager: Shutting down and abandoning module LevelEditor (84)
[2015.01.16-05.06.37:003][364]LogModuleManager: Shutting down and abandoning module ViewportSnapping (83)
[2015.01.16-05.06.37:003][364]LogModuleManager: Shutting down and abandoning module SmartSnapping (82)
[2015.01.16-05.06.37:003][364]LogModuleManager: Shutting down and abandoning module PaperTiledImporter (81)
[2015.01.16-05.06.37:003][364]LogModuleManager: Shutting down and abandoning module PaperJsonImporter (80)
[2015.01.16-05.06.37:003][364]LogModuleManager: Shutting down and abandoning module ContentBrowser (79)
[2015.01.16-05.06.37:003][364]LogModuleManager: Shutting down and abandoning module Paper2DEditor (78)
[2015.01.16-05.06.37:003][364]LogModuleManager: Shutting down and abandoning module ScriptPlugin (77)
[2015.01.16-05.06.37:003][364]LogModuleManager: Shutting down and abandoning module UdpMessaging (76)
[2015.01.16-05.06.37:103][364]LogModuleManager: Shutting down and abandoning module Paper2D (75)
[2015.01.16-05.06.37:103][364]LogModuleManager: Shutting down and abandoning module UE4Game (74)
[2015.01.16-05.06.37:103][364]LogModuleManager: Shutting down and abandoning module WindowsMoviePlayer (73)
[2015.01.16-05.06.37:116][364]LogModuleManager: Shutting down and abandoning module Media (72)
[2015.01.16-05.06.37:116][364]LogModuleManager: Shutting down and abandoning module WmfMedia (71)
[2015.01.16-05.06.37:117][364]LogModuleManager: Shutting down and abandoning module OnlineBlueprintSupport (70)
[2015.01.16-05.06.37:117][364]LogModuleManager: Shutting down and abandoning module PropertyEditor (69)
[2015.01.16-05.06.37:117][364]LogModuleManager: Shutting down and abandoning module BehaviorTreeEditor (68)
[2015.01.16-05.06.37:117][364]LogModuleManager: Shutting down and abandoning module FunctionalTesting (67)
[2015.01.16-05.06.37:117][364]LogModuleManager: Shutting down and abandoning module CollisionAnalyzer (66)
[2015.01.16-05.06.37:117][364]LogModuleManager: Shutting down and abandoning module WorkspaceMenuStructure (65)
[2015.01.16-05.06.37:117][364]LogModuleManager: Shutting down and abandoning module MessageLog (64)
[2015.01.16-05.06.37:117][364]LogModuleManager: Shutting down and abandoning module Sequencer (63)
[2015.01.16-05.06.37:117][364]LogModuleManager: Shutting down and abandoning module AssetTools (62)
[2015.01.16-05.06.37:117][364]LogModuleManager: Shutting down and abandoning module UMGEditor (61)
[2015.01.16-05.06.37:118][364]LogModuleManager: Shutting down and abandoning module UMG (60)
[2015.01.16-05.06.37:118][364]LogModuleManager: Shutting down and abandoning module Slate (59)
[2015.01.16-05.06.37:118][364]LogModuleManager: Shutting down and abandoning module EditorStyle (58)
[2015.01.16-05.06.37:122][364]LogModuleManager: Shutting down and abandoning module SessionServices (57)
[2015.01.16-05.06.37:123][364]LogModuleManager: Shutting down and abandoning module SourceCodeAccess (56)
[2015.01.16-05.06.37:123][364]LogModuleManager: Shutting down and abandoning module HeadMountedDisplay (55)
[2015.01.16-05.06.37:123][364]LogModuleManager: Shutting down and abandoning module XAudio2 (54)
[2015.01.16-05.06.37:123][364]LogModuleManager: Shutting down and abandoning module Networking (52)
[2015.01.16-05.06.37:123][364]LogModuleManager: Shutting down and abandoning module Core (51)
[2015.01.16-05.06.37:123][364]LogModuleManager: Shutting down and abandoning module KismetCompiler (50)
[2015.01.16-05.06.37:123][364]LogModuleManager: Shutting down and abandoning module PhysXFormats (49)
[2015.01.16-05.06.37:123][364]LogModuleManager: Shutting down and abandoning module MeshUtilities (48)
[2015.01.16-05.06.37:123][364]LogModuleManager: Shutting down and abandoning module DerivedDataCache (47)
[2015.01.16-05.06.37:217][364]LogDerivedDataCache: Shutdown
[2015.01.16-05.06.37:217][364]LogModuleManager: Shutting down and abandoning module ShaderFormatOpenGL (46)
[2015.01.16-05.06.37:217][364]LogModuleManager: Shutting down and abandoning module ShaderFormatD3D (45)
[2015.01.16-05.06.37:217][364]LogModuleManager: Shutting down and abandoning module MetalShaderFormat (44)
[2015.01.16-05.06.37:217][364]LogModuleManager: Shutting down and abandoning module TextureFormatUncompressed (43)
[2015.01.16-05.06.37:217][364]LogModuleManager: Shutting down and abandoning module TextureFormatPVR (42)
[2015.01.16-05.06.37:217][364]LogModuleManager: Shutting down and abandoning module TextureFormatDXT (41)
[2015.01.16-05.06.37:217][364]LogModuleManager: Shutting down and abandoning module TextureFormatAndroid (40)
[2015.01.16-05.06.37:217][364]LogModuleManager: Shutting down and abandoning module AudioFormatOpus (39)
[2015.01.16-05.06.37:217][364]LogModuleManager: Shutting down and abandoning module AudioFormatOgg (38)
[2015.01.16-05.06.37:217][364]LogModuleManager: Shutting down and abandoning module AudioFormatADPCM (37)
[2015.01.16-05.06.37:217][364]LogModuleManager: Shutting down and abandoning module LinuxTargetPlatform (36)
[2015.01.16-05.06.37:217][364]LogModuleManager: Shutting down and abandoning module LinuxServerTargetPlatform (35)
[2015.01.16-05.06.37:217][364]LogModuleManager: Shutting down and abandoning module LinuxNoEditorTargetPlatform (34)
[2015.01.16-05.06.37:217][364]LogModuleManager: Shutting down and abandoning module Messaging (33)
[2015.01.16-05.06.37:217][364]LogModuleManager: Shutting down and abandoning module IOSTargetPlatform (32)
[2015.01.16-05.06.37:217][364]LogModuleManager: Shutting down and abandoning module Android_PVRTCTargetPlatform (31)
[2015.01.16-05.06.37:217][364]LogModuleManager: Shutting down and abandoning module Android_ETC2TargetPlatform (30)
[2015.01.16-05.06.37:217][364]LogModuleManager: Shutting down and abandoning module Android_ETC1TargetPlatform (29)
[2015.01.16-05.06.37:217][364]LogModuleManager: Shutting down and abandoning module Android_DXTTargetPlatform (28)
[2015.01.16-05.06.37:217][364]LogModuleManager: Shutting down and abandoning module Android_ATCTargetPlatform (27)
[2015.01.16-05.06.37:217][364]LogModuleManager: Shutting down and abandoning module AndroidTargetPlatform (26)
[2015.01.16-05.06.37:217][364]LogModuleManager: Shutting down and abandoning module WindowsTargetPlatform (25)
[2015.01.16-05.06.37:217][364]LogModuleManager: Shutting down and abandoning module WindowsServerTargetPlatform (24)
[2015.01.16-05.06.37:217][364]LogModuleManager: Shutting down and abandoning module WindowsNoEditorTargetPlatform (23)
[2015.01.16-05.06.37:217][364]LogModuleManager: Shutting down and abandoning module WindowsClientTargetPlatform (22)
[2015.01.16-05.06.37:217][364]LogModuleManager: Shutting down and abandoning module TargetPlatform (21)
[2015.01.16-05.06.37:217][364]LogModuleManager: Shutting down and abandoning module InputCore (20)
[2015.01.16-05.06.37:217][364]LogModuleManager: Shutting down and abandoning module Settings (19)
[2015.01.16-05.06.37:217][364]LogModuleManager: Shutting down and abandoning module ImageWrapper (18)
[2015.01.16-05.06.37:217][364]LogModuleManager: Shutting down and abandoning module OculusRift (15)
[2015.01.16-05.06.37:217][364]LogModuleManager: Shutting down and abandoning module ExampleDeviceProfileSelector (14)
[2015.01.16-05.06.37:217][364]LogModuleManager: Shutting down and abandoning module TextureCompressor (13)
[2015.01.16-05.06.37:217][364]LogModuleManager: Shutting down and abandoning module ShaderCore (12)
[2015.01.16-05.06.37:217][364]LogModuleManager: Shutting down and abandoning module Landscape (11)
[2015.01.16-05.06.37:217][364]LogModuleManager: Shutting down and abandoning module SlateRHIRenderer (10)
[2015.01.16-05.06.37:218][364]LogModuleManager: Shutting down and abandoning module OpenGLDrv (9)
[2015.01.16-05.06.37:218][364]LogModuleManager: Shutting down and abandoning module D3D11RHI (8)
[2015.01.16-05.06.37:218][364]LogModuleManager: Shutting down and abandoning module Renderer (7)
[2015.01.16-05.06.37:218][364]LogModuleManager: Shutting down and abandoning module Engine (6)
[2015.01.16-05.06.37:218][364]LogModuleManager: Shutting down and abandoning module CoreUObject (5)
[2015.01.16-05.06.37:218][364]LogModuleManager: Shutting down and abandoning module NetworkFile (4)
[2015.01.16-05.06.37:218][364]LogModuleManager: Shutting down and abandoning module StreamingFile (3)
[2015.01.16-05.06.37:218][364]LogModuleManager: Shutting down and abandoning module SandboxFile (2)
[2015.01.16-05.06.37:218][364]LogModuleManager: Shutting down and abandoning module PakFile (1)
[2015.01.16-05.06.37:219][364]LogExit: Exiting.
[2015.01.16-05.06.37:238][364]Log file closed, 01/15/15 21:06:37
