Log file open, 01/14/15 17:59:32
LogInit:Display: Running engine for game: BZS_Template
LogInit: Version: 4.6.1-2386410+++depot+UE4-Releases+4.6
LogInit: API Version: 2369412
LogInit: Compiled (64-bit): Dec 11 2014 21:31:39
LogInit: Compiled with Visual C++: 18.00.21005.01
LogInit: Build Configuration: Development
LogInit: Branch Name: ++depot+UE4-Releases+4.6
LogInit: Command line:  /Temp/Autosaves/Game/Maps/UEDPCExample_Map -game -PIEVIACONSOLE -ResX=1280 -ResY=720  -Multiprocess 
LogInit: Base directory: C:/Program Files/Epic Games/4.6/Engine/Binaries/Win64/
LogInit: Rocket: 1
[2015.01.15-01.59.32:922][  0]LogTaskGraph: Started task graph with 3 named threads and 6 total threads.
[2015.01.15-01.59.32:974][  0]LogOnline:Warning: No default platform service specified for OnlineSubsystem
[2015.01.15-01.59.32:994][  0]LogInit: Presizing for 0 objects not considered by GC, pre-allocating 0 bytes.
[2015.01.15-01.59.33:002][  0]LogInit: Object subsystem initialized
[2015.01.15-01.59.33:004][  0]LogConsoleResponse:Warning: Skipping Unknown console variable: 'UIScaleRule = ShortestSide'
[2015.01.15-01.59.33:004][  0]LogConsoleResponse:Warning:   Found in ini file 'C:/Users/Stevo/Desktop/BZS_Template/Saved/Config/Windows/Engine.ini', in section '[/Script/Engine.RendererSettings]'
[2015.01.15-01.59.33:004][  0]LogConsoleResponse:Warning: Skipping Unknown console variable: 'UIScaleCurve = (EditorCurveData=(Keys=),ExternalCurve=None)'
[2015.01.15-01.59.33:004][  0]LogConsoleResponse:Warning:   Found in ini file 'C:/Users/Stevo/Desktop/BZS_Template/Saved/Config/Windows/Engine.ini', in section '[/Script/Engine.RendererSettings]'
[2015.01.15-01.59.33:004][  0]LogConsoleManager:Warning: Console variable 'r.MSAA.CompositingSampleCount' wasn't set (Priority ProjectSetting < Scalability)
[2015.01.15-01.59.33:004][  0]LogInit: Selected Device Profile: [Windows]
[2015.01.15-01.59.33:004][  0]LogInit: Applying CVar settings loaded from the selected device profile: [Windows]
[2015.01.15-01.59.33:008][  0]LogInit: Computer: STEVO-PC
[2015.01.15-01.59.33:008][  0]LogInit: User: Stevo
[2015.01.15-01.59.33:008][  0]LogInit: CPU Page size=4096, Cores=4
[2015.01.15-01.59.33:008][  0]LogInit: High frequency timer resolution =3.323579 MHz
[2015.01.15-01.59.33:009][  0]LogMemory: Memory total: Physical=8.0GB (8GB approx) Virtual=131072.0GB
[2015.01.15-01.59.33:009][  0]LogMemory: Platform Memory Stats for Windows
[2015.01.15-01.59.33:009][  0]LogMemory: Process Physical Memory: 49.13 MB used, 49.13 MB peak
[2015.01.15-01.59.33:009][  0]LogMemory: Process Virtual Memory: 25.09 MB used, 25.09 MB peak
[2015.01.15-01.59.33:009][  0]LogMemory: Physical Memory: 4667.94 MB used, 8153.19 MB total
[2015.01.15-01.59.33:009][  0]LogMemory: Virtual Memory: 271.26 MB used, 134217728.00 MB total
[2015.01.15-01.59.33:034][  0]LogD3D11RHI: Found D3D11 adapter 0: NVIDIA GeForce GTX 760 (Feature Level 11_0)
[2015.01.15-01.59.33:034][  0]LogD3D11RHI: Adapter has 1985MB of dedicated video memory, 0MB of dedicated system memory, and 2048MB of shared system memory, 2 output[s]
[2015.01.15-01.59.33:036][  0]LogD3D11RHI: Found D3D11 adapter 1: Microsoft Basic Render Driver (Feature Level 11_0)
[2015.01.15-01.59.33:036][  0]LogD3D11RHI: Adapter has 0MB of dedicated video memory, 0MB of dedicated system memory, and 256MB of shared system memory, 0 output[s]
[2015.01.15-01.59.33:036][  0]LogD3D11RHI: Chosen D3D11 Adapter Id = 0
[2015.01.15-01.59.33:041][  0]LogRHI: Texture pool is 1361 MB (70% of 1945 MB)
[2015.01.15-01.59.33:049][  0]LogD3D11RHI: Async texture creation enabled
[2015.01.15-01.59.33:104][  0]LogTextLocalizationManager: The requested culture ('en_US') has no localization data; parent culture's ('en') localization data will be used.
[2015.01.15-01.59.33:242][  0]LogContentStreaming: Texture pool size is 700.000000MB
[2015.01.15-01.59.38:052][  0]LogTargetPlatformManager:Display: Building Assets For Windows
[2015.01.15-01.59.38:434][  0]LogTargetPlatformManager:Display: Building Assets For Windows
[2015.01.15-01.59.38:480][  0]LogDerivedDataCache:Display: Max Cache Size: 512 MB
[2015.01.15-01.59.38:518][  0]LogDerivedDataCache: Loaded boot cache 0.04s 39MB C:/Users/Stevo/AppData/Local/UnrealEngine/4.6/DerivedDataCache/Boot.ddc.
[2015.01.15-01.59.38:518][  0]LogDerivedDataCache:Display: Loaded Boot cache: C:/Users/Stevo/AppData/Local/UnrealEngine/4.6/DerivedDataCache/Boot.ddc
[2015.01.15-01.59.38:518][  0]LogDerivedDataCache: FDerivedDataBackendGraph:  Pak pak cache file ../../../../../../Users/Stevo/Desktop/BZS_Template/DerivedDataCache/DDC.ddp not found, will not use a pak cache.
[2015.01.15-01.59.38:518][  0]LogDerivedDataCache: Unable to find inner node Pak for hierarchical cache Hierarchy.
[2015.01.15-01.59.38:580][  0]LogDerivedDataCache:Display: Pak cache opened for reading ../../../Engine/DerivedDataCache/DDC.ddp.
[2015.01.15-01.59.38:593][  0]LogDerivedDataCache: Using Local data cache path C:/Users/Stevo/AppData/Local/UnrealEngine/Common/DerivedDataCache: Writable
[2015.01.15-01.59.38:708][  0]LogCollisionProfile:Warning: Profile (UI) - Custom Channel Name = 'Weapon' hasn't been found
[2015.01.15-01.59.38:814][  0]LogMeshUtilities: No automatic mesh reduction module available
[2015.01.15-01.59.38:814][  0]LogMeshUtilities: No automatic mesh merging module available
[2015.01.15-01.59.39:076][  0]LogInit: WinSock: version 1.1 (2.2), MaxSocks=32767, MaxUdp=65467
[2015.01.15-01.59.39:122][  0]LogSlate:Warning: Failed to load font data from '../../../Engine/Content/Slate/Fonts/Roboto-Italic.ttf'
[2015.01.15-01.59.39:863][  0]LogWindowsMoviePlayer: Unable to load movie: ../../../../../../Users/Stevo/Desktop/BZS_Template/Content/Movies/Default_Startup.mp4
[2015.01.15-01.59.39:982][  0]SourceControl: Info Source control is disabled
[2015.01.15-01.59.39:982][  0]SourceControl: Info Source control is disabled
[2015.01.15-01.59.39:988][  0]SourceControl: Info Source control is disabled
[2015.01.15-01.59.40:015][  0]LogDirectoryWatcher:Warning: Failed to begin reading directory changes for C:/Users/Stevo/Desktop/BZS_Template/Binaries/Win64. Error: 0
[2015.01.15-01.59.40:055][  0]LogObj: 23338 objects as part of root set at end of initial load.
[2015.01.15-01.59.40:055][  0]LogUObjectAllocator: 4907960 out of 0 bytes used by permanent object pool.
[2015.01.15-01.59.40:107][  0]LogAutomationTest:Warning: ERR: Transient text cannot be serialized "Testing Transient serialization detection".
[2015.01.15-01.59.40:107][  0]LogEngine: Initializing Engine...
[2015.01.15-01.59.42:108][  0]LogHMD:Warning: No Oculus HMD detected! Is Oculus Run-Time installed and service is running?
[2015.01.15-01.59.42:119][  0]LogHMD: Oculus shutdown.
[2015.01.15-01.59.42:230][  0]LogInit: XAudio2 using 'Speakers (2- C-Media USB Audio Device   )' : 2 channels at 44.1 kHz using 16 bits per sample (channel mask 0x3)
[2015.01.15-01.59.42:237][  0]LogInit: FAudioDevice initialized.
[2015.01.15-01.59.42:240][  0]LogInit: Texture streaming: Enabled
[2015.01.15-01.59.42:298][  0]LogAnalytics: Creating configured Analytics provider AnalyticsET
[2015.01.15-01.59.42:298][  0]LogAnalytics: ET APIKey = Rocket.Release. APIServer = http://et2.epicgames.com/ET2/. AppVersion = 4.6.1-2386410+++depot+UE4-Releases+4.6
[2015.01.15-01.59.42:299][  0]LogAnalytics: SetUserId 5a045227e89f0642cba4625644d0354a
[2015.01.15-01.59.42:299][  0]LogAnalytics: AnalyticsET::StartSession [Rocket.Release]
[2015.01.15-01.59.42:314][  0]LogConsoleManager:Warning: Console variable 'r.VSync' wasn't set (Priority Code < GameSetting)
[2015.01.15-01.59.42:315][  0]LogNet: Browse: /Temp/Autosaves/Game/Maps/UEDPCExample_Map?Name=Player
[2015.01.15-01.59.42:315][  0]LogLoad: LoadMap: /Temp/Autosaves/Game/Maps/UEDPCExample_Map?Name=Player
[2015.01.15-01.59.42:325][  0]LogMemory: Platform Memory Stats for Windows
[2015.01.15-01.59.42:325][  0]LogMemory: Process Physical Memory: 278.01 MB used, 317.69 MB peak
[2015.01.15-01.59.42:325][  0]LogMemory: Process Virtual Memory: 223.36 MB used, 268.07 MB peak
[2015.01.15-01.59.42:325][  0]LogMemory: Physical Memory: 4845.08 MB used, 8153.19 MB total
[2015.01.15-01.59.42:325][  0]LogMemory: Virtual Memory: 661.08 MB used, 134217728.00 MB total
[2015.01.15-01.59.42:325][  0]LogMemory: 
[2015.01.15-01.59.42:325][  0]Allocator Stats for TBB: (not implemented)
[2015.01.15-01.59.42:625][  0]LogLinker:Warning: Asset '../../../../../../Users/Stevo/Desktop/BZS_Template/Content/Blueprints/MyProjectile.uasset' has been saved with empty engine version. The asset will be loaded but may be incompatible.
[2015.01.15-01.59.42:872][  0]BlueprintLog:Warning: Warning Blueprint MyGame has been migrated and requires re-saving to avoid import errors
[2015.01.15-01.59.42:882][  0]LogAnimation:Warning: UAnimMontage::PostLoad: The actual sequence length for montage FPP_Fire_Montage does not match the length stored in the asset, please resave the montage asset.
[2015.01.15-01.59.42:897][  0]LogWorld: Game class is 'MyGame_C'
[2015.01.15-01.59.42:915][  0]LogAIModule: Creating AISystem for world Example_Map
[2015.01.15-01.59.42:918][  0]LogWorld: Bringing World /Temp/Autosaves/Game/Maps/UEDPCExample_Map.Example_Map up for play (max tick rate 0) at 2015.01.14-17.59.42
[2015.01.15-01.59.42:919][  0]LogWorld: Bringing up level for play took: 0.003871
[2015.01.15-01.59.42:927][  0]LogInit:Display: Game Engine Initialized.
[2015.01.15-01.59.43:150][  0]LogLoad: Full Startup: 10.97 seconds (BP compile: 0.19 seconds)
[2015.01.15-01.59.43:243][  2]LogRenderer:Warning: Reallocating scene render targets to support 1120x632.
[2015.01.15-02.00.17:593][240]LogEngine: All Windows Closed
[2015.01.15-02.00.17:593][240]LogWindows: FPlatformMisc::RequestExit(0)
[2015.01.15-02.00.17:605][241]LogExit: Preparing to exit.
[2015.01.15-02.00.17:745][241]LogExit: Game engine shut down
[2015.01.15-02.00.17:745][241]LogParticles: Destroying 0 GPU particle simulations for FXSystem 0x000000B1C7FC85E0
[2015.01.15-02.00.17:768][241]LogExit: Object subsystem successfully closed.
[2015.01.15-02.00.17:800][241]LogModuleManager: Shutting down and abandoning module AndroidDeviceDetection (102)
[2015.01.15-02.00.17:800][241]LogModuleManager: Shutting down and abandoning module AutomationWorker (101)
[2015.01.15-02.00.17:800][241]LogModuleManager: Shutting down and abandoning module CharacterAI (100)
[2015.01.15-02.00.17:800][241]LogModuleManager: Shutting down and abandoning module AITestSuite (99)
[2015.01.15-02.00.17:800][241]LogModuleManager: Shutting down and abandoning module AIModule (98)
[2015.01.15-02.00.17:800][241]LogModuleManager: Shutting down and abandoning module GameLiveStreaming (97)
[2015.01.15-02.00.17:800][241]LogModuleManager: Shutting down and abandoning module StreamingPauseRendering (96)
[2015.01.15-02.00.17:800][241]LogModuleManager: Shutting down and abandoning module HTTP (95)
[2015.01.15-02.00.17:800][241]LogModuleManager: Shutting down and abandoning module AnalyticsET (94)
[2015.01.15-02.00.17:800][241]LogModuleManager: Shutting down and abandoning module Analytics (93)
[2015.01.15-02.00.17:800][241]LogModuleManager: Shutting down and abandoning module ProfilerService (92)
[2015.01.15-02.00.17:872][241]LogModuleManager: Shutting down and abandoning module TaskGraph (91)
[2015.01.15-02.00.17:872][241]LogModuleManager: Shutting down and abandoning module GameplayDebugger (90)
[2015.01.15-02.00.17:872][241]LogModuleManager: Shutting down and abandoning module SlateRemote (89)
[2015.01.15-02.00.17:872][241]LogModuleManager: Shutting down and abandoning module CustomMeshComponent (88)
[2015.01.15-02.00.17:872][241]LogModuleManager: Shutting down and abandoning module CableComponent (87)
[2015.01.15-02.00.17:872][241]LogModuleManager: Shutting down and abandoning module DesktopPlatform (86)
[2015.01.15-02.00.17:872][241]LogModuleManager: Shutting down and abandoning module DirectoryWatcher (85)
[2015.01.15-02.00.17:872][241]LogModuleManager: Shutting down and abandoning module HotReload (84)
[2015.01.15-02.00.17:872][241]LogModuleManager: Shutting down and abandoning module VisualStudioSourceCodeAccess (83)
[2015.01.15-02.00.17:872][241]LogModuleManager: Shutting down and abandoning module UObjectPlugin (82)
[2015.01.15-02.00.17:872][241]LogModuleManager: Shutting down and abandoning module SubversionSourceControl (81)
[2015.01.15-02.00.17:872][241]LogModuleManager: Shutting down and abandoning module SourceControl (80)
[2015.01.15-02.00.17:872][241]LogModuleManager: Shutting down and abandoning module PerforceSourceControl (79)
[2015.01.15-02.00.17:872][241]LogModuleManager: Shutting down and abandoning module BlankPlugin (78)
[2015.01.15-02.00.17:872][241]LogModuleManager: Shutting down and abandoning module ScriptPlugin (77)
[2015.01.15-02.00.17:872][241]LogModuleManager: Shutting down and abandoning module UdpMessaging (76)
[2015.01.15-02.00.17:872][241]LogModuleManager: Shutting down and abandoning module Paper2D (75)
[2015.01.15-02.00.17:872][241]LogModuleManager: Shutting down and abandoning module UE4Game (74)
[2015.01.15-02.00.17:872][241]LogModuleManager: Shutting down and abandoning module WindowsMoviePlayer (73)
[2015.01.15-02.00.17:874][241]LogModuleManager: Shutting down and abandoning module Media (72)
[2015.01.15-02.00.17:874][241]LogModuleManager: Shutting down and abandoning module WmfMedia (71)
[2015.01.15-02.00.17:874][241]LogModuleManager: Shutting down and abandoning module OnlineBlueprintSupport (70)
[2015.01.15-02.00.17:874][241]LogModuleManager: Shutting down and abandoning module PropertyEditor (69)
[2015.01.15-02.00.17:874][241]LogModuleManager: Shutting down and abandoning module BehaviorTreeEditor (68)
[2015.01.15-02.00.17:874][241]LogModuleManager: Shutting down and abandoning module FunctionalTesting (67)
[2015.01.15-02.00.17:874][241]LogModuleManager: Shutting down and abandoning module CollisionAnalyzer (66)
[2015.01.15-02.00.17:874][241]LogModuleManager: Shutting down and abandoning module WorkspaceMenuStructure (65)
[2015.01.15-02.00.17:874][241]LogModuleManager: Shutting down and abandoning module MessageLog (64)
[2015.01.15-02.00.17:874][241]LogModuleManager: Shutting down and abandoning module Sequencer (63)
[2015.01.15-02.00.17:874][241]LogModuleManager: Shutting down and abandoning module AssetTools (62)
[2015.01.15-02.00.17:874][241]LogModuleManager: Shutting down and abandoning module UMGEditor (61)
[2015.01.15-02.00.17:874][241]LogModuleManager: Shutting down and abandoning module UMG (60)
[2015.01.15-02.00.17:874][241]LogModuleManager: Shutting down and abandoning module Slate (59)
[2015.01.15-02.00.17:874][241]LogModuleManager: Shutting down and abandoning module EditorStyle (58)
[2015.01.15-02.00.17:877][241]LogModuleManager: Shutting down and abandoning module SessionServices (57)
[2015.01.15-02.00.17:877][241]LogModuleManager: Shutting down and abandoning module SourceCodeAccess (56)
[2015.01.15-02.00.17:877][241]LogModuleManager: Shutting down and abandoning module HeadMountedDisplay (55)
[2015.01.15-02.00.17:877][241]LogModuleManager: Shutting down and abandoning module XAudio2 (54)
[2015.01.15-02.00.17:877][241]LogModuleManager: Shutting down and abandoning module Networking (52)
[2015.01.15-02.00.17:877][241]LogModuleManager: Shutting down and abandoning module Core (51)
[2015.01.15-02.00.17:877][241]LogModuleManager: Shutting down and abandoning module KismetCompiler (50)
[2015.01.15-02.00.17:877][241]LogModuleManager: Shutting down and abandoning module PhysXFormats (49)
[2015.01.15-02.00.17:877][241]LogModuleManager: Shutting down and abandoning module MeshUtilities (48)
[2015.01.15-02.00.17:877][241]LogModuleManager: Shutting down and abandoning module DerivedDataCache (47)
[2015.01.15-02.00.18:130][241]LogDerivedDataCache: Shutdown
[2015.01.15-02.00.18:130][241]LogModuleManager: Shutting down and abandoning module ShaderFormatOpenGL (46)
[2015.01.15-02.00.18:130][241]LogModuleManager: Shutting down and abandoning module ShaderFormatD3D (45)
[2015.01.15-02.00.18:130][241]LogModuleManager: Shutting down and abandoning module MetalShaderFormat (44)
[2015.01.15-02.00.18:130][241]LogModuleManager: Shutting down and abandoning module TextureFormatUncompressed (43)
[2015.01.15-02.00.18:130][241]LogModuleManager: Shutting down and abandoning module TextureFormatPVR (42)
[2015.01.15-02.00.18:130][241]LogModuleManager: Shutting down and abandoning module TextureFormatDXT (41)
[2015.01.15-02.00.18:130][241]LogModuleManager: Shutting down and abandoning module TextureFormatAndroid (40)
[2015.01.15-02.00.18:130][241]LogModuleManager: Shutting down and abandoning module AudioFormatOpus (39)
[2015.01.15-02.00.18:130][241]LogModuleManager: Shutting down and abandoning module AudioFormatOgg (38)
[2015.01.15-02.00.18:130][241]LogModuleManager: Shutting down and abandoning module AudioFormatADPCM (37)
[2015.01.15-02.00.18:130][241]LogModuleManager: Shutting down and abandoning module LinuxTargetPlatform (36)
[2015.01.15-02.00.18:130][241]LogModuleManager: Shutting down and abandoning module LinuxServerTargetPlatform (35)
[2015.01.15-02.00.18:130][241]LogModuleManager: Shutting down and abandoning module LinuxNoEditorTargetPlatform (34)
[2015.01.15-02.00.18:130][241]LogModuleManager: Shutting down and abandoning module Messaging (33)
[2015.01.15-02.00.18:130][241]LogModuleManager: Shutting down and abandoning module IOSTargetPlatform (32)
[2015.01.15-02.00.18:130][241]LogModuleManager: Shutting down and abandoning module Android_PVRTCTargetPlatform (31)
[2015.01.15-02.00.18:130][241]LogModuleManager: Shutting down and abandoning module Android_ETC2TargetPlatform (30)
[2015.01.15-02.00.18:130][241]LogModuleManager: Shutting down and abandoning module Android_ETC1TargetPlatform (29)
[2015.01.15-02.00.18:130][241]LogModuleManager: Shutting down and abandoning module Android_DXTTargetPlatform (28)
[2015.01.15-02.00.18:130][241]LogModuleManager: Shutting down and abandoning module Android_ATCTargetPlatform (27)
[2015.01.15-02.00.18:130][241]LogModuleManager: Shutting down and abandoning module AndroidTargetPlatform (26)
[2015.01.15-02.00.18:130][241]LogModuleManager: Shutting down and abandoning module WindowsTargetPlatform (25)
[2015.01.15-02.00.18:130][241]LogModuleManager: Shutting down and abandoning module WindowsServerTargetPlatform (24)
[2015.01.15-02.00.18:130][241]LogModuleManager: Shutting down and abandoning module WindowsNoEditorTargetPlatform (23)
[2015.01.15-02.00.18:130][241]LogModuleManager: Shutting down and abandoning module WindowsClientTargetPlatform (22)
[2015.01.15-02.00.18:130][241]LogModuleManager: Shutting down and abandoning module TargetPlatform (21)
[2015.01.15-02.00.18:130][241]LogModuleManager: Shutting down and abandoning module InputCore (20)
[2015.01.15-02.00.18:130][241]LogModuleManager: Shutting down and abandoning module Settings (19)
[2015.01.15-02.00.18:130][241]LogModuleManager: Shutting down and abandoning module ImageWrapper (18)
[2015.01.15-02.00.18:130][241]LogModuleManager: Shutting down and abandoning module OculusRift (15)
[2015.01.15-02.00.18:130][241]LogModuleManager: Shutting down and abandoning module ExampleDeviceProfileSelector (14)
[2015.01.15-02.00.18:130][241]LogModuleManager: Shutting down and abandoning module TextureCompressor (13)
[2015.01.15-02.00.18:130][241]LogModuleManager: Shutting down and abandoning module ShaderCore (12)
[2015.01.15-02.00.18:130][241]LogModuleManager: Shutting down and abandoning module Landscape (11)
[2015.01.15-02.00.18:130][241]LogModuleManager: Shutting down and abandoning module SlateRHIRenderer (10)
[2015.01.15-02.00.18:131][241]LogModuleManager: Shutting down and abandoning module OpenGLDrv (9)
[2015.01.15-02.00.18:131][241]LogModuleManager: Shutting down and abandoning module D3D11RHI (8)
[2015.01.15-02.00.18:131][241]LogModuleManager: Shutting down and abandoning module Renderer (7)
[2015.01.15-02.00.18:131][241]LogModuleManager: Shutting down and abandoning module Engine (6)
[2015.01.15-02.00.18:131][241]LogModuleManager: Shutting down and abandoning module CoreUObject (5)
[2015.01.15-02.00.18:131][241]LogModuleManager: Shutting down and abandoning module NetworkFile (4)
[2015.01.15-02.00.18:131][241]LogModuleManager: Shutting down and abandoning module StreamingFile (3)
[2015.01.15-02.00.18:131][241]LogModuleManager: Shutting down and abandoning module SandboxFile (2)
[2015.01.15-02.00.18:131][241]LogModuleManager: Shutting down and abandoning module PakFile (1)
[2015.01.15-02.00.18:132][241]LogExit: Exiting.
[2015.01.15-02.00.18:133][241]Log file closed, 01/14/15 18:00:18
