Log file open, 01/14/15 15:34:21
LogInit:Display: Running engine for game: BZS_Template
LogInit: Version: 4.6.1-2386410+++depot+UE4-Releases+4.6
LogInit: API Version: 2369412
LogInit: Compiled (64-bit): Dec 11 2014 21:31:39
LogInit: Compiled with Visual C++: 18.00.21005.01
LogInit: Build Configuration: Development
LogInit: Branch Name: ++depot+UE4-Releases+4.6
LogInit: Command line:  
LogInit: Base directory: C:/Program Files/Epic Games/4.6/Engine/Binaries/Win64/
LogInit: Rocket: 1
[2015.01.14-23.34.21:182][  0]LogTaskGraph: Started task graph with 3 named threads and 6 total threads.
[2015.01.14-23.34.21:233][  0]LogOnline:Warning: No default platform service specified for OnlineSubsystem
[2015.01.14-23.34.21:265][  0]LogInit: Presizing for 0 objects not considered by GC, pre-allocating 0 bytes.
[2015.01.14-23.34.21:273][  0]LogInit: Object subsystem initialized
[2015.01.14-23.34.21:274][  0]LogConsoleResponse:Warning: Skipping Unknown console variable: 'UIScaleRule = ShortestSide'
[2015.01.14-23.34.21:274][  0]LogConsoleResponse:Warning:   Found in ini file 'C:/Users/Stevo/Desktop/BZS_Template/Saved/Config/Windows/Engine.ini', in section '[/Script/Engine.RendererSettings]'
[2015.01.14-23.34.21:274][  0]LogConsoleResponse:Warning: Skipping Unknown console variable: 'UIScaleCurve = (EditorCurveData=(Keys=),ExternalCurve=None)'
[2015.01.14-23.34.21:274][  0]LogConsoleResponse:Warning:   Found in ini file 'C:/Users/Stevo/Desktop/BZS_Template/Saved/Config/Windows/Engine.ini', in section '[/Script/Engine.RendererSettings]'
[2015.01.14-23.34.21:274][  0]LogConsoleManager:Warning: Console variable 'r.MSAA.CompositingSampleCount' wasn't set (Priority ProjectSetting < Scalability)
[2015.01.14-23.34.21:274][  0]LogInit: Selected Device Profile: [Windows]
[2015.01.14-23.34.21:274][  0]LogInit: Applying CVar settings loaded from the selected device profile: [Windows]
[2015.01.14-23.34.21:279][  0]LogInit: Computer: STEVO-PC
[2015.01.14-23.34.21:279][  0]LogInit: User: Stevo
[2015.01.14-23.34.21:279][  0]LogInit: CPU Page size=4096, Cores=4
[2015.01.14-23.34.21:279][  0]LogInit: High frequency timer resolution =3.323579 MHz
[2015.01.14-23.34.21:279][  0]LogMemory: Memory total: Physical=8.0GB (8GB approx) Virtual=131072.0GB
[2015.01.14-23.34.21:279][  0]LogMemory: Platform Memory Stats for Windows
[2015.01.14-23.34.21:279][  0]LogMemory: Process Physical Memory: 49.14 MB used, 49.14 MB peak
[2015.01.14-23.34.21:279][  0]LogMemory: Process Virtual Memory: 25.09 MB used, 25.09 MB peak
[2015.01.14-23.34.21:279][  0]LogMemory: Physical Memory: 2496.63 MB used, 8153.19 MB total
[2015.01.14-23.34.21:279][  0]LogMemory: Virtual Memory: 271.26 MB used, 134217728.00 MB total
[2015.01.14-23.34.21:304][  0]LogD3D11RHI: Found D3D11 adapter 0: NVIDIA GeForce GTX 760 (Feature Level 11_0)
[2015.01.14-23.34.21:304][  0]LogD3D11RHI: Adapter has 1985MB of dedicated video memory, 0MB of dedicated system memory, and 2048MB of shared system memory, 2 output[s]
[2015.01.14-23.34.21:305][  0]LogD3D11RHI: Found D3D11 adapter 1: Microsoft Basic Render Driver (Feature Level 11_0)
[2015.01.14-23.34.21:305][  0]LogD3D11RHI: Adapter has 0MB of dedicated video memory, 0MB of dedicated system memory, and 256MB of shared system memory, 0 output[s]
[2015.01.14-23.34.21:305][  0]LogD3D11RHI: Chosen D3D11 Adapter Id = 0
[2015.01.14-23.34.21:307][  0]LogRHI: Texture pool is 1361 MB (70% of 1945 MB)
[2015.01.14-23.34.21:315][  0]LogD3D11RHI: Async texture creation enabled
[2015.01.14-23.34.21:369][  0]LogTextLocalizationManager: The requested culture ('en_US') has no localization data; parent culture's ('en') localization data will be used.
[2015.01.14-23.34.21:489][  0]LogContentStreaming: Texture pool size is 0.000000MB
[2015.01.14-23.34.26:319][  0]LogTargetPlatformManager:Display: Building Assets For Windows
[2015.01.14-23.34.26:709][  0]LogTargetPlatformManager:Display: Building Assets For Windows
[2015.01.14-23.34.26:755][  0]LogDerivedDataCache:Display: Max Cache Size: 512 MB
[2015.01.14-23.34.26:791][  0]LogDerivedDataCache: Loaded boot cache 0.04s 39MB C:/Users/Stevo/AppData/Local/UnrealEngine/4.6/DerivedDataCache/Boot.ddc.
[2015.01.14-23.34.26:791][  0]LogDerivedDataCache:Display: Loaded Boot cache: C:/Users/Stevo/AppData/Local/UnrealEngine/4.6/DerivedDataCache/Boot.ddc
[2015.01.14-23.34.26:791][  0]LogDerivedDataCache: FDerivedDataBackendGraph:  Pak pak cache file ../../../../../../Users/Stevo/Desktop/BZS_Template/DerivedDataCache/DDC.ddp not found, will not use a pak cache.
[2015.01.14-23.34.26:791][  0]LogDerivedDataCache: Unable to find inner node Pak for hierarchical cache Hierarchy.
[2015.01.14-23.34.26:853][  0]LogDerivedDataCache:Display: Pak cache opened for reading ../../../Engine/DerivedDataCache/DDC.ddp.
[2015.01.14-23.34.26:865][  0]LogDerivedDataCache: Using Local data cache path C:/Users/Stevo/AppData/Local/UnrealEngine/Common/DerivedDataCache: Writable
[2015.01.14-23.34.26:982][  0]LogCollisionProfile:Warning: Profile (UI) - Custom Channel Name = 'Weapon' hasn't been found
[2015.01.14-23.34.27:115][  0]LogMeshUtilities: No automatic mesh reduction module available
[2015.01.14-23.34.27:115][  0]LogMeshUtilities: No automatic mesh merging module available
[2015.01.14-23.34.27:452][  0]LogInit: WinSock: version 1.1 (2.2), MaxSocks=32767, MaxUdp=65467
[2015.01.14-23.34.27:503][  0]LogSlate:Warning: Failed to load font data from '../../../Engine/Content/Slate/Fonts/Roboto-Italic.ttf'
[2015.01.14-23.34.28:189][  0]UdpMessaging: Initializing bridge on interface 0.0.0.0:0 to multicast group 230.0.0.1:6666.
[2015.01.14-23.34.28:347][  0]LogDirectoryWatcher:Warning: Failed to begin reading directory changes for C:/Users/Stevo/Desktop/BZS_Template/Binaries/Win64. Error: 0
[2015.01.14-23.34.28:489][  0]SourceControl: Info Source control is disabled
[2015.01.14-23.34.28:490][  0]SourceControl: Info Source control is disabled
[2015.01.14-23.34.28:496][  0]SourceControl: Info Source control is disabled
[2015.01.14-23.34.28:606][  0]LogObj: 23754 objects as part of root set at end of initial load.
[2015.01.14-23.34.28:606][  0]LogUObjectAllocator: 5168128 out of 0 bytes used by permanent object pool.
[2015.01.14-23.34.28:658][  0]LogEngine: Initializing Engine...
[2015.01.14-23.34.28:797][  0]LogInit: XAudio2 using 'Speakers (2- C-Media USB Audio Device   )' : 2 channels at 44.1 kHz using 16 bits per sample (channel mask 0x3)
[2015.01.14-23.34.28:809][  0]LogInit: FAudioDevice initialized.
[2015.01.14-23.34.28:826][  0]LogAIModule: Creating AISystem for world NewWorld
[2015.01.14-23.34.28:850][  0]LogDerivedDataCache: Saved boot cache 0.02s 39MB C:/Users/Stevo/AppData/Local/UnrealEngine/4.6/DerivedDataCache/Boot.ddc.
[2015.01.14-23.34.28:855][  0]LogInit: Texture streaming: Enabled
[2015.01.14-23.34.28:879][  0]LogAnalytics: Creating configured Analytics provider AnalyticsET
[2015.01.14-23.34.28:879][  0]LogAnalytics: ET APIKey = Rocket.Release. APIServer = http://et2.epicgames.com/ET2/. AppVersion = 4.6.1-2386410+++depot+UE4-Releases+4.6
[2015.01.14-23.34.28:880][  0]LogAnalytics: SetUserId 5a045227e89f0642cba4625644d0354a
[2015.01.14-23.34.28:880][  0]LogAnalytics: AnalyticsET::StartSession [Rocket.Release]
[2015.01.14-23.34.28:892][  0]LogInit: Transaction tracking system initialized
[2015.01.14-23.34.28:975][  0]BlueprintLog: New page: Editor Load
[2015.01.14-23.34.29:002][  0]LogAssetRegistry: FAssetRegistry took 0.0107 seconds to start up
[2015.01.14-23.34.29:002][  0]LogDirectoryWatcher:Warning: Failed to begin reading directory changes for ../../../Engine/Plugins/Experimental/CharacterAI/Content/. Error: 0
[2015.01.14-23.34.29:479][  0]LogTargetPlatformManager:Display: Building Assets For Windows
[2015.01.14-23.34.29:790][  0]LogTargetPlatformManager:Display: Building Assets For Windows
[2015.01.14-23.34.29:931][  0]LogConsoleResponse:Display: 
[2015.01.14-23.34.29:971][  0]LogLinker:Warning: Asset '../../../Engine/Content/Functions/Engine_MaterialFunctions03/Procedurals/ComputeFilterWidth.uasset' has been saved with empty engine version. The asset will be loaded but may be incompatible.
[2015.01.14-23.34.30:131][  0]SourceControl: Info Source control is disabled
[2015.01.14-23.34.30:131][  0]Cmd: MAP LOAD FILE="../../../../../../Users/Stevo/Desktop/BZS_Template/Content/Maps/Example_Map.umap" TEMPLATE=0 SHOWPROGRESS=1
[2015.01.14-23.34.30:131][  0]LightingResults: New page: Lighting Build
[2015.01.14-23.34.30:139][  0]MapCheck: New page: Map Check
[2015.01.14-23.34.30:139][  0]LightingResults: New page: Lighting Build
[2015.01.14-23.34.30:145][  0]LogParticles: Destroying 0 GPU particle simulations for FXSystem 0x0000000C6F0F3E20
[2015.01.14-23.34.30:445][  0]LogEditorServer: Finished looking for orphan Actors (0.000 secs)
[2015.01.14-23.34.30:446][  0]LogAIModule: Creating AISystem for world Example_Map
[2015.01.14-23.34.30:446][  0]Cmd: MAP CHECKDEP
[2015.01.14-23.34.30:446][  0]MapCheck: New page: Example_Map - Jan 14, 2015, 7:34:30 AM
[2015.01.14-23.34.30:519][  0]MapCheck: Info Map check complete: 0 Error(s), 0 Warning(s), took 72.911ms to complete.
[2015.01.14-23.34.30:519][  0]LogFileHelpers: Loading map 'Example_Map' took 0.389
[2015.01.14-23.34.30:613][  0]LogCollectionManager: Loaded 0 collections in 0.000956 seconds
[2015.01.14-23.34.30:707][  0]LogCrashTracker: Crashtracker disabled due to settings.
[2015.01.14-23.34.30:714][  0]LogUObjectGlobals:Warning: Failed to find object 'Class None.'
[2015.01.14-23.34.30:740][  0]LogLoad: Full Startup: 10.38 seconds (BP compile: 0.04 seconds)
[2015.01.14-23.34.31:086][  0]LogContentBrowser:Verbose: The content browser source was changed by the sources view to '/Game/Blueprints'
[2015.01.14-23.34.31:219][  0]LogRenderer:Warning: Reallocating scene render targets to support 1136x904.
[2015.01.14-23.34.32:080][  3]LogAssetRegistry: Asset discovery search completed in 3.0900 seconds
[2015.01.14-23.35.51:620][373]LogContentBrowser:Verbose: The content browser source was changed by the sources view to '/Game/UMD'
[2015.01.14-23.35.52:538][450]LogLinker:Warning: Asset '../../../../../../Users/Stevo/Desktop/BZS_Template/Content/Blueprints/MyProjectile.uasset' has been saved with empty engine version. The asset will be loaded but may be incompatible.
[2015.01.14-23.35.52:762][450]LogAnimation:Warning: UAnimMontage::PostLoad: The actual sequence length for montage FPP_Fire_Montage does not match the length stored in the asset, please resave the montage asset.
[2015.01.14-23.36.01:373][108]LogContentBrowser:Verbose: The content browser source was changed by the sources view to '/Game/Character'
[2015.01.14-23.36.02:472][218]LogContentBrowser:Verbose: The content browser source was changed by the sources view to '/Game/Blueprints'
[2015.01.14-23.36.03:321][275]LogPropertyNode:Warning: UI Min (0.001) >= UI Max () for Ranged Numeric
[2015.01.14-23.36.03:324][275]LogPropertyNode:Warning: UI Min (0.001) >= UI Max () for Ranged Numeric
[2015.01.14-23.36.03:373][275]LogPropertyNode:Warning: UI Min (0.001) >= UI Max () for Ranged Numeric
[2015.01.14-23.36.03:374][275]LogPropertyNode:Warning: UI Min (0.001) >= UI Max () for Ranged Numeric
[2015.01.14-23.36.09:208][512]LogPropertyNode:Warning: UI Min (0.001) >= UI Max () for Ranged Numeric
[2015.01.14-23.36.09:209][512]LogPropertyNode:Warning: UI Min (0.001) >= UI Max () for Ranged Numeric
[2015.01.14-23.36.09:229][512]LogActorComponent: UnregisterComponent: (/Engine/Transient.ProjectileMovementComponent_0) Not registered. Aborting.
[2015.01.14-23.36.09:229][512]LogActorComponent: UnregisterComponent: (/Engine/Transient.CharacterMovementComponent_0) Not registered. Aborting.
[2015.01.14-23.36.13:125][677]LogPropertyNode:Warning: UI Min (0.001) >= UI Max () for Ranged Numeric
[2015.01.14-23.36.13:126][677]LogPropertyNode:Warning: UI Min (0.001) >= UI Max () for Ranged Numeric
[2015.01.14-23.36.13:145][677]LogActorComponent: UnregisterComponent: (/Engine/Transient.CharacterMovementComponent_1) Not registered. Aborting.
[2015.01.14-23.36.14:743][742]BlueprintLog: New page: Compile MyCharacter
[2015.01.14-23.36.14:805][742]LogPropertyNode:Warning: UI Min (0.001) >= UI Max () for Ranged Numeric
[2015.01.14-23.36.14:806][742]LogPropertyNode:Warning: UI Min (0.001) >= UI Max () for Ranged Numeric
[2015.01.14-23.36.14:866][742]LogActorComponent: UnregisterComponent: (/Engine/Transient.CharacterMovementComponent_2) Not registered. Aborting.
[2015.01.14-23.36.14:950][742]LogPropertyNode:Warning: UI Min (0.001) >= UI Max () for Ranged Numeric
[2015.01.14-23.36.14:950][742]LogPropertyNode:Warning: UI Min (0.001) >= UI Max () for Ranged Numeric
[2015.01.14-23.36.14:986][742]BlueprintEditorCompileResults: Info [0114.63] Compile of MyCharacter successful! [in 219 ms]
[2015.01.14-23.36.15:727][764]Cmd: OBJ SAVEPACKAGE PACKAGE="/Game/Blueprints/MyCharacter" FILE="../../../../../../Users/Stevo/Desktop/BZS_Template/Content/Blueprints/MyCharacter.uasset" SILENT=true
[2015.01.14-23.36.16:054][764]LogSavePackage: Save=312.735168ms
[2015.01.14-23.36.16:054][764]LogSavePackage: Moving '../../../../../../Users/Stevo/Desktop/BZS_Template/Saved/MyCharacterE032AF1946A56761090D7494D3274BFC.tmp' to '../../../../../../Users/Stevo/Desktop/BZS_Template/Content/Blueprints/MyCharacter.uasset'
[2015.01.14-23.36.19:694][984]BlueprintLog: New page: Pre-PIE auto-recompile
[2015.01.14-23.36.19:697][984]LogPlayLevel: [PIE] Compiling Tutorial_BP_MacroLib before PIE...
[2015.01.14-23.36.19:733][984]LogPlayLevel: [PIE] Compiling MainMenu before PIE...
[2015.01.14-23.36.19:827][984]LogPropertyNode:Warning: UI Min (0.001) >= UI Max () for Ranged Numeric
[2015.01.14-23.36.19:828][984]LogPropertyNode:Warning: UI Min (0.001) >= UI Max () for Ranged Numeric
[2015.01.14-23.36.19:849][984]LogActorComponent: UnregisterComponent: (/Engine/Transient.CharacterMovementComponent_3) Not registered. Aborting.
[2015.01.14-23.36.19:863][984]LogPlayLevel: [PIE] Compiling PauseMenu before PIE...
[2015.01.14-23.36.19:949][984]LogPropertyNode:Warning: UI Min (0.001) >= UI Max () for Ranged Numeric
[2015.01.14-23.36.19:949][984]LogPropertyNode:Warning: UI Min (0.001) >= UI Max () for Ranged Numeric
[2015.01.14-23.36.20:015][984]LogPropertyNode:Warning: UI Min (0.001) >= UI Max () for Ranged Numeric
[2015.01.14-23.36.20:016][984]LogPropertyNode:Warning: UI Min (0.001) >= UI Max () for Ranged Numeric
[2015.01.14-23.36.20:040][984]LogPlayLevel: [PIE] Compiling MyCharacter before PIE...
[2015.01.14-23.36.20:103][984]LogPropertyNode:Warning: UI Min (0.001) >= UI Max () for Ranged Numeric
[2015.01.14-23.36.20:104][984]LogPropertyNode:Warning: UI Min (0.001) >= UI Max () for Ranged Numeric
[2015.01.14-23.36.20:193][984]LogPropertyNode:Warning: UI Min (0.001) >= UI Max () for Ranged Numeric
[2015.01.14-23.36.20:194][984]LogPropertyNode:Warning: UI Min (0.001) >= UI Max () for Ranged Numeric
[2015.01.14-23.36.20:252][984]LogPlayLevel: PIE:  Blueprint regeneration took 558 ms (4 blueprints)
[2015.01.14-23.36.20:252][984]PIE: New page: PIE session: Example_Map (Jan 14, 2015, 7:36:20 AM)
[2015.01.14-23.36.20:277][984]LogPlayLevel: PIE: StaticDuplicateObject took: (0.024285s)
[2015.01.14-23.36.20:278][984]LogPlayLevel: PIE: World Init took: (0.000842s)
[2015.01.14-23.36.20:278][984]LogPlayLevel: PIE: Created PIE world by copying editor world from /Game/Maps/Example_Map.Example_Map to /Game/Maps/UEDPIE_0_Example_Map.Example_Map (0.025349s)
[2015.01.14-23.36.20:369][984]BlueprintLog:Warning: Warning Blueprint MyGame has been migrated and requires re-saving to avoid import errors
[2015.01.14-23.36.20:372][984]LogWorld: Game class is 'MyGame_C'
[2015.01.14-23.36.20:374][984]LogAIModule: Creating AISystem for world Example_Map
[2015.01.14-23.36.20:375][984]LogWorld: Bringing World /Game/Maps/UEDPIE_0_Example_Map.Example_Map up for play (max tick rate 0) at 2015.01.14-15.36.20
[2015.01.14-23.36.20:376][984]LogWorld: Bringing up level for play took: 0.001543
[2015.01.14-23.36.20:378][984]PIE: Info Play in editor start time for /Game/Maps/UEDPIE_0_Example_Map 1.201
[2015.01.14-23.36.27:250][739]LogActorComponent: UnregisterComponent: (/Engine/Transient.CharacterMovementComponent_4) Not registered. Aborting.
[2015.01.14-23.36.27:283][740]LogParticles: Destroying 0 GPU particle simulations for FXSystem 0x0000000C0107A340
[2015.01.14-23.36.30:046][901]LogPropertyNode:Warning: UI Min (0.001) >= UI Max () for Ranged Numeric
[2015.01.14-23.36.30:047][901]LogPropertyNode:Warning: UI Min (0.001) >= UI Max () for Ranged Numeric
[2015.01.14-23.36.30:068][901]LogActorComponent: UnregisterComponent: (/Engine/Transient.ProjectileMovementComponent_1) Not registered. Aborting.
[2015.01.14-23.36.30:068][901]LogActorComponent: UnregisterComponent: (/Engine/Transient.CharacterMovementComponent_5) Not registered. Aborting.
[2015.01.14-23.36.30:124][901]LogPropertyNode:Warning: UI Min (0.001) >= UI Max () for Ranged Numeric
[2015.01.14-23.36.30:125][901]LogPropertyNode:Warning: UI Min (0.001) >= UI Max () for Ranged Numeric
[2015.01.14-23.36.31:943][956]LogPropertyNode:Warning: UI Min (0.001) >= UI Max () for Ranged Numeric
[2015.01.14-23.36.31:944][956]LogPropertyNode:Warning: UI Min (0.001) >= UI Max () for Ranged Numeric
[2015.01.14-23.36.31:965][956]LogActorComponent: UnregisterComponent: (/Engine/Transient.CharacterMovementComponent_6) Not registered. Aborting.
[2015.01.14-23.36.32:023][956]LogPropertyNode:Warning: UI Min (0.001) >= UI Max () for Ranged Numeric
[2015.01.14-23.36.32:024][956]LogPropertyNode:Warning: UI Min (0.001) >= UI Max () for Ranged Numeric
[2015.01.14-23.36.32:919][985]BlueprintLog: New page: Compile MyCharacter
[2015.01.14-23.36.32:981][985]LogPropertyNode:Warning: UI Min (0.001) >= UI Max () for Ranged Numeric
[2015.01.14-23.36.32:982][985]LogPropertyNode:Warning: UI Min (0.001) >= UI Max () for Ranged Numeric
[2015.01.14-23.36.33:033][985]LogActorComponent: UnregisterComponent: (/Engine/Transient.CharacterMovementComponent_7) Not registered. Aborting.
[2015.01.14-23.36.33:106][985]LogPropertyNode:Warning: UI Min (0.001) >= UI Max () for Ranged Numeric
[2015.01.14-23.36.33:107][985]LogPropertyNode:Warning: UI Min (0.001) >= UI Max () for Ranged Numeric
[2015.01.14-23.36.33:142][985]BlueprintEditorCompileResults: Info [0132.79] Compile of MyCharacter successful! [in 199 ms]
[2015.01.14-23.36.34:028][ 14]Cmd: OBJ SAVEPACKAGE PACKAGE="/Game/Blueprints/MyCharacter" FILE="../../../../../../Users/Stevo/Desktop/BZS_Template/Content/Blueprints/MyCharacter.uasset" SILENT=true
[2015.01.14-23.36.34:350][ 14]LogSavePackage: Save=311.226227ms
[2015.01.14-23.36.34:350][ 14]LogSavePackage: Moving '../../../../../../Users/Stevo/Desktop/BZS_Template/Saved/MyCharacterFB7A958C40701D18EE21F6A86CFE1F42.tmp' to '../../../../../../Users/Stevo/Desktop/BZS_Template/Content/Blueprints/MyCharacter.uasset'
[2015.01.14-23.37.21:098][910]Cmd: OBJ SAVEPACKAGE PACKAGE="/Game/Maps/Example_Map" FILE="../../../../../../Users/Stevo/Desktop/BZS_Template/Content/Maps/Example_Map.umap" SILENT=true AUTOSAVING=false KEEPDIRTY=false
[2015.01.14-23.37.21:099][910]LogActorComponent: UnregisterComponent: (/Engine/Transient.CharacterMovementComponent_8) Not registered. Aborting.
[2015.01.14-23.37.21:099][910]LogActorComponent: UnregisterComponent: (/Engine/Transient.ProjectileMovementComponent_2) Not registered. Aborting.
[2015.01.14-23.37.21:234][910]LogSavePackage: Save=99.312515ms
[2015.01.14-23.37.21:234][910]LogSavePackage: Moving '../../../../../../Users/Stevo/Desktop/BZS_Template/Saved/Example_MapFA5DCC474B601EF1CE40C991CA7326CB.tmp' to '../../../../../../Users/Stevo/Desktop/BZS_Template/Content/Maps/Example_Map.umap'
[2015.01.14-23.37.22:895][ 10]Cmd: QUIT_EDITOR
[2015.01.14-23.37.23:224][ 10]LogExit: Preparing to exit.
[2015.01.14-23.37.24:411][ 10]LogExit: Editor shut down
[2015.01.14-23.37.24:412][ 10]LogExit: Transaction tracking system shut down
[2015.01.14-23.37.24:412][ 10]LogParticles: Destroying 0 GPU particle simulations for FXSystem 0x0000000C6F59FBA0
[2015.01.14-23.37.24:413][ 10]LogParticles: Destroying 0 GPU particle simulations for FXSystem 0x0000000C684331A0
[2015.01.14-23.37.24:413][ 10]LogParticles: Destroying 0 GPU particle simulations for FXSystem 0x0000000C66CCAF20
[2015.01.14-23.37.24:415][ 10]LogParticles: Destroying 0 GPU particle simulations for FXSystem 0x0000000C7E14AF20
[2015.01.14-23.37.24:415][ 10]LogParticles: Destroying 0 GPU particle simulations for FXSystem 0x0000000C7E148900
[2015.01.14-23.37.24:415][ 10]LogParticles: Destroying 0 GPU particle simulations for FXSystem 0x0000000C7E1484A0
[2015.01.14-23.37.24:415][ 10]LogParticles: Destroying 0 GPU particle simulations for FXSystem 0x0000000C6F897740
[2015.01.14-23.37.24:458][ 10]LogExit: Object subsystem successfully closed.
[2015.01.14-23.37.24:512][ 10]LogModuleManager: Shutting down and abandoning module SequencerWidgets (173)
[2015.01.14-23.37.24:512][ 10]LogModuleManager: Shutting down and abandoning module AndroidDeviceDetection (172)
[2015.01.14-23.37.24:512][ 10]LogModuleManager: Shutting down and abandoning module CrashTracker (171)
[2015.01.14-23.37.24:512][ 10]LogModuleManager: Shutting down and abandoning module SuperSearch (170)
[2015.01.14-23.37.24:512][ 10]LogModuleManager: Shutting down and abandoning module SceneOutliner (169)
[2015.01.14-23.37.24:512][ 10]LogModuleManager: Shutting down and abandoning module EditorWidgets (168)
[2015.01.14-23.37.24:512][ 10]LogModuleManager: Shutting down and abandoning module CollectionManager (167)
[2015.01.14-23.37.24:513][ 10]LogModuleManager: Shutting down and abandoning module StatsViewer (166)
[2015.01.14-23.37.24:513][ 10]LogModuleManager: Shutting down and abandoning module FoliageEdit (165)
[2015.01.14-23.37.24:513][ 10]LogModuleManager: Shutting down and abandoning module LandscapeEditor (164)
[2015.01.14-23.37.24:513][ 10]LogModuleManager: Shutting down and abandoning module MeshPaint (163)
[2015.01.14-23.37.24:513][ 10]LogModuleManager: Shutting down and abandoning module ActorPickerMode (162)
[2015.01.14-23.37.24:513][ 10]LogModuleManager: Shutting down and abandoning module GeometryMode (161)
[2015.01.14-23.37.24:513][ 10]LogModuleManager: Shutting down and abandoning module TextureAlignMode (160)
[2015.01.14-23.37.24:513][ 10]LogModuleManager: Shutting down and abandoning module BspMode (159)
[2015.01.14-23.37.24:513][ 10]LogModuleManager: Shutting down and abandoning module PlacementMode (158)
[2015.01.14-23.37.24:513][ 10]LogModuleManager: Shutting down and abandoning module AutomationWorker (157)
[2015.01.14-23.37.24:513][ 10]LogModuleManager: Shutting down and abandoning module CharacterAI (156)
[2015.01.14-23.37.24:513][ 10]LogModuleManager: Shutting down and abandoning module GameProjectGeneration (155)
[2015.01.14-23.37.24:513][ 10]LogModuleManager: Shutting down and abandoning module IntroTutorials (154)
[2015.01.14-23.37.24:513][ 10]LogModuleManager: Shutting down and abandoning module EditorLiveStreaming (153)
[2015.01.14-23.37.24:513][ 10]LogModuleManager: Shutting down and abandoning module HardwareTargeting (152)
[2015.01.14-23.37.24:513][ 10]LogModuleManager: Shutting down and abandoning module DeviceProfileEditor (151)
[2015.01.14-23.37.24:513][ 10]LogModuleManager: Shutting down and abandoning module UndoHistory (150)
[2015.01.14-23.37.24:513][ 10]LogModuleManager: Shutting down and abandoning module GameplayTagsEditor (149)
[2015.01.14-23.37.24:513][ 10]LogModuleManager: Shutting down and abandoning module UserFeedback (148)
[2015.01.14-23.37.24:513][ 10]LogModuleManager: Shutting down and abandoning module XmlParser (147)
[2015.01.14-23.37.24:513][ 10]LogModuleManager: Shutting down and abandoning module Blutility (146)
[2015.01.14-23.37.24:513][ 10]LogModuleManager: Shutting down and abandoning module IOSPlatformEditor (145)
[2015.01.14-23.37.24:513][ 10]LogModuleManager: Shutting down and abandoning module IOSRuntimeSettings (144)
[2015.01.14-23.37.24:513][ 10]LogModuleManager: Shutting down and abandoning module AndroidPlatformEditor (143)
[2015.01.14-23.37.24:513][ 10]LogModuleManager: Shutting down and abandoning module AndroidRuntimeSettings (142)
[2015.01.14-23.37.24:513][ 10]LogModuleManager: Shutting down and abandoning module ProjectTargetPlatformEditor (141)
[2015.01.14-23.37.24:513][ 10]LogModuleManager: Shutting down and abandoning module ProjectSettingsViewer (140)
[2015.01.14-23.37.24:513][ 10]LogModuleManager: Shutting down and abandoning module InputBindingEditor (139)
[2015.01.14-23.37.24:513][ 10]LogModuleManager: Shutting down and abandoning module EditorSettingsViewer (138)
[2015.01.14-23.37.24:513][ 10]LogModuleManager: Shutting down and abandoning module SettingsEditor (137)
[2015.01.14-23.37.24:513][ 10]LogModuleManager: Shutting down and abandoning module ProjectLauncher (136)
[2015.01.14-23.37.24:513][ 10]LogModuleManager: Shutting down and abandoning module SessionFrontend (135)
[2015.01.14-23.37.24:513][ 10]LogModuleManager: Shutting down and abandoning module ProfilerClient (134)
[2015.01.14-23.37.24:513][ 10]LogModuleManager: Shutting down and abandoning module TargetDeviceServices (133)
[2015.01.14-23.37.24:513][ 10]LogModuleManager: Shutting down and abandoning module DeviceManager (132)
[2015.01.14-23.37.24:513][ 10]LogModuleManager: Shutting down and abandoning module AutomationController (131)
[2015.01.14-23.37.24:513][ 10]LogModuleManager: Shutting down and abandoning module AutomationWindow (130)
[2015.01.14-23.37.24:513][ 10]LogModuleManager: Shutting down and abandoning module Layers (129)
[2015.01.14-23.37.24:514][ 10]LogModuleManager: Shutting down and abandoning module ComponentVisualizers (128)
[2015.01.14-23.37.24:514][ 10]LogModuleManager: Shutting down and abandoning module DetailCustomizations (127)
[2015.01.14-23.37.24:514][ 10]LogModuleManager: Shutting down and abandoning module PackagesDialog (126)
[2015.01.14-23.37.24:514][ 10]LogModuleManager: Shutting down and abandoning module AssetRegistry (125)
[2015.01.14-23.37.24:571][ 10]LogModuleManager: Shutting down and abandoning module Persona (124)
[2015.01.14-23.37.24:571][ 10]LogModuleManager: Shutting down and abandoning module Kismet (123)
[2015.01.14-23.37.24:571][ 10]LogModuleManager: Shutting down and abandoning module GraphEditor (122)
[2015.01.14-23.37.24:571][ 10]LogModuleManager: Shutting down and abandoning module ClassViewer (121)
[2015.01.14-23.37.24:571][ 10]LogModuleManager: Shutting down and abandoning module Toolbox (120)
[2015.01.14-23.37.24:571][ 10]LogModuleManager: Shutting down and abandoning module ModuleUI (119)
[2015.01.14-23.37.24:571][ 10]LogModuleManager: Shutting down and abandoning module MovieSceneTools (118)
[2015.01.14-23.37.24:571][ 10]LogModuleManager: Shutting down and abandoning module OutputLog (117)
[2015.01.14-23.37.24:571][ 10]LogModuleManager: Shutting down and abandoning module GammaUI (116)
[2015.01.14-23.37.24:571][ 10]LogModuleManager: Shutting down and abandoning module Documentation (115)
[2015.01.14-23.37.24:571][ 10]LogModuleManager: Shutting down and abandoning module GameLiveStreaming (114)
[2015.01.14-23.37.24:571][ 10]LogModuleManager: Shutting down and abandoning module StreamingPauseRendering (113)
[2015.01.14-23.37.24:571][ 10]LogModuleManager: Shutting down and abandoning module HTTP (112)
[2015.01.14-23.37.24:571][ 10]LogModuleManager: Shutting down and abandoning module AnalyticsET (111)
[2015.01.14-23.37.24:571][ 10]LogModuleManager: Shutting down and abandoning module Analytics (110)
[2015.01.14-23.37.24:571][ 10]LogModuleManager: Shutting down and abandoning module AITestSuite (109)
[2015.01.14-23.37.24:571][ 10]LogModuleManager: Shutting down and abandoning module AIModule (108)
[2015.01.14-23.37.24:571][ 10]LogModuleManager: Shutting down and abandoning module ProfilerService (107)
[2015.01.14-23.37.24:705][ 10]LogModuleManager: Shutting down and abandoning module TaskGraph (106)
[2015.01.14-23.37.24:705][ 10]LogModuleManager: Shutting down and abandoning module GameplayDebugger (105)
[2015.01.14-23.37.24:705][ 10]LogModuleManager: Shutting down and abandoning module SlateRemote (104)
[2015.01.14-23.37.24:705][ 10]LogModuleManager: Shutting down and abandoning module ScriptEditorPlugin (103)
[2015.01.14-23.37.24:705][ 10]LogModuleManager: Shutting down and abandoning module CustomMeshComponent (102)
[2015.01.14-23.37.24:705][ 10]LogModuleManager: Shutting down and abandoning module CableComponent (101)
[2015.01.14-23.37.24:705][ 10]LogModuleManager: Shutting down and abandoning module MessagingDebugger (100)
[2015.01.14-23.37.24:705][ 10]LogModuleManager: Shutting down and abandoning module MediaPlayerEditor (99)
[2015.01.14-23.37.24:705][ 10]LogModuleManager: Shutting down and abandoning module SpeedTreeImporter (98)
[2015.01.14-23.37.24:705][ 10]LogModuleManager: Shutting down and abandoning module PluginsEditor (97)
[2015.01.14-23.37.24:705][ 10]LogModuleManager: Shutting down and abandoning module EpicSurvey (96)
[2015.01.14-23.37.24:705][ 10]LogModuleManager: Shutting down and abandoning module DesktopPlatform (95)
[2015.01.14-23.37.24:705][ 10]LogModuleManager: Shutting down and abandoning module VisualStudioSourceCodeAccess (94)
[2015.01.14-23.37.24:705][ 10]LogModuleManager: Shutting down and abandoning module UObjectPlugin (93)
[2015.01.14-23.37.24:705][ 10]LogModuleManager: Shutting down and abandoning module SubversionSourceControl (92)
[2015.01.14-23.37.24:705][ 10]LogModuleManager: Shutting down and abandoning module SourceControl (91)
[2015.01.14-23.37.24:705][ 10]LogModuleManager: Shutting down and abandoning module PerforceSourceControl (90)
[2015.01.14-23.37.24:705][ 10]LogModuleManager: Shutting down and abandoning module BlankPlugin (89)
[2015.01.14-23.37.24:705][ 10]LogModuleManager: Shutting down and abandoning module SlateReflector (88)
[2015.01.14-23.37.24:706][ 10]LogModuleManager: Shutting down and abandoning module DirectoryWatcher (87)
[2015.01.14-23.37.24:706][ 10]LogModuleManager: Shutting down and abandoning module HotReload (86)
[2015.01.14-23.37.24:706][ 10]LogModuleManager: Shutting down and abandoning module MainFrame (85)
[2015.01.14-23.37.24:706][ 10]LogModuleManager: Shutting down and abandoning module LevelEditor (84)
[2015.01.14-23.37.24:707][ 10]LogModuleManager: Shutting down and abandoning module ViewportSnapping (83)
[2015.01.14-23.37.24:707][ 10]LogModuleManager: Shutting down and abandoning module SmartSnapping (82)
[2015.01.14-23.37.24:707][ 10]LogModuleManager: Shutting down and abandoning module PaperTiledImporter (81)
[2015.01.14-23.37.24:708][ 10]LogModuleManager: Shutting down and abandoning module PaperJsonImporter (80)
[2015.01.14-23.37.24:708][ 10]LogModuleManager: Shutting down and abandoning module ContentBrowser (79)
[2015.01.14-23.37.24:708][ 10]LogModuleManager: Shutting down and abandoning module Paper2DEditor (78)
[2015.01.14-23.37.24:708][ 10]LogModuleManager: Shutting down and abandoning module ScriptPlugin (77)
[2015.01.14-23.37.24:708][ 10]LogModuleManager: Shutting down and abandoning module UdpMessaging (76)
[2015.01.14-23.37.24:809][ 10]LogModuleManager: Shutting down and abandoning module Paper2D (75)
[2015.01.14-23.37.24:809][ 10]LogModuleManager: Shutting down and abandoning module UE4Game (74)
[2015.01.14-23.37.24:809][ 10]LogModuleManager: Shutting down and abandoning module WindowsMoviePlayer (73)
[2015.01.14-23.37.24:812][ 10]LogModuleManager: Shutting down and abandoning module Media (72)
[2015.01.14-23.37.24:812][ 10]LogModuleManager: Shutting down and abandoning module WmfMedia (71)
[2015.01.14-23.37.24:813][ 10]LogModuleManager: Shutting down and abandoning module OnlineBlueprintSupport (70)
[2015.01.14-23.37.24:813][ 10]LogModuleManager: Shutting down and abandoning module PropertyEditor (69)
[2015.01.14-23.37.24:813][ 10]LogModuleManager: Shutting down and abandoning module BehaviorTreeEditor (68)
[2015.01.14-23.37.24:813][ 10]LogModuleManager: Shutting down and abandoning module FunctionalTesting (67)
[2015.01.14-23.37.24:813][ 10]LogModuleManager: Shutting down and abandoning module CollisionAnalyzer (66)
[2015.01.14-23.37.24:813][ 10]LogModuleManager: Shutting down and abandoning module WorkspaceMenuStructure (65)
[2015.01.14-23.37.24:814][ 10]LogModuleManager: Shutting down and abandoning module MessageLog (64)
[2015.01.14-23.37.24:814][ 10]LogModuleManager: Shutting down and abandoning module Sequencer (63)
[2015.01.14-23.37.24:814][ 10]LogModuleManager: Shutting down and abandoning module AssetTools (62)
[2015.01.14-23.37.24:814][ 10]LogModuleManager: Shutting down and abandoning module UMGEditor (61)
[2015.01.14-23.37.24:814][ 10]LogModuleManager: Shutting down and abandoning module UMG (60)
[2015.01.14-23.37.24:814][ 10]LogModuleManager: Shutting down and abandoning module Slate (59)
[2015.01.14-23.37.24:814][ 10]LogModuleManager: Shutting down and abandoning module EditorStyle (58)
[2015.01.14-23.37.24:821][ 10]LogModuleManager: Shutting down and abandoning module SessionServices (57)
[2015.01.14-23.37.24:821][ 10]LogModuleManager: Shutting down and abandoning module SourceCodeAccess (56)
[2015.01.14-23.37.24:821][ 10]LogModuleManager: Shutting down and abandoning module HeadMountedDisplay (55)
[2015.01.14-23.37.24:821][ 10]LogModuleManager: Shutting down and abandoning module XAudio2 (54)
[2015.01.14-23.37.24:821][ 10]LogModuleManager: Shutting down and abandoning module Networking (52)
[2015.01.14-23.37.24:821][ 10]LogModuleManager: Shutting down and abandoning module Core (51)
[2015.01.14-23.37.24:821][ 10]LogModuleManager: Shutting down and abandoning module KismetCompiler (50)
[2015.01.14-23.37.24:821][ 10]LogModuleManager: Shutting down and abandoning module PhysXFormats (49)
[2015.01.14-23.37.24:821][ 10]LogModuleManager: Shutting down and abandoning module MeshUtilities (48)
[2015.01.14-23.37.24:821][ 10]LogModuleManager: Shutting down and abandoning module DerivedDataCache (47)
[2015.01.14-23.37.24:869][ 10]LogDerivedDataCache: Shutdown
[2015.01.14-23.37.24:869][ 10]LogModuleManager: Shutting down and abandoning module ShaderFormatOpenGL (46)
[2015.01.14-23.37.24:869][ 10]LogModuleManager: Shutting down and abandoning module ShaderFormatD3D (45)
[2015.01.14-23.37.24:869][ 10]LogModuleManager: Shutting down and abandoning module MetalShaderFormat (44)
[2015.01.14-23.37.24:869][ 10]LogModuleManager: Shutting down and abandoning module TextureFormatUncompressed (43)
[2015.01.14-23.37.24:869][ 10]LogModuleManager: Shutting down and abandoning module TextureFormatPVR (42)
[2015.01.14-23.37.24:869][ 10]LogModuleManager: Shutting down and abandoning module TextureFormatDXT (41)
[2015.01.14-23.37.24:869][ 10]LogModuleManager: Shutting down and abandoning module TextureFormatAndroid (40)
[2015.01.14-23.37.24:869][ 10]LogModuleManager: Shutting down and abandoning module AudioFormatOpus (39)
[2015.01.14-23.37.24:869][ 10]LogModuleManager: Shutting down and abandoning module AudioFormatOgg (38)
[2015.01.14-23.37.24:869][ 10]LogModuleManager: Shutting down and abandoning module AudioFormatADPCM (37)
[2015.01.14-23.37.24:869][ 10]LogModuleManager: Shutting down and abandoning module LinuxTargetPlatform (36)
[2015.01.14-23.37.24:869][ 10]LogModuleManager: Shutting down and abandoning module LinuxServerTargetPlatform (35)
[2015.01.14-23.37.24:869][ 10]LogModuleManager: Shutting down and abandoning module LinuxNoEditorTargetPlatform (34)
[2015.01.14-23.37.24:869][ 10]LogModuleManager: Shutting down and abandoning module Messaging (33)
[2015.01.14-23.37.24:869][ 10]LogModuleManager: Shutting down and abandoning module IOSTargetPlatform (32)
[2015.01.14-23.37.24:869][ 10]LogModuleManager: Shutting down and abandoning module Android_PVRTCTargetPlatform (31)
[2015.01.14-23.37.24:869][ 10]LogModuleManager: Shutting down and abandoning module Android_ETC2TargetPlatform (30)
[2015.01.14-23.37.24:869][ 10]LogModuleManager: Shutting down and abandoning module Android_ETC1TargetPlatform (29)
[2015.01.14-23.37.24:869][ 10]LogModuleManager: Shutting down and abandoning module Android_DXTTargetPlatform (28)
[2015.01.14-23.37.24:869][ 10]LogModuleManager: Shutting down and abandoning module Android_ATCTargetPlatform (27)
[2015.01.14-23.37.24:869][ 10]LogModuleManager: Shutting down and abandoning module AndroidTargetPlatform (26)
[2015.01.14-23.37.24:869][ 10]LogModuleManager: Shutting down and abandoning module WindowsTargetPlatform (25)
[2015.01.14-23.37.24:869][ 10]LogModuleManager: Shutting down and abandoning module WindowsServerTargetPlatform (24)
[2015.01.14-23.37.24:869][ 10]LogModuleManager: Shutting down and abandoning module WindowsNoEditorTargetPlatform (23)
[2015.01.14-23.37.24:869][ 10]LogModuleManager: Shutting down and abandoning module WindowsClientTargetPlatform (22)
[2015.01.14-23.37.24:869][ 10]LogModuleManager: Shutting down and abandoning module TargetPlatform (21)
[2015.01.14-23.37.24:869][ 10]LogModuleManager: Shutting down and abandoning module InputCore (20)
[2015.01.14-23.37.24:869][ 10]LogModuleManager: Shutting down and abandoning module Settings (19)
[2015.01.14-23.37.24:870][ 10]LogModuleManager: Shutting down and abandoning module ImageWrapper (18)
[2015.01.14-23.37.24:870][ 10]LogModuleManager: Shutting down and abandoning module OculusRift (15)
[2015.01.14-23.37.24:870][ 10]LogModuleManager: Shutting down and abandoning module ExampleDeviceProfileSelector (14)
[2015.01.14-23.37.24:870][ 10]LogModuleManager: Shutting down and abandoning module TextureCompressor (13)
[2015.01.14-23.37.24:870][ 10]LogModuleManager: Shutting down and abandoning module ShaderCore (12)
[2015.01.14-23.37.24:870][ 10]LogModuleManager: Shutting down and abandoning module Landscape (11)
[2015.01.14-23.37.24:870][ 10]LogModuleManager: Shutting down and abandoning module SlateRHIRenderer (10)
[2015.01.14-23.37.24:871][ 10]LogModuleManager: Shutting down and abandoning module OpenGLDrv (9)
[2015.01.14-23.37.24:871][ 10]LogModuleManager: Shutting down and abandoning module D3D11RHI (8)
[2015.01.14-23.37.24:871][ 10]LogModuleManager: Shutting down and abandoning module Renderer (7)
[2015.01.14-23.37.24:871][ 10]LogModuleManager: Shutting down and abandoning module Engine (6)
[2015.01.14-23.37.24:871][ 10]LogModuleManager: Shutting down and abandoning module CoreUObject (5)
[2015.01.14-23.37.24:871][ 10]LogModuleManager: Shutting down and abandoning module NetworkFile (4)
[2015.01.14-23.37.24:871][ 10]LogModuleManager: Shutting down and abandoning module StreamingFile (3)
[2015.01.14-23.37.24:871][ 10]LogModuleManager: Shutting down and abandoning module SandboxFile (2)
[2015.01.14-23.37.24:871][ 10]LogModuleManager: Shutting down and abandoning module PakFile (1)
[2015.01.14-23.37.24:872][ 10]LogExit: Exiting.
[2015.01.14-23.37.24:879][ 10]Log file closed, 01/14/15 15:37:24
