Log file open, 01/14/15 15:38:11
LogInit:Display: Running engine for game: BZS_Template
LogInit: Version: 4.6.1-2386410+++depot+UE4-Releases+4.6
LogInit: API Version: 2369412
LogInit: Compiled (64-bit): Dec 11 2014 21:31:39
LogInit: Compiled with Visual C++: 18.00.21005.01
LogInit: Build Configuration: Development
LogInit: Branch Name: ++depot+UE4-Releases+4.6
LogInit: Command line:  
LogInit: Base directory: C:/Program Files/Epic Games/4.6/Engine/Binaries/Win64/
LogInit: Rocket: 1
[2015.01.14-23.38.11:372][  0]LogTaskGraph: Started task graph with 3 named threads and 6 total threads.
[2015.01.14-23.38.11:423][  0]LogOnline:Warning: No default platform service specified for OnlineSubsystem
[2015.01.14-23.38.11:439][  0]LogInit: Presizing for 0 objects not considered by GC, pre-allocating 0 bytes.
[2015.01.14-23.38.11:447][  0]LogInit: Object subsystem initialized
[2015.01.14-23.38.11:448][  0]LogConsoleResponse:Warning: Skipping Unknown console variable: 'UIScaleRule = ShortestSide'
[2015.01.14-23.38.11:448][  0]LogConsoleResponse:Warning:   Found in ini file 'C:/Users/Stevo/Desktop/BZS_Template/Saved/Config/Windows/Engine.ini', in section '[/Script/Engine.RendererSettings]'
[2015.01.14-23.38.11:448][  0]LogConsoleResponse:Warning: Skipping Unknown console variable: 'UIScaleCurve = (EditorCurveData=(Keys=),ExternalCurve=None)'
[2015.01.14-23.38.11:448][  0]LogConsoleResponse:Warning:   Found in ini file 'C:/Users/Stevo/Desktop/BZS_Template/Saved/Config/Windows/Engine.ini', in section '[/Script/Engine.RendererSettings]'
[2015.01.14-23.38.11:449][  0]LogConsoleManager:Warning: Console variable 'r.MSAA.CompositingSampleCount' wasn't set (Priority ProjectSetting < Scalability)
[2015.01.14-23.38.11:449][  0]LogInit: Selected Device Profile: [Windows]
[2015.01.14-23.38.11:449][  0]LogInit: Applying CVar settings loaded from the selected device profile: [Windows]
[2015.01.14-23.38.11:453][  0]LogInit: Computer: STEVO-PC
[2015.01.14-23.38.11:453][  0]LogInit: User: Stevo
[2015.01.14-23.38.11:453][  0]LogInit: CPU Page size=4096, Cores=4
[2015.01.14-23.38.11:453][  0]LogInit: High frequency timer resolution =3.323579 MHz
[2015.01.14-23.38.11:453][  0]LogMemory: Memory total: Physical=8.0GB (8GB approx) Virtual=131072.0GB
[2015.01.14-23.38.11:454][  0]LogMemory: Platform Memory Stats for Windows
[2015.01.14-23.38.11:454][  0]LogMemory: Process Physical Memory: 49.16 MB used, 49.16 MB peak
[2015.01.14-23.38.11:454][  0]LogMemory: Process Virtual Memory: 25.09 MB used, 25.09 MB peak
[2015.01.14-23.38.11:454][  0]LogMemory: Physical Memory: 2344.57 MB used, 8153.19 MB total
[2015.01.14-23.38.11:454][  0]LogMemory: Virtual Memory: 271.26 MB used, 134217728.00 MB total
[2015.01.14-23.38.11:475][  0]LogD3D11RHI: Found D3D11 adapter 0: NVIDIA GeForce GTX 760 (Feature Level 11_0)
[2015.01.14-23.38.11:475][  0]LogD3D11RHI: Adapter has 1985MB of dedicated video memory, 0MB of dedicated system memory, and 2048MB of shared system memory, 2 output[s]
[2015.01.14-23.38.11:476][  0]LogD3D11RHI: Found D3D11 adapter 1: Microsoft Basic Render Driver (Feature Level 11_0)
[2015.01.14-23.38.11:476][  0]LogD3D11RHI: Adapter has 0MB of dedicated video memory, 0MB of dedicated system memory, and 256MB of shared system memory, 0 output[s]
[2015.01.14-23.38.11:476][  0]LogD3D11RHI: Chosen D3D11 Adapter Id = 0
[2015.01.14-23.38.11:479][  0]LogRHI: Texture pool is 1361 MB (70% of 1945 MB)
[2015.01.14-23.38.11:496][  0]LogD3D11RHI: Async texture creation enabled
[2015.01.14-23.38.11:553][  0]LogTextLocalizationManager: The requested culture ('en_US') has no localization data; parent culture's ('en') localization data will be used.
[2015.01.14-23.38.11:684][  0]LogContentStreaming: Texture pool size is 0.000000MB
[2015.01.14-23.38.16:676][  0]LogTargetPlatformManager:Display: Building Assets For Windows
[2015.01.14-23.38.17:067][  0]LogTargetPlatformManager:Display: Building Assets For Windows
[2015.01.14-23.38.17:113][  0]LogDerivedDataCache:Display: Max Cache Size: 512 MB
[2015.01.14-23.38.17:148][  0]LogDerivedDataCache: Loaded boot cache 0.03s 39MB C:/Users/Stevo/AppData/Local/UnrealEngine/4.6/DerivedDataCache/Boot.ddc.
[2015.01.14-23.38.17:148][  0]LogDerivedDataCache:Display: Loaded Boot cache: C:/Users/Stevo/AppData/Local/UnrealEngine/4.6/DerivedDataCache/Boot.ddc
[2015.01.14-23.38.17:148][  0]LogDerivedDataCache: FDerivedDataBackendGraph:  Pak pak cache file ../../../../../../Users/Stevo/Desktop/BZS_Template/DerivedDataCache/DDC.ddp not found, will not use a pak cache.
[2015.01.14-23.38.17:148][  0]LogDerivedDataCache: Unable to find inner node Pak for hierarchical cache Hierarchy.
[2015.01.14-23.38.17:209][  0]LogDerivedDataCache:Display: Pak cache opened for reading ../../../Engine/DerivedDataCache/DDC.ddp.
[2015.01.14-23.38.17:221][  0]LogDerivedDataCache: Using Local data cache path C:/Users/Stevo/AppData/Local/UnrealEngine/Common/DerivedDataCache: Writable
[2015.01.14-23.38.17:338][  0]LogCollisionProfile:Warning: Profile (UI) - Custom Channel Name = 'Weapon' hasn't been found
[2015.01.14-23.38.17:470][  0]LogMeshUtilities: No automatic mesh reduction module available
[2015.01.14-23.38.17:470][  0]LogMeshUtilities: No automatic mesh merging module available
[2015.01.14-23.38.17:830][  0]LogInit: WinSock: version 1.1 (2.2), MaxSocks=32767, MaxUdp=65467
[2015.01.14-23.38.17:896][  0]LogSlate:Warning: Failed to load font data from '../../../Engine/Content/Slate/Fonts/Roboto-Italic.ttf'
[2015.01.14-23.38.18:560][  0]UdpMessaging: Initializing bridge on interface 0.0.0.0:0 to multicast group 230.0.0.1:6666.
[2015.01.14-23.38.18:749][  0]LogDirectoryWatcher:Warning: Failed to begin reading directory changes for C:/Users/Stevo/Desktop/BZS_Template/Binaries/Win64. Error: 0
[2015.01.14-23.38.18:874][  0]SourceControl: Info Source control is disabled
[2015.01.14-23.38.18:874][  0]SourceControl: Info Source control is disabled
[2015.01.14-23.38.18:880][  0]SourceControl: Info Source control is disabled
[2015.01.14-23.38.18:978][  0]LogObj: 23754 objects as part of root set at end of initial load.
[2015.01.14-23.38.18:978][  0]LogUObjectAllocator: 5168128 out of 0 bytes used by permanent object pool.
[2015.01.14-23.38.19:027][  0]LogEngine: Initializing Engine...
[2015.01.14-23.38.19:159][  0]LogInit: XAudio2 using 'Speakers (2- C-Media USB Audio Device   )' : 2 channels at 44.1 kHz using 16 bits per sample (channel mask 0x3)
[2015.01.14-23.38.19:171][  0]LogInit: FAudioDevice initialized.
[2015.01.14-23.38.19:187][  0]LogAIModule: Creating AISystem for world NewWorld
[2015.01.14-23.38.19:208][  0]LogDerivedDataCache: Saved boot cache 0.02s 39MB C:/Users/Stevo/AppData/Local/UnrealEngine/4.6/DerivedDataCache/Boot.ddc.
[2015.01.14-23.38.19:213][  0]LogInit: Texture streaming: Enabled
[2015.01.14-23.38.19:234][  0]LogAnalytics: Creating configured Analytics provider AnalyticsET
[2015.01.14-23.38.19:234][  0]LogAnalytics: ET APIKey = Rocket.Release. APIServer = http://et2.epicgames.com/ET2/. AppVersion = 4.6.1-2386410+++depot+UE4-Releases+4.6
[2015.01.14-23.38.19:235][  0]LogAnalytics: SetUserId 5a045227e89f0642cba4625644d0354a
[2015.01.14-23.38.19:235][  0]LogAnalytics: AnalyticsET::StartSession [Rocket.Release]
[2015.01.14-23.38.19:250][  0]LogInit: Transaction tracking system initialized
[2015.01.14-23.38.19:323][  0]BlueprintLog: New page: Editor Load
[2015.01.14-23.38.19:350][  0]LogAssetRegistry: FAssetRegistry took 0.0107 seconds to start up
[2015.01.14-23.38.19:350][  0]LogDirectoryWatcher:Warning: Failed to begin reading directory changes for ../../../Engine/Plugins/Experimental/CharacterAI/Content/. Error: 0
[2015.01.14-23.38.19:769][  0]LogTargetPlatformManager:Display: Building Assets For Windows
[2015.01.14-23.38.20:075][  0]LogTargetPlatformManager:Display: Building Assets For Windows
[2015.01.14-23.38.20:219][  0]LogConsoleResponse:Display: 
[2015.01.14-23.38.20:259][  0]LogLinker:Warning: Asset '../../../Engine/Content/Functions/Engine_MaterialFunctions03/Procedurals/ComputeFilterWidth.uasset' has been saved with empty engine version. The asset will be loaded but may be incompatible.
[2015.01.14-23.38.20:420][  0]SourceControl: Info Source control is disabled
[2015.01.14-23.38.20:420][  0]Cmd: MAP LOAD FILE="../../../../../../Users/Stevo/Desktop/BZS_Template/Content/Maps/Example_Map.umap" TEMPLATE=0 SHOWPROGRESS=1
[2015.01.14-23.38.20:420][  0]LightingResults: New page: Lighting Build
[2015.01.14-23.38.20:428][  0]MapCheck: New page: Map Check
[2015.01.14-23.38.20:428][  0]LightingResults: New page: Lighting Build
[2015.01.14-23.38.20:434][  0]LogParticles: Destroying 0 GPU particle simulations for FXSystem 0x0000004AC92F9940
[2015.01.14-23.38.20:731][  0]LogEditorServer: Finished looking for orphan Actors (0.000 secs)
[2015.01.14-23.38.20:731][  0]LogAIModule: Creating AISystem for world Example_Map
[2015.01.14-23.38.20:732][  0]Cmd: MAP CHECKDEP
[2015.01.14-23.38.20:732][  0]MapCheck: New page: Example_Map - Jan 14, 2015, 7:38:20 AM
[2015.01.14-23.38.20:804][  0]MapCheck: Info Map check complete: 0 Error(s), 0 Warning(s), took 72.361ms to complete.
[2015.01.14-23.38.20:804][  0]LogFileHelpers: Loading map 'Example_Map' took 0.385
[2015.01.14-23.38.20:888][  0]LogCollectionManager: Loaded 0 collections in 0.000959 seconds
[2015.01.14-23.38.20:985][  0]LogCrashTracker: Crashtracker disabled due to settings.
[2015.01.14-23.38.20:991][  0]LogUObjectGlobals:Warning: Failed to find object 'Class None.'
[2015.01.14-23.38.21:017][  0]LogLoad: Full Startup: 10.46 seconds (BP compile: 0.05 seconds)
[2015.01.14-23.38.21:360][  0]LogContentBrowser:Verbose: The content browser source was changed by the sources view to '/Game/Blueprints'
[2015.01.14-23.38.21:489][  0]LogRenderer:Warning: Reallocating scene render targets to support 1136x904.
[2015.01.14-23.38.22:032][  2]LogAssetRegistry: Asset discovery search completed in 2.6933 seconds
[2015.01.14-23.38.32:986][210]LogLinker:Warning: Asset '../../../../../../Users/Stevo/Desktop/BZS_Template/Content/Blueprints/MyProjectile.uasset' has been saved with empty engine version. The asset will be loaded but may be incompatible.
[2015.01.14-23.38.33:213][210]LogAnimation:Warning: UAnimMontage::PostLoad: The actual sequence length for montage FPP_Fire_Montage does not match the length stored in the asset, please resave the montage asset.
[2015.01.14-23.38.33:871][210]LogPropertyNode:Warning: UI Min (0.001) >= UI Max () for Ranged Numeric
[2015.01.14-23.38.33:874][210]LogPropertyNode:Warning: UI Min (0.001) >= UI Max () for Ranged Numeric
[2015.01.14-23.38.33:926][210]LogPropertyNode:Warning: UI Min (0.001) >= UI Max () for Ranged Numeric
[2015.01.14-23.38.33:927][210]LogPropertyNode:Warning: UI Min (0.001) >= UI Max () for Ranged Numeric
[2015.01.14-23.39.19:657][424]BlueprintLog: New page: Compile MyCharacter
[2015.01.14-23.39.19:720][424]LogPropertyNode:Warning: UI Min (0.001) >= UI Max () for Ranged Numeric
[2015.01.14-23.39.19:720][424]LogPropertyNode:Warning: UI Min (0.001) >= UI Max () for Ranged Numeric
[2015.01.14-23.39.19:780][424]LogActorComponent: UnregisterComponent: (/Engine/Transient.CharacterMovementComponent_0) Not registered. Aborting.
[2015.01.14-23.39.19:780][424]LogActorComponent: UnregisterComponent: (/Engine/Transient.ProjectileMovementComponent_0) Not registered. Aborting.
[2015.01.14-23.39.19:845][424]LogPropertyNode:Warning: UI Min (0.001) >= UI Max () for Ranged Numeric
[2015.01.14-23.39.19:846][424]LogPropertyNode:Warning: UI Min (0.001) >= UI Max () for Ranged Numeric
[2015.01.14-23.39.19:873][424]BlueprintEditorCompileResults: Info [0069.32] Compile of MyCharacter successful! [in 191 ms]
[2015.01.14-23.39.20:457][444]Cmd: OBJ SAVEPACKAGE PACKAGE="/Game/Blueprints/MyCharacter" FILE="../../../../../../Users/Stevo/Desktop/BZS_Template/Content/Blueprints/MyCharacter.uasset" SILENT=true
[2015.01.14-23.39.20:788][444]LogSavePackage: Save=317.837494ms
[2015.01.14-23.39.20:788][444]LogSavePackage: Moving '../../../../../../Users/Stevo/Desktop/BZS_Template/Saved/MyCharacterB6270A0B4E9769AE308305B143A16D2D.tmp' to '../../../../../../Users/Stevo/Desktop/BZS_Template/Content/Blueprints/MyCharacter.uasset'
[2015.01.14-23.39.23:657][651]BlueprintLog: New page: Pre-PIE auto-recompile
[2015.01.14-23.39.23:660][651]LogPlayLevel: [PIE] Compiling Tutorial_BP_MacroLib before PIE...
[2015.01.14-23.39.23:697][651]LogPlayLevel: [PIE] Compiling MainMenu before PIE...
[2015.01.14-23.39.23:774][651]LogPropertyNode:Warning: UI Min (0.001) >= UI Max () for Ranged Numeric
[2015.01.14-23.39.23:775][651]LogPropertyNode:Warning: UI Min (0.001) >= UI Max () for Ranged Numeric
[2015.01.14-23.39.23:796][651]LogActorComponent: UnregisterComponent: (/Engine/Transient.CharacterMovementComponent_1) Not registered. Aborting.
[2015.01.14-23.39.23:801][651]LogPlayLevel: [PIE] Compiling PauseMenu before PIE...
[2015.01.14-23.39.23:859][651]LogPropertyNode:Warning: UI Min (0.001) >= UI Max () for Ranged Numeric
[2015.01.14-23.39.23:860][651]LogPropertyNode:Warning: UI Min (0.001) >= UI Max () for Ranged Numeric
[2015.01.14-23.39.23:903][651]LogPropertyNode:Warning: UI Min (0.001) >= UI Max () for Ranged Numeric
[2015.01.14-23.39.23:904][651]LogPropertyNode:Warning: UI Min (0.001) >= UI Max () for Ranged Numeric
[2015.01.14-23.39.23:924][651]LogPlayLevel: [PIE] Compiling MyCharacter before PIE...
[2015.01.14-23.39.23:987][651]LogPropertyNode:Warning: UI Min (0.001) >= UI Max () for Ranged Numeric
[2015.01.14-23.39.23:987][651]LogPropertyNode:Warning: UI Min (0.001) >= UI Max () for Ranged Numeric
[2015.01.14-23.39.24:058][651]LogPropertyNode:Warning: UI Min (0.001) >= UI Max () for Ranged Numeric
[2015.01.14-23.39.24:059][651]LogPropertyNode:Warning: UI Min (0.001) >= UI Max () for Ranged Numeric
[2015.01.14-23.39.24:106][651]LogPlayLevel: PIE:  Blueprint regeneration took 448 ms (4 blueprints)
[2015.01.14-23.39.24:106][651]PIE: New page: PIE session: Example_Map (Jan 14, 2015, 7:39:24 AM)
[2015.01.14-23.39.24:132][651]LogPlayLevel: PIE: StaticDuplicateObject took: (0.025861s)
[2015.01.14-23.39.24:133][651]LogPlayLevel: PIE: World Init took: (0.000912s)
[2015.01.14-23.39.24:133][651]LogPlayLevel: PIE: Created PIE world by copying editor world from /Game/Maps/Example_Map.Example_Map to /Game/Maps/UEDPIE_0_Example_Map.Example_Map (0.027009s)
[2015.01.14-23.39.24:224][651]BlueprintLog:Warning: Warning Blueprint MyGame has been migrated and requires re-saving to avoid import errors
[2015.01.14-23.39.24:228][651]LogWorld: Game class is 'MyGame_C'
[2015.01.14-23.39.24:229][651]LogAIModule: Creating AISystem for world Example_Map
[2015.01.14-23.39.24:230][651]LogWorld: Bringing World /Game/Maps/UEDPIE_0_Example_Map.Example_Map up for play (max tick rate 0) at 2015.01.14-15.39.24
[2015.01.14-23.39.24:232][651]LogWorld: Bringing up level for play took: 0.001602
[2015.01.14-23.39.24:234][651]PIE: Info Play in editor start time for /Game/Maps/UEDPIE_0_Example_Map 1.057
[2015.01.14-23.39.28:949][189]LogActorComponent: UnregisterComponent: (/Engine/Transient.CharacterMovementComponent_2) Not registered. Aborting.
[2015.01.14-23.39.28:981][190]LogParticles: Destroying 0 GPU particle simulations for FXSystem 0x0000004AD0E54900
[2015.01.14-23.39.40:968][  6]LogEditorTransaction: Undo Delete current selection
[2015.01.14-23.39.41:012][  6]LogPropertyNode:Warning: UI Min (0.001) >= UI Max () for Ranged Numeric
[2015.01.14-23.39.41:012][  6]LogPropertyNode:Warning: UI Min (0.001) >= UI Max () for Ranged Numeric
[2015.01.14-23.39.41:033][  6]LogActorComponent: UnregisterComponent: (/Engine/Transient.CharacterMovementComponent_3) Not registered. Aborting.
[2015.01.14-23.39.41:033][  6]LogActorComponent: UnregisterComponent: (/Engine/Transient.ProjectileMovementComponent_1) Not registered. Aborting.
[2015.01.14-23.39.41:509][ 14]LogEditorTransaction: Undo Create Pin Link
[2015.01.14-23.39.41:569][ 14]LogPropertyNode:Warning: UI Min (0.001) >= UI Max () for Ranged Numeric
[2015.01.14-23.39.41:570][ 14]LogPropertyNode:Warning: UI Min (0.001) >= UI Max () for Ranged Numeric
[2015.01.14-23.39.41:590][ 14]LogActorComponent: UnregisterComponent: (/Engine/Transient.CharacterMovementComponent_4) Not registered. Aborting.
[2015.01.14-23.39.42:077][ 33]LogEditorTransaction: Undo Move Node
[2015.01.14-23.39.42:121][ 33]LogPropertyNode:Warning: UI Min (0.001) >= UI Max () for Ranged Numeric
[2015.01.14-23.39.42:121][ 33]LogPropertyNode:Warning: UI Min (0.001) >= UI Max () for Ranged Numeric
[2015.01.14-23.39.42:141][ 33]LogActorComponent: UnregisterComponent: (/Engine/Transient.CharacterMovementComponent_5) Not registered. Aborting.
[2015.01.14-23.39.42:667][ 54]LogEditorTransaction: Undo Create Pin Link
[2015.01.14-23.39.42:711][ 54]LogPropertyNode:Warning: UI Min (0.001) >= UI Max () for Ranged Numeric
[2015.01.14-23.39.42:712][ 54]LogPropertyNode:Warning: UI Min (0.001) >= UI Max () for Ranged Numeric
[2015.01.14-23.39.42:731][ 54]LogActorComponent: UnregisterComponent: (/Engine/Transient.CharacterMovementComponent_6) Not registered. Aborting.
[2015.01.14-23.39.43:194][ 72]LogEditorTransaction: Undo Move Node
[2015.01.14-23.39.43:238][ 72]LogPropertyNode:Warning: UI Min (0.001) >= UI Max () for Ranged Numeric
[2015.01.14-23.39.43:238][ 72]LogPropertyNode:Warning: UI Min (0.001) >= UI Max () for Ranged Numeric
[2015.01.14-23.39.43:259][ 72]LogActorComponent: UnregisterComponent: (/Engine/Transient.CharacterMovementComponent_7) Not registered. Aborting.
[2015.01.14-23.39.43:787][ 93]LogEditorTransaction: Undo Create Pin Link
[2015.01.14-23.39.43:831][ 93]LogPropertyNode:Warning: UI Min (0.001) >= UI Max () for Ranged Numeric
[2015.01.14-23.39.43:832][ 93]LogPropertyNode:Warning: UI Min (0.001) >= UI Max () for Ranged Numeric
[2015.01.14-23.39.43:852][ 93]LogActorComponent: UnregisterComponent: (/Engine/Transient.CharacterMovementComponent_8) Not registered. Aborting.
[2015.01.14-23.39.44:344][112]LogEditorTransaction: Undo Move Node
[2015.01.14-23.39.44:388][112]LogPropertyNode:Warning: UI Min (0.001) >= UI Max () for Ranged Numeric
[2015.01.14-23.39.44:389][112]LogPropertyNode:Warning: UI Min (0.001) >= UI Max () for Ranged Numeric
[2015.01.14-23.39.44:409][112]LogActorComponent: UnregisterComponent: (/Engine/Transient.CharacterMovementComponent_9) Not registered. Aborting.
[2015.01.14-23.39.45:435][159]LogEditorTransaction: Undo Delete current selection
[2015.01.14-23.39.45:479][159]LogPropertyNode:Warning: UI Min (0.001) >= UI Max () for Ranged Numeric
[2015.01.14-23.39.45:480][159]LogPropertyNode:Warning: UI Min (0.001) >= UI Max () for Ranged Numeric
[2015.01.14-23.39.45:500][159]LogActorComponent: UnregisterComponent: (/Engine/Transient.CharacterMovementComponent_10) Not registered. Aborting.
[2015.01.14-23.39.56:935][727]BlueprintLog: New page: Compile MyCharacter
[2015.01.14-23.39.56:999][727]LogPropertyNode:Warning: UI Min (0.001) >= UI Max () for Ranged Numeric
[2015.01.14-23.39.57:000][727]LogPropertyNode:Warning: UI Min (0.001) >= UI Max () for Ranged Numeric
[2015.01.14-23.39.57:051][727]LogActorComponent: UnregisterComponent: (/Engine/Transient.CharacterMovementComponent_11) Not registered. Aborting.
[2015.01.14-23.39.57:110][727]LogPropertyNode:Warning: UI Min (0.001) >= UI Max () for Ranged Numeric
[2015.01.14-23.39.57:110][727]LogPropertyNode:Warning: UI Min (0.001) >= UI Max () for Ranged Numeric
[2015.01.14-23.39.57:137][727]BlueprintEditorCompileResults: Info [0106.58] Compile of MyCharacter successful! [in 177 ms]
[2015.01.14-23.39.57:756][748]Cmd: OBJ SAVEPACKAGE PACKAGE="/Game/Blueprints/MyCharacter" FILE="../../../../../../Users/Stevo/Desktop/BZS_Template/Content/Blueprints/MyCharacter.uasset" SILENT=true
[2015.01.14-23.39.58:084][748]LogSavePackage: Save=316.389038ms
[2015.01.14-23.39.58:084][748]LogSavePackage: Moving '../../../../../../Users/Stevo/Desktop/BZS_Template/Saved/MyCharacter0472D2BB422C19B922FE0B9C1102CD4F.tmp' to '../../../../../../Users/Stevo/Desktop/BZS_Template/Content/Blueprints/MyCharacter.uasset'
[2015.01.14-23.40.00:444][965]BlueprintLog: New page: Pre-PIE auto-recompile
[2015.01.14-23.40.00:448][965]LogPlayLevel: [PIE] Compiling MainMenu before PIE...
[2015.01.14-23.40.00:525][965]LogPropertyNode:Warning: UI Min (0.001) >= UI Max () for Ranged Numeric
[2015.01.14-23.40.00:525][965]LogPropertyNode:Warning: UI Min (0.001) >= UI Max () for Ranged Numeric
[2015.01.14-23.40.00:545][965]LogActorComponent: UnregisterComponent: (/Engine/Transient.CharacterMovementComponent_12) Not registered. Aborting.
[2015.01.14-23.40.00:551][965]LogPlayLevel: [PIE] Compiling PauseMenu before PIE...
[2015.01.14-23.40.00:610][965]LogPropertyNode:Warning: UI Min (0.001) >= UI Max () for Ranged Numeric
[2015.01.14-23.40.00:611][965]LogPropertyNode:Warning: UI Min (0.001) >= UI Max () for Ranged Numeric
[2015.01.14-23.40.00:653][965]LogPropertyNode:Warning: UI Min (0.001) >= UI Max () for Ranged Numeric
[2015.01.14-23.40.00:654][965]LogPropertyNode:Warning: UI Min (0.001) >= UI Max () for Ranged Numeric
[2015.01.14-23.40.00:674][965]LogPlayLevel: [PIE] Compiling MyCharacter before PIE...
[2015.01.14-23.40.00:736][965]LogPropertyNode:Warning: UI Min (0.001) >= UI Max () for Ranged Numeric
[2015.01.14-23.40.00:737][965]LogPropertyNode:Warning: UI Min (0.001) >= UI Max () for Ranged Numeric
[2015.01.14-23.40.00:809][965]LogPropertyNode:Warning: UI Min (0.001) >= UI Max () for Ranged Numeric
[2015.01.14-23.40.00:810][965]LogPropertyNode:Warning: UI Min (0.001) >= UI Max () for Ranged Numeric
[2015.01.14-23.40.00:858][965]LogPlayLevel: PIE:  Blueprint regeneration took 413 ms (3 blueprints)
[2015.01.14-23.40.00:858][965]PIE: New page: PIE session: Example_Map (Jan 14, 2015, 7:40:00 AM)
[2015.01.14-23.40.00:879][965]LogPlayLevel: PIE: StaticDuplicateObject took: (0.020464s)
[2015.01.14-23.40.00:880][965]LogPlayLevel: PIE: World Init took: (0.000954s)
[2015.01.14-23.40.00:880][965]LogPlayLevel: PIE: Created PIE world by copying editor world from /Game/Maps/Example_Map.Example_Map to /Game/Maps/UEDPIE_0_Example_Map.Example_Map (0.021636s)
[2015.01.14-23.40.00:920][965]LogWorld: Game class is 'MyGame_C'
[2015.01.14-23.40.00:922][965]LogAIModule: Creating AISystem for world Example_Map
[2015.01.14-23.40.00:923][965]LogWorld: Bringing World /Game/Maps/UEDPIE_0_Example_Map.Example_Map up for play (max tick rate 0) at 2015.01.14-15.40.00
[2015.01.14-23.40.00:923][965]LogWorld: Bringing up level for play took: 0.001560
[2015.01.14-23.40.00:926][965]PIE: Info Play in editor start time for /Game/Maps/UEDPIE_0_Example_Map -0.252
[2015.01.14-23.40.08:604][840]LogActorComponent: UnregisterComponent: (/Engine/Transient.CharacterMovementComponent_13) Not registered. Aborting.
[2015.01.14-23.40.08:638][841]LogParticles: Destroying 0 GPU particle simulations for FXSystem 0x0000004AD919BBA0
[2015.01.14-23.41.00:817][410]BlueprintLog: New page: Compile MyCharacter
[2015.01.14-23.41.00:880][410]LogPropertyNode:Warning: UI Min (0.001) >= UI Max () for Ranged Numeric
[2015.01.14-23.41.00:881][410]LogPropertyNode:Warning: UI Min (0.001) >= UI Max () for Ranged Numeric
[2015.01.14-23.41.00:931][410]LogActorComponent: UnregisterComponent: (/Engine/Transient.CharacterMovementComponent_14) Not registered. Aborting.
[2015.01.14-23.41.00:931][410]LogActorComponent: UnregisterComponent: (/Engine/Transient.ProjectileMovementComponent_2) Not registered. Aborting.
[2015.01.14-23.41.00:985][410]LogPropertyNode:Warning: UI Min (0.001) >= UI Max () for Ranged Numeric
[2015.01.14-23.41.00:986][410]LogPropertyNode:Warning: UI Min (0.001) >= UI Max () for Ranged Numeric
[2015.01.14-23.41.01:013][410]BlueprintEditorCompileResults: Info [0170.46] Compile of MyCharacter successful! [in 171 ms]
[2015.01.14-23.41.01:621][430]Cmd: OBJ SAVEPACKAGE PACKAGE="/Game/Blueprints/MyCharacter" FILE="../../../../../../Users/Stevo/Desktop/BZS_Template/Content/Blueprints/MyCharacter.uasset" SILENT=true
[2015.01.14-23.41.01:943][430]LogSavePackage: Save=310.712646ms
[2015.01.14-23.41.01:943][430]LogSavePackage: Moving '../../../../../../Users/Stevo/Desktop/BZS_Template/Saved/MyCharacterFA9BF1BC4654F6C23C2E749E1705710A.tmp' to '../../../../../../Users/Stevo/Desktop/BZS_Template/Content/Blueprints/MyCharacter.uasset'
[2015.01.14-23.41.36:330][ 55]BlueprintLog: New page: Compile MyCharacter
[2015.01.14-23.41.36:395][ 55]LogPropertyNode:Warning: UI Min (0.001) >= UI Max () for Ranged Numeric
[2015.01.14-23.41.36:396][ 55]LogPropertyNode:Warning: UI Min (0.001) >= UI Max () for Ranged Numeric
[2015.01.14-23.41.36:446][ 55]LogActorComponent: UnregisterComponent: (/Engine/Transient.CharacterMovementComponent_15) Not registered. Aborting.
[2015.01.14-23.41.36:501][ 55]LogPropertyNode:Warning: UI Min (0.001) >= UI Max () for Ranged Numeric
[2015.01.14-23.41.36:501][ 55]LogPropertyNode:Warning: UI Min (0.001) >= UI Max () for Ranged Numeric
[2015.01.14-23.41.36:529][ 55]BlueprintEditorCompileResults: Info [0205.97] Compile of MyCharacter successful! [in 172 ms]
[2015.01.14-23.41.37:119][ 75]Cmd: OBJ SAVEPACKAGE PACKAGE="/Game/Blueprints/MyCharacter" FILE="../../../../../../Users/Stevo/Desktop/BZS_Template/Content/Blueprints/MyCharacter.uasset" SILENT=true
[2015.01.14-23.41.37:454][ 75]LogSavePackage: Save=319.548004ms
[2015.01.14-23.41.37:454][ 75]LogSavePackage: Moving '../../../../../../Users/Stevo/Desktop/BZS_Template/Saved/MyCharacter4FDFEC66463E909E845421A6688FEAFB.tmp' to '../../../../../../Users/Stevo/Desktop/BZS_Template/Content/Blueprints/MyCharacter.uasset'
[2015.01.14-23.41.38:955][207]BlueprintLog: New page: Pre-PIE auto-recompile
[2015.01.14-23.41.38:959][207]LogPlayLevel: [PIE] Compiling MainMenu before PIE...
[2015.01.14-23.41.39:037][207]LogPropertyNode:Warning: UI Min (0.001) >= UI Max () for Ranged Numeric
[2015.01.14-23.41.39:037][207]LogPropertyNode:Warning: UI Min (0.001) >= UI Max () for Ranged Numeric
[2015.01.14-23.41.39:058][207]LogActorComponent: UnregisterComponent: (/Engine/Transient.CharacterMovementComponent_16) Not registered. Aborting.
[2015.01.14-23.41.39:063][207]LogPlayLevel: [PIE] Compiling PauseMenu before PIE...
[2015.01.14-23.41.39:122][207]LogPropertyNode:Warning: UI Min (0.001) >= UI Max () for Ranged Numeric
[2015.01.14-23.41.39:123][207]LogPropertyNode:Warning: UI Min (0.001) >= UI Max () for Ranged Numeric
[2015.01.14-23.41.39:168][207]LogPropertyNode:Warning: UI Min (0.001) >= UI Max () for Ranged Numeric
[2015.01.14-23.41.39:168][207]LogPropertyNode:Warning: UI Min (0.001) >= UI Max () for Ranged Numeric
[2015.01.14-23.41.39:190][207]LogPlayLevel: [PIE] Compiling MyCharacter before PIE...
[2015.01.14-23.41.39:255][207]LogPropertyNode:Warning: UI Min (0.001) >= UI Max () for Ranged Numeric
[2015.01.14-23.41.39:255][207]LogPropertyNode:Warning: UI Min (0.001) >= UI Max () for Ranged Numeric
[2015.01.14-23.41.39:329][207]LogPropertyNode:Warning: UI Min (0.001) >= UI Max () for Ranged Numeric
[2015.01.14-23.41.39:330][207]LogPropertyNode:Warning: UI Min (0.001) >= UI Max () for Ranged Numeric
[2015.01.14-23.41.39:378][207]LogPlayLevel: PIE:  Blueprint regeneration took 422 ms (3 blueprints)
[2015.01.14-23.41.39:378][207]PIE: New page: PIE session: Example_Map (Jan 14, 2015, 7:41:39 AM)
[2015.01.14-23.41.39:399][207]LogPlayLevel: PIE: StaticDuplicateObject took: (0.020591s)
[2015.01.14-23.41.39:400][207]LogPlayLevel: PIE: World Init took: (0.000865s)
[2015.01.14-23.41.39:400][207]LogPlayLevel: PIE: Created PIE world by copying editor world from /Game/Maps/Example_Map.Example_Map to /Game/Maps/UEDPIE_0_Example_Map.Example_Map (0.021691s)
[2015.01.14-23.41.39:440][207]LogWorld: Game class is 'MyGame_C'
[2015.01.14-23.41.39:442][207]LogAIModule: Creating AISystem for world Example_Map
[2015.01.14-23.41.39:444][207]LogWorld: Bringing World /Game/Maps/UEDPIE_0_Example_Map.Example_Map up for play (max tick rate 0) at 2015.01.14-15.41.39
[2015.01.14-23.41.39:444][207]LogWorld: Bringing up level for play took: 0.001684
[2015.01.14-23.41.39:446][207]PIE: Info Play in editor start time for /Game/Maps/UEDPIE_0_Example_Map 0.269
[2015.01.14-23.41.46:899][ 60]LogActorComponent: UnregisterComponent: (/Engine/Transient.CharacterMovementComponent_17) Not registered. Aborting.
[2015.01.14-23.41.46:930][ 61]LogParticles: Destroying 0 GPU particle simulations for FXSystem 0x0000004ACFEE0D60
[2015.01.14-23.43.06:892][867]BlueprintLog: New page: Compile MyCharacter
[2015.01.14-23.43.06:940][867]LogBlueprint:Error: [compiler] Error This blueprint (self) is not a WidgetSwitcher, therefore ' Target ' must have a connection
[2015.01.14-23.43.06:957][867]LogPropertyNode:Warning: UI Min (0.001) >= UI Max () for Ranged Numeric
[2015.01.14-23.43.06:958][867]LogPropertyNode:Warning: UI Min (0.001) >= UI Max () for Ranged Numeric
[2015.01.14-23.43.07:045][867]LogActorComponent: UnregisterComponent: (/Engine/Transient.CharacterMovementComponent_18) Not registered. Aborting.
[2015.01.14-23.43.07:046][867]LogActorComponent: UnregisterComponent: (/Engine/Transient.ProjectileMovementComponent_3) Not registered. Aborting.
[2015.01.14-23.43.07:099][867]LogPropertyNode:Warning: UI Min (0.001) >= UI Max () for Ranged Numeric
[2015.01.14-23.43.07:100][867]LogPropertyNode:Warning: UI Min (0.001) >= UI Max () for Ranged Numeric
[2015.01.14-23.43.07:128][867]LogBlueprint:Warning: [compiler] Warning [0296.57] Compile of MyCharacter failed. 1 Fatal Issue(s) 0 Warning(s) [in 209 ms]
[2015.01.14-23.43.07:128][867]BlueprintEditorCompileResults:Error: Error This blueprint (self) is not a WidgetSwitcher, therefore ' Target ' must have a connection
[2015.01.14-23.43.07:128][867]BlueprintEditorCompileResults:Warning: Warning [0296.57] Compile of MyCharacter failed. 1 Fatal Issue(s) 0 Warning(s) [in 209 ms]
[2015.01.14-23.43.07:751][889]Cmd: OBJ SAVEPACKAGE PACKAGE="/Game/Blueprints/MyCharacter" FILE="../../../../../../Users/Stevo/Desktop/BZS_Template/Content/Blueprints/MyCharacter.uasset" SILENT=true
[2015.01.14-23.43.08:074][889]LogSavePackage: Save=311.886688ms
[2015.01.14-23.43.08:074][889]LogSavePackage: Moving '../../../../../../Users/Stevo/Desktop/BZS_Template/Saved/MyCharacterAF156AB24142D1CACD1B9E9F116DB2F3.tmp' to '../../../../../../Users/Stevo/Desktop/BZS_Template/Content/Blueprints/MyCharacter.uasset'
[2015.01.14-23.44.24:247][431]BlueprintLog: New page: Compile MyCharacter
[2015.01.14-23.44.24:310][431]LogPropertyNode:Warning: UI Min (0.001) >= UI Max () for Ranged Numeric
[2015.01.14-23.44.24:310][431]LogPropertyNode:Warning: UI Min (0.001) >= UI Max () for Ranged Numeric
[2015.01.14-23.44.24:362][431]LogActorComponent: UnregisterComponent: (/Engine/Transient.CharacterMovementComponent_19) Not registered. Aborting.
[2015.01.14-23.44.24:414][431]LogPropertyNode:Warning: UI Min (0.001) >= UI Max () for Ranged Numeric
[2015.01.14-23.44.24:415][431]LogPropertyNode:Warning: UI Min (0.001) >= UI Max () for Ranged Numeric
[2015.01.14-23.44.24:443][431]BlueprintEditorCompileResults: Info [0373.89] Compile of MyCharacter successful! [in 171 ms]
[2015.01.14-23.44.26:700][536]Cmd: OBJ SAVEPACKAGE PACKAGE="/Game/Blueprints/MyCharacter" FILE="../../../../../../Users/Stevo/Desktop/BZS_Template/Content/Blueprints/MyCharacter.uasset" SILENT=true
[2015.01.14-23.44.27:026][536]LogSavePackage: Save=315.080231ms
[2015.01.14-23.44.27:026][536]LogSavePackage: Moving '../../../../../../Users/Stevo/Desktop/BZS_Template/Saved/MyCharacter179677924E646C69B4BC72BF5EE43963.tmp' to '../../../../../../Users/Stevo/Desktop/BZS_Template/Content/Blueprints/MyCharacter.uasset'
[2015.01.14-23.44.28:841][660]LogActorComponent: UnregisterComponent: (/Engine/Transient.CharacterMovementComponent_20) Not registered. Aborting.
[2015.01.14-23.44.28:855][660]LogParticles: Destroying 0 GPU particle simulations for FXSystem 0x0000004AD1175080
[2015.01.14-23.44.29:468][661]Cmd: QUIT_EDITOR
[2015.01.14-23.44.29:801][661]LogExit: Preparing to exit.
[2015.01.14-23.44.30:876][661]LogExit: Editor shut down
[2015.01.14-23.44.30:877][661]LogExit: Transaction tracking system shut down
[2015.01.14-23.44.30:877][661]LogParticles: Destroying 0 GPU particle simulations for FXSystem 0x0000004AC650A520
[2015.01.14-23.44.30:878][661]LogParticles: Destroying 0 GPU particle simulations for FXSystem 0x0000004AD539A3E0
[2015.01.14-23.44.30:922][661]LogExit: Object subsystem successfully closed.
[2015.01.14-23.44.30:969][661]LogModuleManager: Shutting down and abandoning module AndroidDeviceDetection (172)
[2015.01.14-23.44.30:969][661]LogModuleManager: Shutting down and abandoning module CrashTracker (171)
[2015.01.14-23.44.30:969][661]LogModuleManager: Shutting down and abandoning module SuperSearch (170)
[2015.01.14-23.44.30:969][661]LogModuleManager: Shutting down and abandoning module SceneOutliner (169)
[2015.01.14-23.44.30:969][661]LogModuleManager: Shutting down and abandoning module EditorWidgets (168)
[2015.01.14-23.44.30:969][661]LogModuleManager: Shutting down and abandoning module CollectionManager (167)
[2015.01.14-23.44.30:969][661]LogModuleManager: Shutting down and abandoning module StatsViewer (166)
[2015.01.14-23.44.30:969][661]LogModuleManager: Shutting down and abandoning module FoliageEdit (165)
[2015.01.14-23.44.30:969][661]LogModuleManager: Shutting down and abandoning module LandscapeEditor (164)
[2015.01.14-23.44.30:969][661]LogModuleManager: Shutting down and abandoning module MeshPaint (163)
[2015.01.14-23.44.30:970][661]LogModuleManager: Shutting down and abandoning module ActorPickerMode (162)
[2015.01.14-23.44.30:970][661]LogModuleManager: Shutting down and abandoning module GeometryMode (161)
[2015.01.14-23.44.30:970][661]LogModuleManager: Shutting down and abandoning module TextureAlignMode (160)
[2015.01.14-23.44.30:970][661]LogModuleManager: Shutting down and abandoning module BspMode (159)
[2015.01.14-23.44.30:970][661]LogModuleManager: Shutting down and abandoning module PlacementMode (158)
[2015.01.14-23.44.30:970][661]LogModuleManager: Shutting down and abandoning module AutomationWorker (157)
[2015.01.14-23.44.30:970][661]LogModuleManager: Shutting down and abandoning module CharacterAI (156)
[2015.01.14-23.44.30:970][661]LogModuleManager: Shutting down and abandoning module GameProjectGeneration (155)
[2015.01.14-23.44.30:970][661]LogModuleManager: Shutting down and abandoning module IntroTutorials (154)
[2015.01.14-23.44.30:970][661]LogModuleManager: Shutting down and abandoning module EditorLiveStreaming (153)
[2015.01.14-23.44.30:970][661]LogModuleManager: Shutting down and abandoning module HardwareTargeting (152)
[2015.01.14-23.44.30:970][661]LogModuleManager: Shutting down and abandoning module DeviceProfileEditor (151)
[2015.01.14-23.44.30:970][661]LogModuleManager: Shutting down and abandoning module UndoHistory (150)
[2015.01.14-23.44.30:970][661]LogModuleManager: Shutting down and abandoning module GameplayTagsEditor (149)
[2015.01.14-23.44.30:970][661]LogModuleManager: Shutting down and abandoning module UserFeedback (148)
[2015.01.14-23.44.30:970][661]LogModuleManager: Shutting down and abandoning module XmlParser (147)
[2015.01.14-23.44.30:970][661]LogModuleManager: Shutting down and abandoning module Blutility (146)
[2015.01.14-23.44.30:970][661]LogModuleManager: Shutting down and abandoning module IOSPlatformEditor (145)
[2015.01.14-23.44.30:970][661]LogModuleManager: Shutting down and abandoning module IOSRuntimeSettings (144)
[2015.01.14-23.44.30:970][661]LogModuleManager: Shutting down and abandoning module AndroidPlatformEditor (143)
[2015.01.14-23.44.30:970][661]LogModuleManager: Shutting down and abandoning module AndroidRuntimeSettings (142)
[2015.01.14-23.44.30:970][661]LogModuleManager: Shutting down and abandoning module ProjectTargetPlatformEditor (141)
[2015.01.14-23.44.30:970][661]LogModuleManager: Shutting down and abandoning module ProjectSettingsViewer (140)
[2015.01.14-23.44.30:970][661]LogModuleManager: Shutting down and abandoning module InputBindingEditor (139)
[2015.01.14-23.44.30:970][661]LogModuleManager: Shutting down and abandoning module EditorSettingsViewer (138)
[2015.01.14-23.44.30:970][661]LogModuleManager: Shutting down and abandoning module SettingsEditor (137)
[2015.01.14-23.44.30:970][661]LogModuleManager: Shutting down and abandoning module ProjectLauncher (136)
[2015.01.14-23.44.30:970][661]LogModuleManager: Shutting down and abandoning module SessionFrontend (135)
[2015.01.14-23.44.30:970][661]LogModuleManager: Shutting down and abandoning module ProfilerClient (134)
[2015.01.14-23.44.30:970][661]LogModuleManager: Shutting down and abandoning module TargetDeviceServices (133)
[2015.01.14-23.44.30:970][661]LogModuleManager: Shutting down and abandoning module DeviceManager (132)
[2015.01.14-23.44.30:970][661]LogModuleManager: Shutting down and abandoning module AutomationController (131)
[2015.01.14-23.44.30:970][661]LogModuleManager: Shutting down and abandoning module AutomationWindow (130)
[2015.01.14-23.44.30:970][661]LogModuleManager: Shutting down and abandoning module Layers (129)
[2015.01.14-23.44.30:970][661]LogModuleManager: Shutting down and abandoning module ComponentVisualizers (128)
[2015.01.14-23.44.30:970][661]LogModuleManager: Shutting down and abandoning module DetailCustomizations (127)
[2015.01.14-23.44.30:970][661]LogModuleManager: Shutting down and abandoning module PackagesDialog (126)
[2015.01.14-23.44.30:971][661]LogModuleManager: Shutting down and abandoning module AssetRegistry (125)
[2015.01.14-23.44.31:008][661]LogModuleManager: Shutting down and abandoning module Persona (124)
[2015.01.14-23.44.31:008][661]LogModuleManager: Shutting down and abandoning module Kismet (123)
[2015.01.14-23.44.31:008][661]LogModuleManager: Shutting down and abandoning module GraphEditor (122)
[2015.01.14-23.44.31:008][661]LogModuleManager: Shutting down and abandoning module ClassViewer (121)
[2015.01.14-23.44.31:008][661]LogModuleManager: Shutting down and abandoning module Toolbox (120)
[2015.01.14-23.44.31:008][661]LogModuleManager: Shutting down and abandoning module ModuleUI (119)
[2015.01.14-23.44.31:008][661]LogModuleManager: Shutting down and abandoning module MovieSceneTools (118)
[2015.01.14-23.44.31:008][661]LogModuleManager: Shutting down and abandoning module OutputLog (117)
[2015.01.14-23.44.31:008][661]LogModuleManager: Shutting down and abandoning module GammaUI (116)
[2015.01.14-23.44.31:008][661]LogModuleManager: Shutting down and abandoning module Documentation (115)
[2015.01.14-23.44.31:008][661]LogModuleManager: Shutting down and abandoning module GameLiveStreaming (114)
[2015.01.14-23.44.31:008][661]LogModuleManager: Shutting down and abandoning module StreamingPauseRendering (113)
[2015.01.14-23.44.31:008][661]LogModuleManager: Shutting down and abandoning module HTTP (112)
[2015.01.14-23.44.31:009][661]LogModuleManager: Shutting down and abandoning module AnalyticsET (111)
[2015.01.14-23.44.31:009][661]LogModuleManager: Shutting down and abandoning module Analytics (110)
[2015.01.14-23.44.31:009][661]LogModuleManager: Shutting down and abandoning module AITestSuite (109)
[2015.01.14-23.44.31:009][661]LogModuleManager: Shutting down and abandoning module AIModule (108)
[2015.01.14-23.44.31:009][661]LogModuleManager: Shutting down and abandoning module ProfilerService (107)
[2015.01.14-23.44.31:121][661]LogModuleManager: Shutting down and abandoning module TaskGraph (106)
[2015.01.14-23.44.31:121][661]LogModuleManager: Shutting down and abandoning module GameplayDebugger (105)
[2015.01.14-23.44.31:121][661]LogModuleManager: Shutting down and abandoning module SlateRemote (104)
[2015.01.14-23.44.31:121][661]LogModuleManager: Shutting down and abandoning module ScriptEditorPlugin (103)
[2015.01.14-23.44.31:121][661]LogModuleManager: Shutting down and abandoning module CustomMeshComponent (102)
[2015.01.14-23.44.31:121][661]LogModuleManager: Shutting down and abandoning module CableComponent (101)
[2015.01.14-23.44.31:121][661]LogModuleManager: Shutting down and abandoning module MessagingDebugger (100)
[2015.01.14-23.44.31:121][661]LogModuleManager: Shutting down and abandoning module MediaPlayerEditor (99)
[2015.01.14-23.44.31:121][661]LogModuleManager: Shutting down and abandoning module SpeedTreeImporter (98)
[2015.01.14-23.44.31:121][661]LogModuleManager: Shutting down and abandoning module PluginsEditor (97)
[2015.01.14-23.44.31:121][661]LogModuleManager: Shutting down and abandoning module EpicSurvey (96)
[2015.01.14-23.44.31:121][661]LogModuleManager: Shutting down and abandoning module DesktopPlatform (95)
[2015.01.14-23.44.31:121][661]LogModuleManager: Shutting down and abandoning module VisualStudioSourceCodeAccess (94)
[2015.01.14-23.44.31:121][661]LogModuleManager: Shutting down and abandoning module UObjectPlugin (93)
[2015.01.14-23.44.31:121][661]LogModuleManager: Shutting down and abandoning module SubversionSourceControl (92)
[2015.01.14-23.44.31:121][661]LogModuleManager: Shutting down and abandoning module SourceControl (91)
[2015.01.14-23.44.31:121][661]LogModuleManager: Shutting down and abandoning module PerforceSourceControl (90)
[2015.01.14-23.44.31:121][661]LogModuleManager: Shutting down and abandoning module BlankPlugin (89)
[2015.01.14-23.44.31:121][661]LogModuleManager: Shutting down and abandoning module SlateReflector (88)
[2015.01.14-23.44.31:121][661]LogModuleManager: Shutting down and abandoning module DirectoryWatcher (87)
[2015.01.14-23.44.31:121][661]LogModuleManager: Shutting down and abandoning module HotReload (86)
[2015.01.14-23.44.31:121][661]LogModuleManager: Shutting down and abandoning module MainFrame (85)
[2015.01.14-23.44.31:121][661]LogModuleManager: Shutting down and abandoning module LevelEditor (84)
[2015.01.14-23.44.31:122][661]LogModuleManager: Shutting down and abandoning module ViewportSnapping (83)
[2015.01.14-23.44.31:122][661]LogModuleManager: Shutting down and abandoning module SmartSnapping (82)
[2015.01.14-23.44.31:122][661]LogModuleManager: Shutting down and abandoning module PaperTiledImporter (81)
[2015.01.14-23.44.31:122][661]LogModuleManager: Shutting down and abandoning module PaperJsonImporter (80)
[2015.01.14-23.44.31:122][661]LogModuleManager: Shutting down and abandoning module ContentBrowser (79)
[2015.01.14-23.44.31:122][661]LogModuleManager: Shutting down and abandoning module Paper2DEditor (78)
[2015.01.14-23.44.31:122][661]LogModuleManager: Shutting down and abandoning module ScriptPlugin (77)
[2015.01.14-23.44.31:122][661]LogModuleManager: Shutting down and abandoning module UdpMessaging (76)
[2015.01.14-23.44.31:223][661]LogModuleManager: Shutting down and abandoning module Paper2D (75)
[2015.01.14-23.44.31:223][661]LogModuleManager: Shutting down and abandoning module UE4Game (74)
[2015.01.14-23.44.31:223][661]LogModuleManager: Shutting down and abandoning module WindowsMoviePlayer (73)
[2015.01.14-23.44.31:226][661]LogModuleManager: Shutting down and abandoning module Media (72)
[2015.01.14-23.44.31:226][661]LogModuleManager: Shutting down and abandoning module WmfMedia (71)
[2015.01.14-23.44.31:226][661]LogModuleManager: Shutting down and abandoning module OnlineBlueprintSupport (70)
[2015.01.14-23.44.31:226][661]LogModuleManager: Shutting down and abandoning module PropertyEditor (69)
[2015.01.14-23.44.31:226][661]LogModuleManager: Shutting down and abandoning module BehaviorTreeEditor (68)
[2015.01.14-23.44.31:226][661]LogModuleManager: Shutting down and abandoning module FunctionalTesting (67)
[2015.01.14-23.44.31:226][661]LogModuleManager: Shutting down and abandoning module CollisionAnalyzer (66)
[2015.01.14-23.44.31:226][661]LogModuleManager: Shutting down and abandoning module WorkspaceMenuStructure (65)
[2015.01.14-23.44.31:226][661]LogModuleManager: Shutting down and abandoning module MessageLog (64)
[2015.01.14-23.44.31:226][661]LogModuleManager: Shutting down and abandoning module Sequencer (63)
[2015.01.14-23.44.31:226][661]LogModuleManager: Shutting down and abandoning module AssetTools (62)
[2015.01.14-23.44.31:226][661]LogModuleManager: Shutting down and abandoning module UMGEditor (61)
[2015.01.14-23.44.31:226][661]LogModuleManager: Shutting down and abandoning module UMG (60)
[2015.01.14-23.44.31:226][661]LogModuleManager: Shutting down and abandoning module Slate (59)
[2015.01.14-23.44.31:226][661]LogModuleManager: Shutting down and abandoning module EditorStyle (58)
[2015.01.14-23.44.31:233][661]LogModuleManager: Shutting down and abandoning module SessionServices (57)
[2015.01.14-23.44.31:233][661]LogModuleManager: Shutting down and abandoning module SourceCodeAccess (56)
[2015.01.14-23.44.31:233][661]LogModuleManager: Shutting down and abandoning module HeadMountedDisplay (55)
[2015.01.14-23.44.31:233][661]LogModuleManager: Shutting down and abandoning module XAudio2 (54)
[2015.01.14-23.44.31:233][661]LogModuleManager: Shutting down and abandoning module Networking (52)
[2015.01.14-23.44.31:233][661]LogModuleManager: Shutting down and abandoning module Core (51)
[2015.01.14-23.44.31:233][661]LogModuleManager: Shutting down and abandoning module KismetCompiler (50)
[2015.01.14-23.44.31:233][661]LogModuleManager: Shutting down and abandoning module PhysXFormats (49)
[2015.01.14-23.44.31:233][661]LogModuleManager: Shutting down and abandoning module MeshUtilities (48)
[2015.01.14-23.44.31:233][661]LogModuleManager: Shutting down and abandoning module DerivedDataCache (47)
[2015.01.14-23.44.31:319][661]LogDerivedDataCache: Shutdown
[2015.01.14-23.44.31:319][661]LogModuleManager: Shutting down and abandoning module ShaderFormatOpenGL (46)
[2015.01.14-23.44.31:319][661]LogModuleManager: Shutting down and abandoning module ShaderFormatD3D (45)
[2015.01.14-23.44.31:319][661]LogModuleManager: Shutting down and abandoning module MetalShaderFormat (44)
[2015.01.14-23.44.31:319][661]LogModuleManager: Shutting down and abandoning module TextureFormatUncompressed (43)
[2015.01.14-23.44.31:319][661]LogModuleManager: Shutting down and abandoning module TextureFormatPVR (42)
[2015.01.14-23.44.31:319][661]LogModuleManager: Shutting down and abandoning module TextureFormatDXT (41)
[2015.01.14-23.44.31:319][661]LogModuleManager: Shutting down and abandoning module TextureFormatAndroid (40)
[2015.01.14-23.44.31:319][661]LogModuleManager: Shutting down and abandoning module AudioFormatOpus (39)
[2015.01.14-23.44.31:319][661]LogModuleManager: Shutting down and abandoning module AudioFormatOgg (38)
[2015.01.14-23.44.31:319][661]LogModuleManager: Shutting down and abandoning module AudioFormatADPCM (37)
[2015.01.14-23.44.31:319][661]LogModuleManager: Shutting down and abandoning module LinuxTargetPlatform (36)
[2015.01.14-23.44.31:319][661]LogModuleManager: Shutting down and abandoning module LinuxServerTargetPlatform (35)
[2015.01.14-23.44.31:319][661]LogModuleManager: Shutting down and abandoning module LinuxNoEditorTargetPlatform (34)
[2015.01.14-23.44.31:319][661]LogModuleManager: Shutting down and abandoning module Messaging (33)
[2015.01.14-23.44.31:319][661]LogModuleManager: Shutting down and abandoning module IOSTargetPlatform (32)
[2015.01.14-23.44.31:319][661]LogModuleManager: Shutting down and abandoning module Android_PVRTCTargetPlatform (31)
[2015.01.14-23.44.31:319][661]LogModuleManager: Shutting down and abandoning module Android_ETC2TargetPlatform (30)
[2015.01.14-23.44.31:319][661]LogModuleManager: Shutting down and abandoning module Android_ETC1TargetPlatform (29)
[2015.01.14-23.44.31:319][661]LogModuleManager: Shutting down and abandoning module Android_DXTTargetPlatform (28)
[2015.01.14-23.44.31:319][661]LogModuleManager: Shutting down and abandoning module Android_ATCTargetPlatform (27)
[2015.01.14-23.44.31:319][661]LogModuleManager: Shutting down and abandoning module AndroidTargetPlatform (26)
[2015.01.14-23.44.31:319][661]LogModuleManager: Shutting down and abandoning module WindowsTargetPlatform (25)
[2015.01.14-23.44.31:319][661]LogModuleManager: Shutting down and abandoning module WindowsServerTargetPlatform (24)
[2015.01.14-23.44.31:319][661]LogModuleManager: Shutting down and abandoning module WindowsNoEditorTargetPlatform (23)
[2015.01.14-23.44.31:319][661]LogModuleManager: Shutting down and abandoning module WindowsClientTargetPlatform (22)
[2015.01.14-23.44.31:319][661]LogModuleManager: Shutting down and abandoning module TargetPlatform (21)
[2015.01.14-23.44.31:319][661]LogModuleManager: Shutting down and abandoning module InputCore (20)
[2015.01.14-23.44.31:319][661]LogModuleManager: Shutting down and abandoning module Settings (19)
[2015.01.14-23.44.31:320][661]LogModuleManager: Shutting down and abandoning module ImageWrapper (18)
[2015.01.14-23.44.31:320][661]LogModuleManager: Shutting down and abandoning module OculusRift (15)
[2015.01.14-23.44.31:320][661]LogModuleManager: Shutting down and abandoning module ExampleDeviceProfileSelector (14)
[2015.01.14-23.44.31:320][661]LogModuleManager: Shutting down and abandoning module TextureCompressor (13)
[2015.01.14-23.44.31:320][661]LogModuleManager: Shutting down and abandoning module ShaderCore (12)
[2015.01.14-23.44.31:320][661]LogModuleManager: Shutting down and abandoning module Landscape (11)
[2015.01.14-23.44.31:320][661]LogModuleManager: Shutting down and abandoning module SlateRHIRenderer (10)
[2015.01.14-23.44.31:321][661]LogModuleManager: Shutting down and abandoning module OpenGLDrv (9)
[2015.01.14-23.44.31:321][661]LogModuleManager: Shutting down and abandoning module D3D11RHI (8)
[2015.01.14-23.44.31:321][661]LogModuleManager: Shutting down and abandoning module Renderer (7)
[2015.01.14-23.44.31:321][661]LogModuleManager: Shutting down and abandoning module Engine (6)
[2015.01.14-23.44.31:321][661]LogModuleManager: Shutting down and abandoning module CoreUObject (5)
[2015.01.14-23.44.31:321][661]LogModuleManager: Shutting down and abandoning module NetworkFile (4)
[2015.01.14-23.44.31:321][661]LogModuleManager: Shutting down and abandoning module StreamingFile (3)
[2015.01.14-23.44.31:321][661]LogModuleManager: Shutting down and abandoning module SandboxFile (2)
[2015.01.14-23.44.31:321][661]LogModuleManager: Shutting down and abandoning module PakFile (1)
[2015.01.14-23.44.31:322][661]LogExit: Exiting.
[2015.01.14-23.44.31:330][661]Log file closed, 01/14/15 15:44:31
