Log file open, 01/15/15 20:39:56
LogInit:Display: Running engine for game: BZS_Template
LogInit: Version: 4.6.1-2386410+++depot+UE4-Releases+4.6
LogInit: API Version: 2369412
LogInit: Compiled (64-bit): Dec 11 2014 21:31:39
LogInit: Compiled with Visual C++: 18.00.21005.01
LogInit: Build Configuration: Development
LogInit: Branch Name: ++depot+UE4-Releases+4.6
LogInit: Command line:  
LogInit: Base directory: C:/Program Files/Epic Games/4.6/Engine/Binaries/Win64/
LogInit: Rocket: 1
[2015.01.16-04.39.56:070][  0]LogTaskGraph: Started task graph with 3 named threads and 6 total threads.
[2015.01.16-04.39.56:128][  0]LogOnline:Warning: No default platform service specified for OnlineSubsystem
[2015.01.16-04.39.56:148][  0]LogInit: Presizing for 0 objects not considered by GC, pre-allocating 0 bytes.
[2015.01.16-04.39.56:156][  0]LogInit: Object subsystem initialized
[2015.01.16-04.39.56:157][  0]LogConsoleResponse:Warning: Skipping Unknown console variable: 'UIScaleRule = ShortestSide'
[2015.01.16-04.39.56:157][  0]LogConsoleResponse:Warning:   Found in ini file 'C:/Users/Stevo/Desktop/BZS_Template/Saved/Config/Windows/Engine.ini', in section '[/Script/Engine.RendererSettings]'
[2015.01.16-04.39.56:157][  0]LogConsoleResponse:Warning: Skipping Unknown console variable: 'UIScaleCurve = (EditorCurveData=(Keys=),ExternalCurve=None)'
[2015.01.16-04.39.56:157][  0]LogConsoleResponse:Warning:   Found in ini file 'C:/Users/Stevo/Desktop/BZS_Template/Saved/Config/Windows/Engine.ini', in section '[/Script/Engine.RendererSettings]'
[2015.01.16-04.39.56:158][  0]LogConsoleManager:Warning: Console variable 'r.MSAA.CompositingSampleCount' wasn't set (Priority ProjectSetting < Scalability)
[2015.01.16-04.39.56:158][  0]LogInit: Selected Device Profile: [Windows]
[2015.01.16-04.39.56:158][  0]LogInit: Applying CVar settings loaded from the selected device profile: [Windows]
[2015.01.16-04.39.56:164][  0]LogInit: Computer: STEVO-PC
[2015.01.16-04.39.56:164][  0]LogInit: User: Stevo
[2015.01.16-04.39.56:164][  0]LogInit: CPU Page size=4096, Cores=4
[2015.01.16-04.39.56:164][  0]LogInit: High frequency timer resolution =3.323579 MHz
[2015.01.16-04.39.56:164][  0]LogMemory: Memory total: Physical=8.0GB (8GB approx) Virtual=131072.0GB
[2015.01.16-04.39.56:164][  0]LogMemory: Platform Memory Stats for Windows
[2015.01.16-04.39.56:164][  0]LogMemory: Process Physical Memory: 48.48 MB used, 48.48 MB peak
[2015.01.16-04.39.56:164][  0]LogMemory: Process Virtual Memory: 25.10 MB used, 25.10 MB peak
[2015.01.16-04.39.56:164][  0]LogMemory: Physical Memory: 2792.65 MB used, 8153.19 MB total
[2015.01.16-04.39.56:164][  0]LogMemory: Virtual Memory: 271.26 MB used, 134217728.00 MB total
[2015.01.16-04.39.56:189][  0]LogD3D11RHI: Found D3D11 adapter 0: NVIDIA GeForce GTX 760 (Feature Level 11_0)
[2015.01.16-04.39.56:189][  0]LogD3D11RHI: Adapter has 1985MB of dedicated video memory, 0MB of dedicated system memory, and 2048MB of shared system memory, 2 output[s]
[2015.01.16-04.39.56:190][  0]LogD3D11RHI: Found D3D11 adapter 1: Microsoft Basic Render Driver (Feature Level 11_0)
[2015.01.16-04.39.56:190][  0]LogD3D11RHI: Adapter has 0MB of dedicated video memory, 0MB of dedicated system memory, and 256MB of shared system memory, 0 output[s]
[2015.01.16-04.39.56:190][  0]LogD3D11RHI: Chosen D3D11 Adapter Id = 0
[2015.01.16-04.39.56:193][  0]LogRHI: Texture pool is 1361 MB (70% of 1945 MB)
[2015.01.16-04.39.56:201][  0]LogD3D11RHI: Async texture creation enabled
[2015.01.16-04.39.56:254][  0]LogTextLocalizationManager: The requested culture ('en_US') has no localization data; parent culture's ('en') localization data will be used.
[2015.01.16-04.39.56:377][  0]LogContentStreaming: Texture pool size is 0.000000MB
[2015.01.16-04.40.01:286][  0]LogTargetPlatformManager:Display: Building Assets For Windows
[2015.01.16-04.40.01:653][  0]LogTargetPlatformManager:Display: Building Assets For Windows
[2015.01.16-04.40.01:697][  0]LogDerivedDataCache:Display: Max Cache Size: 512 MB
[2015.01.16-04.40.01:733][  0]LogDerivedDataCache: Loaded boot cache 0.04s 39MB C:/Users/Stevo/AppData/Local/UnrealEngine/4.6/DerivedDataCache/Boot.ddc.
[2015.01.16-04.40.01:733][  0]LogDerivedDataCache:Display: Loaded Boot cache: C:/Users/Stevo/AppData/Local/UnrealEngine/4.6/DerivedDataCache/Boot.ddc
[2015.01.16-04.40.01:733][  0]LogDerivedDataCache: FDerivedDataBackendGraph:  Pak pak cache file ../../../../../../Users/Stevo/Desktop/BZS_Template/DerivedDataCache/DDC.ddp not found, will not use a pak cache.
[2015.01.16-04.40.01:734][  0]LogDerivedDataCache: Unable to find inner node Pak for hierarchical cache Hierarchy.
[2015.01.16-04.40.01:791][  0]LogDerivedDataCache:Display: Pak cache opened for reading ../../../Engine/DerivedDataCache/DDC.ddp.
[2015.01.16-04.40.01:804][  0]LogDerivedDataCache: Using Local data cache path C:/Users/Stevo/AppData/Local/UnrealEngine/Common/DerivedDataCache: Writable
[2015.01.16-04.40.01:917][  0]LogCollisionProfile:Warning: Profile (UI) - Custom Channel Name = 'Weapon' hasn't been found
[2015.01.16-04.40.02:038][  0]LogMeshUtilities: No automatic mesh reduction module available
[2015.01.16-04.40.02:039][  0]LogMeshUtilities: No automatic mesh merging module available
[2015.01.16-04.40.02:347][  0]LogInit: WinSock: version 1.1 (2.2), MaxSocks=32767, MaxUdp=65467
[2015.01.16-04.40.02:393][  0]LogSlate:Warning: Failed to load font data from '../../../Engine/Content/Slate/Fonts/Roboto-Italic.ttf'
[2015.01.16-04.40.03:047][  0]UdpMessaging: Initializing bridge on interface 0.0.0.0:0 to multicast group 230.0.0.1:6666.
[2015.01.16-04.40.03:188][  0]LogDirectoryWatcher:Warning: Failed to begin reading directory changes for C:/Users/Stevo/Desktop/BZS_Template/Binaries/Win64. Error: 0
[2015.01.16-04.40.03:317][  0]SourceControl: Info Source control is disabled
[2015.01.16-04.40.03:317][  0]SourceControl: Info Source control is disabled
[2015.01.16-04.40.03:323][  0]SourceControl: Info Source control is disabled
[2015.01.16-04.40.03:437][  0]LogObj: 23754 objects as part of root set at end of initial load.
[2015.01.16-04.40.03:437][  0]LogUObjectAllocator: 5168128 out of 0 bytes used by permanent object pool.
[2015.01.16-04.40.03:490][  0]LogEngine: Initializing Engine...
[2015.01.16-04.40.03:624][  0]LogInit: XAudio2 using 'Speakers (2- C-Media USB Audio Device   )' : 2 channels at 44.1 kHz using 16 bits per sample (channel mask 0x3)
[2015.01.16-04.40.03:636][  0]LogInit: FAudioDevice initialized.
[2015.01.16-04.40.03:654][  0]LogAIModule: Creating AISystem for world NewWorld
[2015.01.16-04.40.03:677][  0]LogDerivedDataCache: Saved boot cache 0.02s 39MB C:/Users/Stevo/AppData/Local/UnrealEngine/4.6/DerivedDataCache/Boot.ddc.
[2015.01.16-04.40.03:681][  0]LogInit: Texture streaming: Enabled
[2015.01.16-04.40.03:703][  0]LogAnalytics: Creating configured Analytics provider AnalyticsET
[2015.01.16-04.40.03:703][  0]LogAnalytics: ET APIKey = Rocket.Release. APIServer = http://et2.epicgames.com/ET2/. AppVersion = 4.6.1-2386410+++depot+UE4-Releases+4.6
[2015.01.16-04.40.03:704][  0]LogAnalytics: SetUserId 5a045227e89f0642cba4625644d0354a
[2015.01.16-04.40.03:704][  0]LogAnalytics: AnalyticsET::StartSession [Rocket.Release]
[2015.01.16-04.40.03:715][  0]LogInit: Transaction tracking system initialized
[2015.01.16-04.40.03:791][  0]BlueprintLog: New page: Editor Load
[2015.01.16-04.40.03:818][  0]LogAssetRegistry: FAssetRegistry took 0.0109 seconds to start up
[2015.01.16-04.40.03:818][  0]LogDirectoryWatcher:Warning: Failed to begin reading directory changes for ../../../Engine/Plugins/Experimental/CharacterAI/Content/. Error: 0
[2015.01.16-04.40.04:300][  0]LogTargetPlatformManager:Display: Building Assets For Windows
[2015.01.16-04.40.04:641][  0]LogTargetPlatformManager:Display: Building Assets For Windows
[2015.01.16-04.40.04:785][  0]LogConsoleResponse:Display: 
[2015.01.16-04.40.04:825][  0]LogLinker:Warning: Asset '../../../Engine/Content/Functions/Engine_MaterialFunctions03/Procedurals/ComputeFilterWidth.uasset' has been saved with empty engine version. The asset will be loaded but may be incompatible.
[2015.01.16-04.40.04:981][  0]SourceControl: Info Source control is disabled
[2015.01.16-04.40.04:982][  0]Cmd: MAP LOAD FILE="../../../../../../Users/Stevo/Desktop/BZS_Template/Content/Maps/Main_Menu.umap" TEMPLATE=0 SHOWPROGRESS=1
[2015.01.16-04.40.04:982][  0]LightingResults: New page: Lighting Build
[2015.01.16-04.40.04:989][  0]MapCheck: New page: Map Check
[2015.01.16-04.40.04:989][  0]LightingResults: New page: Lighting Build
[2015.01.16-04.40.04:996][  0]LogParticles: Destroying 0 GPU particle simulations for FXSystem 0x00000006EA545940
[2015.01.16-04.40.05:213][  0]LogLinker:Warning: Asset '../../../../../../Users/Stevo/Desktop/BZS_Template/Content/Blueprints/MyProjectile.uasset' has been saved with empty engine version. The asset will be loaded but may be incompatible.
[2015.01.16-04.40.05:551][  0]LogAnimation:Warning: UAnimMontage::PostLoad: The actual sequence length for montage FPP_Fire_Montage does not match the length stored in the asset, please resave the montage asset.
[2015.01.16-04.40.05:584][  0]LogEditorServer: Finished looking for orphan Actors (0.000 secs)
[2015.01.16-04.40.05:584][  0]LogAIModule: Creating AISystem for world Main_Menu
[2015.01.16-04.40.05:585][  0]Cmd: MAP CHECKDEP
[2015.01.16-04.40.05:585][  0]MapCheck: New page: Main_Menu - Jan 15, 2015, 12:40:05 PM
[2015.01.16-04.40.05:669][  0]MapCheck: Info Map check complete: 0 Error(s), 0 Warning(s), took 84.028ms to complete.
[2015.01.16-04.40.05:669][  0]LogFileHelpers: Loading map 'Main_Menu' took 0.687
[2015.01.16-04.40.05:742][  0]LogCollectionManager: Loaded 0 collections in 0.000993 seconds
[2015.01.16-04.40.05:833][  0]LogCrashTracker: Crashtracker disabled due to settings.
[2015.01.16-04.40.05:839][  0]LogUObjectGlobals:Warning: Failed to find object 'Class None.'
[2015.01.16-04.40.05:864][  0]LogLoad: Full Startup: 10.63 seconds (BP compile: 0.22 seconds)
[2015.01.16-04.40.06:208][  0]LogContentBrowser:Verbose: The content browser source was changed by the sources view to '/Game/Maps'
[2015.01.16-04.40.06:339][  0]LogRenderer:Warning: Reallocating scene render targets to support 1136x904.
[2015.01.16-04.40.06:882][  2]LogAssetRegistry: Asset discovery search completed in 3.0749 seconds
[2015.01.16-04.40.12:158][484]BlueprintLog: New page: Pre-PIE auto-recompile
[2015.01.16-04.40.12:158][484]LogPlayLevel: [PIE] Compiling Main_Menu before PIE...
[2015.01.16-04.40.12:213][484]LogPlayLevel: PIE:  Blueprint regeneration took 54 ms (1 blueprints)
[2015.01.16-04.40.12:214][484]PIE: New page: PIE session: Main_Menu (Jan 15, 2015, 12:40:12 PM)
[2015.01.16-04.40.12:215][484]LogPlayLevel: PIE: StaticDuplicateObject took: (0.001146s)
[2015.01.16-04.40.12:215][484]LogPlayLevel: PIE: World Init took: (0.000527s)
[2015.01.16-04.40.12:216][484]LogPlayLevel: PIE: Created PIE world by copying editor world from /Game/Maps/Main_Menu.Main_Menu to /Game/Maps/UEDPIE_0_Main_Menu.Main_Menu (0.001859s)
[2015.01.16-04.40.12:266][484]BlueprintLog:Warning: Warning Blueprint MyGame has been migrated and requires re-saving to avoid import errors
[2015.01.16-04.40.12:267][484]LogWorld: Game class is 'MyGame_C'
[2015.01.16-04.40.12:269][484]LogAIModule: Creating AISystem for world Main_Menu
[2015.01.16-04.40.12:269][484]LogWorld: Bringing World /Game/Maps/UEDPIE_0_Main_Menu.Main_Menu up for play (max tick rate 0) at 2015.01.15-20.40.12
[2015.01.16-04.40.12:269][484]LogWorld: Bringing up level for play took: 0.000546
[2015.01.16-04.40.12:272][484]PIE: Info Play in editor start time for /Game/Maps/UEDPIE_0_Main_Menu 1.058
[2015.01.16-04.40.18:158][169]LogPackageName: SearchForPackageOnDisk took   0.065s to resolve Main_Menu.umap
[2015.01.16-04.40.18:222][169]LogPackageName: SearchForPackageOnDisk took   0.063s to resolve Main_Menu.umap
[2015.01.16-04.40.18:222][169]LogNet: Browse: /Game/Maps/Main_Menu
[2015.01.16-04.40.18:222][169]LogLoad: LoadMap: /Game/Maps/Main_Menu
[2015.01.16-04.40.18:232][169]LogParticles: Destroying 0 GPU particle simulations for FXSystem 0x00000006E1BAEE80
[2015.01.16-04.40.18:232][169]Cmd: MEM
[2015.01.16-04.40.18:241][169]LogMemory: Platform Memory Stats for Windows
[2015.01.16-04.40.18:241][169]LogMemory: Process Physical Memory: 373.07 MB used, 398.11 MB peak
[2015.01.16-04.40.18:241][169]LogMemory: Process Virtual Memory: 280.98 MB used, 319.64 MB peak
[2015.01.16-04.40.18:241][169]LogMemory: Physical Memory: 3111.53 MB used, 8153.19 MB total
[2015.01.16-04.40.18:241][169]LogMemory: Virtual Memory: 815.45 MB used, 134217728.00 MB total
[2015.01.16-04.40.18:241][169]LogMemory: 
[2015.01.16-04.40.18:241][169]Allocator Stats for TBB: (not implemented)
[2015.01.16-04.40.18:242][169]LogPlayLevel: PIE: StaticDuplicateObject took: (0.001231s)
[2015.01.16-04.40.18:243][169]LogPlayLevel: PIE: World Init took: (0.000443s)
[2015.01.16-04.40.18:243][169]LogPlayLevel: PIE: Created PIE world by copying editor world from /Game/Maps/Main_Menu.Main_Menu to /Game/Maps/UEDPIE_0_Main_Menu.Main_Menu (0.001794s)
[2015.01.16-04.40.18:243][169]LogWorld: Game class is 'MyGame_C'
[2015.01.16-04.40.18:245][169]LogAIModule: Creating AISystem for world Main_Menu
[2015.01.16-04.40.18:245][169]LogWorld: Bringing World /Game/Maps/UEDPIE_0_Main_Menu.Main_Menu up for play (max tick rate 0) at 2015.01.15-20.40.18
[2015.01.16-04.40.18:246][169]LogWorld: Bringing up level for play took: 0.000518
[2015.01.16-04.40.18:246][169]LogGameMode: Warning - PATHS NOT DEFINED or NO PLAYERSTART with positive rating
[2015.01.16-04.40.18:887][236]LogPackageName: SearchForPackageOnDisk took   0.063s to resolve Example_Map.umap
[2015.01.16-04.40.18:950][236]LogPackageName: SearchForPackageOnDisk took   0.063s to resolve Example_Map.umap
[2015.01.16-04.40.18:951][236]LogNet: Browse: /Game/Maps/Example_Map
[2015.01.16-04.40.18:951][236]LogLoad: LoadMap: /Game/Maps/Example_Map
[2015.01.16-04.40.18:958][236]LogParticles: Destroying 0 GPU particle simulations for FXSystem 0x00000006E502B100
[2015.01.16-04.40.18:959][236]Cmd: MEM
[2015.01.16-04.40.18:967][236]LogMemory: Platform Memory Stats for Windows
[2015.01.16-04.40.18:967][236]LogMemory: Process Physical Memory: 372.43 MB used, 398.11 MB peak
[2015.01.16-04.40.18:967][236]LogMemory: Process Virtual Memory: 280.45 MB used, 319.64 MB peak
[2015.01.16-04.40.18:967][236]LogMemory: Physical Memory: 3110.40 MB used, 8153.19 MB total
[2015.01.16-04.40.18:967][236]LogMemory: Virtual Memory: 822.45 MB used, 134217728.00 MB total
[2015.01.16-04.40.18:967][236]LogMemory: 
[2015.01.16-04.40.18:967][236]Allocator Stats for TBB: (not implemented)
[2015.01.16-04.40.19:314][236]LogLinker:Warning: Asset '../../../../../../Users/Stevo/Desktop/BZS_Template/Content/Blueprints/MyProjectile.uasset' has been saved with empty engine version. The asset will be loaded but may be incompatible.
[2015.01.16-04.40.19:354][236]LogWorld: Game class is 'MyGame_C'
[2015.01.16-04.40.19:356][236]LogAIModule: Creating AISystem for world Example_Map
[2015.01.16-04.40.19:358][236]LogWorld: Bringing World /Game/Maps/UEDPIE_0_Example_Map.Example_Map up for play (max tick rate 0) at 2015.01.15-20.40.19
[2015.01.16-04.40.19:359][236]LogWorld: Bringing up level for play took: 0.003179
[2015.01.16-04.40.25:502][912]LogParticles: Destroying 0 GPU particle simulations for FXSystem 0x00000006E4F42520
[2015.01.16-04.40.26:491][ 25]BlueprintLog: New page: Pre-PIE auto-recompile
[2015.01.16-04.40.26:491][ 25]LogPlayLevel: [PIE] Compiling Main_Menu before PIE...
[2015.01.16-04.40.26:531][ 25]LogPlayLevel: PIE:  Blueprint regeneration took 40 ms (1 blueprints)
[2015.01.16-04.40.26:531][ 25]PIE: New page: PIE session: Main_Menu (Jan 15, 2015, 12:40:26 PM)
[2015.01.16-04.40.26:532][ 25]LogPlayLevel: PIE: StaticDuplicateObject took: (0.001102s)
[2015.01.16-04.40.26:533][ 25]LogPlayLevel: PIE: World Init took: (0.000435s)
[2015.01.16-04.40.26:533][ 25]LogPlayLevel: PIE: Created PIE world by copying editor world from /Game/Maps/Main_Menu.Main_Menu to /Game/Maps/UEDPIE_0_Main_Menu.Main_Menu (0.001659s)
[2015.01.16-04.40.26:562][ 25]LogWorld: Game class is 'MyGame_C'
[2015.01.16-04.40.26:564][ 25]LogAIModule: Creating AISystem for world Main_Menu
[2015.01.16-04.40.26:564][ 25]LogWorld: Bringing World /Game/Maps/UEDPIE_0_Main_Menu.Main_Menu up for play (max tick rate 0) at 2015.01.15-20.40.26
[2015.01.16-04.40.26:564][ 25]LogWorld: Bringing up level for play took: 0.000498
[2015.01.16-04.40.26:567][ 25]PIE: Info Play in editor start time for /Game/Maps/UEDPIE_0_Main_Menu -0.648
[2015.01.16-04.40.28:860][286]LogPackageName: SearchForPackageOnDisk took   0.062s to resolve Main_Menu.umap
[2015.01.16-04.40.28:924][286]LogPackageName: SearchForPackageOnDisk took   0.062s to resolve Main_Menu.umap
[2015.01.16-04.40.28:924][286]LogNet: Browse: /Game/Maps/Main_Menu
[2015.01.16-04.40.28:924][286]LogLoad: LoadMap: /Game/Maps/Main_Menu
[2015.01.16-04.40.28:933][286]LogParticles: Destroying 0 GPU particle simulations for FXSystem 0x00000006E23A1580
[2015.01.16-04.40.28:934][286]Cmd: MEM
[2015.01.16-04.40.28:942][286]LogMemory: Platform Memory Stats for Windows
[2015.01.16-04.40.28:942][286]LogMemory: Process Physical Memory: 459.80 MB used, 483.32 MB peak
[2015.01.16-04.40.28:942][286]LogMemory: Process Virtual Memory: 365.14 MB used, 392.02 MB peak
[2015.01.16-04.40.28:942][286]LogMemory: Physical Memory: 3191.86 MB used, 8153.19 MB total
[2015.01.16-04.40.28:942][286]LogMemory: Virtual Memory: 911.88 MB used, 134217728.00 MB total
[2015.01.16-04.40.28:942][286]LogMemory: 
[2015.01.16-04.40.28:942][286]Allocator Stats for TBB: (not implemented)
[2015.01.16-04.40.28:943][286]LogPlayLevel: PIE: StaticDuplicateObject took: (0.001134s)
[2015.01.16-04.40.28:943][286]LogPlayLevel: PIE: World Init took: (0.000430s)
[2015.01.16-04.40.28:944][286]LogPlayLevel: PIE: Created PIE world by copying editor world from /Game/Maps/Main_Menu.Main_Menu to /Game/Maps/UEDPIE_0_Main_Menu.Main_Menu (0.001688s)
[2015.01.16-04.40.28:944][286]LogWorld: Game class is 'MyGame_C'
[2015.01.16-04.40.28:946][286]LogAIModule: Creating AISystem for world Main_Menu
[2015.01.16-04.40.28:946][286]LogWorld: Bringing World /Game/Maps/UEDPIE_0_Main_Menu.Main_Menu up for play (max tick rate 0) at 2015.01.15-20.40.28
[2015.01.16-04.40.28:946][286]LogWorld: Bringing up level for play took: 0.000475
[2015.01.16-04.40.28:946][286]LogGameMode: Warning - PATHS NOT DEFINED or NO PLAYERSTART with positive rating
[2015.01.16-04.40.31:441][577]LogParticles: Destroying 0 GPU particle simulations for FXSystem 0x00000006E0D38400
[2015.01.16-04.40.32:236][668]BlueprintLog: New page: Pre-PIE auto-recompile
[2015.01.16-04.40.32:236][668]LogPlayLevel: [PIE] Compiling Main_Menu before PIE...
[2015.01.16-04.40.32:274][668]LogPlayLevel: PIE:  Blueprint regeneration took 38 ms (1 blueprints)
[2015.01.16-04.40.32:274][668]PIE: New page: PIE session: Main_Menu (Jan 15, 2015, 12:40:32 PM)
[2015.01.16-04.40.32:276][668]LogPlayLevel: PIE: StaticDuplicateObject took: (0.001058s)
[2015.01.16-04.40.32:276][668]LogPlayLevel: PIE: World Init took: (0.000432s)
[2015.01.16-04.40.32:276][668]LogPlayLevel: PIE: Created PIE world by copying editor world from /Game/Maps/Main_Menu.Main_Menu to /Game/Maps/UEDPIE_0_Main_Menu.Main_Menu (0.001654s)
[2015.01.16-04.40.32:307][668]LogWorld: Game class is 'MyGame_C'
[2015.01.16-04.40.32:309][668]LogAIModule: Creating AISystem for world Main_Menu
[2015.01.16-04.40.32:309][668]LogWorld: Bringing World /Game/Maps/UEDPIE_0_Main_Menu.Main_Menu up for play (max tick rate 0) at 2015.01.15-20.40.32
[2015.01.16-04.40.32:310][668]LogWorld: Bringing up level for play took: 0.000513
[2015.01.16-04.40.32:312][668]PIE: Info Play in editor start time for /Game/Maps/UEDPIE_0_Main_Menu -0.902
[2015.01.16-04.40.32:979][739]LogPackageName: SearchForPackageOnDisk took   0.063s to resolve Example_Map.umap
[2015.01.16-04.40.33:042][739]LogPackageName: SearchForPackageOnDisk took   0.062s to resolve Example_Map.umap
[2015.01.16-04.40.33:042][739]LogNet: Browse: /Game/Maps/Example_Map
[2015.01.16-04.40.33:042][739]LogLoad: LoadMap: /Game/Maps/Example_Map
[2015.01.16-04.40.33:051][739]LogParticles: Destroying 0 GPU particle simulations for FXSystem 0x00000006E4FBD6C0
[2015.01.16-04.40.33:051][739]Cmd: MEM
[2015.01.16-04.40.33:059][739]LogMemory: Platform Memory Stats for Windows
[2015.01.16-04.40.33:059][739]LogMemory: Process Physical Memory: 460.73 MB used, 483.32 MB peak
[2015.01.16-04.40.33:059][739]LogMemory: Process Virtual Memory: 365.75 MB used, 392.02 MB peak
[2015.01.16-04.40.33:059][739]LogMemory: Physical Memory: 3191.23 MB used, 8153.19 MB total
[2015.01.16-04.40.33:059][739]LogMemory: Virtual Memory: 911.95 MB used, 134217728.00 MB total
[2015.01.16-04.40.33:059][739]LogMemory: 
[2015.01.16-04.40.33:059][739]Allocator Stats for TBB: (not implemented)
[2015.01.16-04.40.33:196][739]LogLinker:Warning: Asset '../../../../../../Users/Stevo/Desktop/BZS_Template/Content/Blueprints/MyProjectile.uasset' has been saved with empty engine version. The asset will be loaded but may be incompatible.
[2015.01.16-04.40.33:235][739]LogWorld: Game class is 'MyGame_C'
[2015.01.16-04.40.33:236][739]LogAIModule: Creating AISystem for world Example_Map
[2015.01.16-04.40.33:238][739]LogWorld: Bringing World /Game/Maps/UEDPIE_0_Example_Map.Example_Map up for play (max tick rate 0) at 2015.01.15-20.40.33
[2015.01.16-04.40.33:239][739]LogWorld: Bringing up level for play took: 0.001928
[2015.01.16-04.40.43:320][857]LogContentBrowser:Verbose: The content browser source was changed by the sources view to '/Game/Character'
[2015.01.16-04.40.44:575][985]LogContentBrowser:Verbose: The content browser source was changed by the sources view to '/Game/Blueprints'
[2015.01.16-04.40.57:145][868]LogActorComponent: UnregisterComponent: (/Engine/Transient.ProjectileMovementComponent_0) Not registered. Aborting.
[2015.01.16-04.40.57:145][868]LogActorComponent: UnregisterComponent: (/Engine/Transient.CharacterMovementComponent_0) Not registered. Aborting.
[2015.01.16-04.40.57:162][868]LogReferenceChain: Searching referencers for Example_Map. This may take several minutes.
[2015.01.16-04.40.57:369][868]LogReferenceChain: Generating reference graph ...
[2015.01.16-04.40.57:373][868]LogReferenceChain: Level 0 has 10 nodes ...
[2015.01.16-04.40.57:381][868]LogReferenceChain: Level 1 added 67 nodes ...
[2015.01.16-04.40.57:389][868]LogReferenceChain: Level 2 added 171 nodes ...
[2015.01.16-04.40.57:397][868]LogReferenceChain: Level 3 added 160 nodes ...
[2015.01.16-04.40.57:405][868]LogReferenceChain: Level 4 added 80 nodes ...
[2015.01.16-04.40.57:413][868]LogReferenceChain: Level 5 added 70 nodes ...
[2015.01.16-04.40.57:420][868]LogReferenceChain: Level 6 added 16 nodes ...
[2015.01.16-04.40.57:428][868]LogReferenceChain: Level 7 added 0 nodes ...
[2015.01.16-04.40.57:428][868]LogReferenceChain: Generating reference chains ...
[2015.01.16-04.40.57:428][868]LogReferenceChain:   
[2015.01.16-04.40.57:428][868]LogReferenceChain: External Referencers:
[2015.01.16-04.40.57:428][868]LogReferenceChain:   
[2015.01.16-04.40.57:571][868]LogReferenceChain: (root) GCObjectReferencer /Engine/Transient.GCObjectReferencer_0->UE4Editor-CoreUObject.dll!UnknownFunction (0x00007ffc8e783770) + 0 bytes [UnknownFile:0]
[2015.01.16-04.40.57:571][868]LogReferenceChain:   BlueprintVariableNodeSpawner /Engine/Transient.BlueprintVariableNodeSpawner_2074->Field
[2015.01.16-04.40.57:571][868]LogReferenceChain:     ObjectProperty /Game/Maps/UEDPIE_0_Example_Map.SKEL_Example_Map_C:MyCharacter->Outer
[2015.01.16-04.40.57:571][868]LogReferenceChain:       BlueprintGeneratedClass /Game/Maps/UEDPIE_0_Example_Map.SKEL_Example_Map_C->UE4Editor-CoreUObject.dll!UnknownFunction (0x00007ffc8e783440) + 0 bytes [UnknownFile:0]
[2015.01.16-04.40.57:571][868]LogReferenceChain:         LevelScriptBlueprint /Game/Maps/UEDPIE_0_Example_Map.Example_Map:PersistentLevel.Example_Map->Outer
[2015.01.16-04.40.57:571][868]LogReferenceChain:           Level /Game/Maps/UEDPIE_0_Example_Map.Example_Map:PersistentLevel->OwningWorld
[2015.01.16-04.40.57:571][868]LogReferenceChain:             (target) World /Game/Maps/UEDPIE_0_Example_Map.Example_Map
[2015.01.16-04.40.57:571][868]LogReferenceChain:   
[2015.01.16-04.40.57:571][868]LogReferenceChain: (root) GCObjectReferencer /Engine/Transient.GCObjectReferencer_0->UE4Editor-CoreUObject.dll!UnknownFunction (0x00007ffc8e783770) + 0 bytes [UnknownFile:0]
[2015.01.16-04.40.57:571][868]LogReferenceChain:   BlueprintVariableNodeSpawner /Engine/Transient.BlueprintVariableNodeSpawner_2075->Field
[2015.01.16-04.40.57:571][868]LogReferenceChain:     ObjectProperty /Game/Maps/UEDPIE_0_Example_Map.SKEL_Example_Map_C:MyCharacter->Outer
[2015.01.16-04.40.57:571][868]LogReferenceChain:       BlueprintGeneratedClass /Game/Maps/UEDPIE_0_Example_Map.SKEL_Example_Map_C->UE4Editor-CoreUObject.dll!UnknownFunction (0x00007ffc8e783440) + 0 bytes [UnknownFile:0]
[2015.01.16-04.40.57:571][868]LogReferenceChain:         LevelScriptBlueprint /Game/Maps/UEDPIE_0_Example_Map.Example_Map:PersistentLevel.Example_Map->Outer
[2015.01.16-04.40.57:571][868]LogReferenceChain:           Level /Game/Maps/UEDPIE_0_Example_Map.Example_Map:PersistentLevel->OwningWorld
[2015.01.16-04.40.57:571][868]LogReferenceChain:             (target) World /Game/Maps/UEDPIE_0_Example_Map.Example_Map
[2015.01.16-04.40.57:660][868]LogWindows:Error: Windows GetLastError: The operation completed successfully. (0)
[2015.01.16-04.40.57:670][868]LogCrashTracker: 


[2015.01.16-04.40.58:133][868]LogCrashTracker: 


[2015.01.16-04.40.58:133][868]LogWindows: === Critical error: ===
Fatal error: [File:D:\BuildFarm\buildmachine_++depot+UE4-Releases+4.6\Engine\Source\Developer\MessageLog\Private\Model\MessageLogListingModel.cpp] [Line: 70] 
Critical Error HeroFPP_AnimBlueprint_C /Game/Maps/UEDPIE_0_Example_Map.Example_Map:PersistentLevel.MyCharacter_C_6.Mesh1P.HeroFPP_AnimBlueprint_C_6 Object from PIE level still referenced. Shortest path from root:    (Object is not currently rooted)



KERNELBASE.dll!UnknownFunction (0x00007ffca4cd606c) + 0 bytes [UnknownFile:0]
UE4Editor-Core.dll!UnknownFunction (0x00007ffc8d342f7d) + 0 bytes [UnknownFile:0]
UE4Editor-Core.dll!UnknownFunction (0x00007ffc8d1d5fcf) + 0 bytes [UnknownFile:0]
UE4Editor-MessageLog.dll!UnknownFunction (0x00007ffc7f6cfa55) + 0 bytes [UnknownFile:0]
UE4Editor-MessageLog.dll!UnknownFunction (0x00007ffc7f6cfb4f) + 0 bytes [UnknownFile:0]
UE4Editor-Core.dll!UnknownFunction (0x00007ffc8d14ce65) + 0 bytes [UnknownFile:0]
UE4Editor-UnrealEd.dll!UnknownFunction (0x00007ffc85349c76) + 0 bytes [UnknownFile:0]
UE4Editor-UnrealEd.dll!UnknownFunction (0x00007ffc850e942a) + 0 bytes [UnknownFile:0]
UE4Editor-UnrealEd.dll!UnknownFunction (0x00007ffc85590686) + 0 bytes [UnknownFile:0]
UE4Editor.exe!FEngineLoop::Tick() (0x00007ff678a8cd94) + 0 bytes [d:\buildfarm\buildmachine_++depot+ue4-releases+4.6\engine\source\runtime\launch\private\launchengineloop.cpp:2214]
UE4Editor.exe!GuardedMain() (0x00007ff678a8089f) + 0 bytes [d:\buildfarm\buildmachine_++depot+ue4-releases+4.6\engine\source\runtime\launch\private\launch.cpp:131]
UE4Editor.exe!GuardedMainWrapper() (0x00007ff678a8090a) + 5 bytes [d:\buildfarm\buildmachine_++depot+ue4-releases+4.6\engine\source\runtime\launch\private\windows\launchwindows.cpp:126]
UE4Editor.exe!WinMain() (0x00007ff678a8e3d9) + 17 bytes [d:\buildfarm\buildmachine_++depot+ue4-releases+4.6\engine\source\runtime\launch\private\windows\launchwindows.cpp:202]
UE4Editor.exe!__tmainCRTStartup() (0x00007ff678a8f319) + 21 bytes [f:\dd\vctools\crt\crtw32\dllstuff\crtexe.c:618]
KERNEL32.DLL!UnknownFunction (0x00007ffca53d16ad) + 0 bytes [UnknownFile:0]
ntdll.dll!UnknownFunction (0x00007ffca77e4409) + 0 bytes [UnknownFile:0]
ntdll.dll!UnknownFunction (0x00007ffca77e4409) + 0 bytes [UnknownFile:0]


[2015.01.16-04.40.58:283][868]LogExit: Executing StaticShutdownAfterError
[2015.01.16-04.40.58:285][868]LogWindows: FPlatformMisc::RequestExit(1)
[2015.01.16-04.40.58:285][868]Log file closed, 01/15/15 20:40:58
