Log file open, 01/14/15 16:28:04
LogInit:Display: Running engine for game: BZS_Template
LogInit: Version: 4.6.1-2386410+++depot+UE4-Releases+4.6
LogInit: API Version: 2369412
LogInit: Compiled (64-bit): Dec 11 2014 21:31:39
LogInit: Compiled with Visual C++: 18.00.21005.01
LogInit: Build Configuration: Development
LogInit: Branch Name: ++depot+UE4-Releases+4.6
LogInit: Command line:  
LogInit: Base directory: C:/Program Files/Epic Games/4.6/Engine/Binaries/Win64/
LogInit: Rocket: 1
[2015.01.15-00.28.04:133][  0]LogTaskGraph: Started task graph with 3 named threads and 6 total threads.
[2015.01.15-00.28.04:192][  0]LogOnline:Warning: No default platform service specified for OnlineSubsystem
[2015.01.15-00.28.04:213][  0]LogInit: Presizing for 0 objects not considered by GC, pre-allocating 0 bytes.
[2015.01.15-00.28.04:222][  0]LogInit: Object subsystem initialized
[2015.01.15-00.28.04:224][  0]LogConsoleResponse:Warning: Skipping Unknown console variable: 'UIScaleRule = ShortestSide'
[2015.01.15-00.28.04:224][  0]LogConsoleResponse:Warning:   Found in ini file 'C:/Users/Stevo/Desktop/BZS_Template/Saved/Config/Windows/Engine.ini', in section '[/Script/Engine.RendererSettings]'
[2015.01.15-00.28.04:224][  0]LogConsoleResponse:Warning: Skipping Unknown console variable: 'UIScaleCurve = (EditorCurveData=(Keys=),ExternalCurve=None)'
[2015.01.15-00.28.04:224][  0]LogConsoleResponse:Warning:   Found in ini file 'C:/Users/Stevo/Desktop/BZS_Template/Saved/Config/Windows/Engine.ini', in section '[/Script/Engine.RendererSettings]'
[2015.01.15-00.28.04:224][  0]LogConsoleManager:Warning: Console variable 'r.MSAA.CompositingSampleCount' wasn't set (Priority ProjectSetting < Scalability)
[2015.01.15-00.28.04:225][  0]LogInit: Selected Device Profile: [Windows]
[2015.01.15-00.28.04:225][  0]LogInit: Applying CVar settings loaded from the selected device profile: [Windows]
[2015.01.15-00.28.04:229][  0]LogInit: Computer: STEVO-PC
[2015.01.15-00.28.04:229][  0]LogInit: User: Stevo
[2015.01.15-00.28.04:229][  0]LogInit: CPU Page size=4096, Cores=4
[2015.01.15-00.28.04:229][  0]LogInit: High frequency timer resolution =3.323579 MHz
[2015.01.15-00.28.04:229][  0]LogMemory: Memory total: Physical=8.0GB (8GB approx) Virtual=131072.0GB
[2015.01.15-00.28.04:230][  0]LogMemory: Platform Memory Stats for Windows
[2015.01.15-00.28.04:230][  0]LogMemory: Process Physical Memory: 49.17 MB used, 49.17 MB peak
[2015.01.15-00.28.04:230][  0]LogMemory: Process Virtual Memory: 25.09 MB used, 25.10 MB peak
[2015.01.15-00.28.04:230][  0]LogMemory: Physical Memory: 3035.61 MB used, 8153.19 MB total
[2015.01.15-00.28.04:230][  0]LogMemory: Virtual Memory: 271.26 MB used, 134217728.00 MB total
[2015.01.15-00.28.04:249][  0]LogD3D11RHI: Found D3D11 adapter 0: NVIDIA GeForce GTX 760 (Feature Level 11_0)
[2015.01.15-00.28.04:249][  0]LogD3D11RHI: Adapter has 1985MB of dedicated video memory, 0MB of dedicated system memory, and 2048MB of shared system memory, 2 output[s]
[2015.01.15-00.28.04:250][  0]LogD3D11RHI: Found D3D11 adapter 1: Microsoft Basic Render Driver (Feature Level 11_0)
[2015.01.15-00.28.04:250][  0]LogD3D11RHI: Adapter has 0MB of dedicated video memory, 0MB of dedicated system memory, and 256MB of shared system memory, 0 output[s]
[2015.01.15-00.28.04:250][  0]LogD3D11RHI: Chosen D3D11 Adapter Id = 0
[2015.01.15-00.28.04:253][  0]LogRHI: Texture pool is 1361 MB (70% of 1945 MB)
[2015.01.15-00.28.04:260][  0]LogD3D11RHI: Async texture creation enabled
[2015.01.15-00.28.04:312][  0]LogTextLocalizationManager: The requested culture ('en_US') has no localization data; parent culture's ('en') localization data will be used.
[2015.01.15-00.28.04:437][  0]LogContentStreaming: Texture pool size is 0.000000MB
[2015.01.15-00.28.09:546][  0]LogTargetPlatformManager:Display: Building Assets For Windows
[2015.01.15-00.28.09:935][  0]LogTargetPlatformManager:Display: Building Assets For Windows
[2015.01.15-00.28.09:981][  0]LogDerivedDataCache:Display: Max Cache Size: 512 MB
[2015.01.15-00.28.10:018][  0]LogDerivedDataCache: Loaded boot cache 0.04s 39MB C:/Users/Stevo/AppData/Local/UnrealEngine/4.6/DerivedDataCache/Boot.ddc.
[2015.01.15-00.28.10:019][  0]LogDerivedDataCache:Display: Loaded Boot cache: C:/Users/Stevo/AppData/Local/UnrealEngine/4.6/DerivedDataCache/Boot.ddc
[2015.01.15-00.28.10:019][  0]LogDerivedDataCache: FDerivedDataBackendGraph:  Pak pak cache file ../../../../../../Users/Stevo/Desktop/BZS_Template/DerivedDataCache/DDC.ddp not found, will not use a pak cache.
[2015.01.15-00.28.10:019][  0]LogDerivedDataCache: Unable to find inner node Pak for hierarchical cache Hierarchy.
[2015.01.15-00.28.10:081][  0]LogDerivedDataCache:Display: Pak cache opened for reading ../../../Engine/DerivedDataCache/DDC.ddp.
[2015.01.15-00.28.10:093][  0]LogDerivedDataCache: Using Local data cache path C:/Users/Stevo/AppData/Local/UnrealEngine/Common/DerivedDataCache: Writable
[2015.01.15-00.28.10:211][  0]LogCollisionProfile:Warning: Profile (UI) - Custom Channel Name = 'Weapon' hasn't been found
[2015.01.15-00.28.10:339][  0]LogMeshUtilities: No automatic mesh reduction module available
[2015.01.15-00.28.10:339][  0]LogMeshUtilities: No automatic mesh merging module available
[2015.01.15-00.28.10:666][  0]LogInit: WinSock: version 1.1 (2.2), MaxSocks=32767, MaxUdp=65467
[2015.01.15-00.28.10:714][  0]LogSlate:Warning: Failed to load font data from '../../../Engine/Content/Slate/Fonts/Roboto-Italic.ttf'
[2015.01.15-00.28.11:371][  0]UdpMessaging: Initializing bridge on interface 0.0.0.0:0 to multicast group 230.0.0.1:6666.
[2015.01.15-00.28.11:527][  0]LogDirectoryWatcher:Warning: Failed to begin reading directory changes for C:/Users/Stevo/Desktop/BZS_Template/Binaries/Win64. Error: 0
[2015.01.15-00.28.11:646][  0]SourceControl: Info Source control is disabled
[2015.01.15-00.28.11:646][  0]SourceControl: Info Source control is disabled
[2015.01.15-00.28.11:652][  0]SourceControl: Info Source control is disabled
[2015.01.15-00.28.11:747][  0]LogObj: 23754 objects as part of root set at end of initial load.
[2015.01.15-00.28.11:747][  0]LogUObjectAllocator: 5168128 out of 0 bytes used by permanent object pool.
[2015.01.15-00.28.11:797][  0]LogEngine: Initializing Engine...
[2015.01.15-00.28.11:926][  0]LogInit: XAudio2 using 'Speakers (2- C-Media USB Audio Device   )' : 2 channels at 44.1 kHz using 16 bits per sample (channel mask 0x3)
[2015.01.15-00.28.11:932][  0]LogInit: FAudioDevice initialized.
[2015.01.15-00.28.11:948][  0]LogAIModule: Creating AISystem for world NewWorld
[2015.01.15-00.28.11:969][  0]LogDerivedDataCache: Saved boot cache 0.02s 39MB C:/Users/Stevo/AppData/Local/UnrealEngine/4.6/DerivedDataCache/Boot.ddc.
[2015.01.15-00.28.11:974][  0]LogInit: Texture streaming: Enabled
[2015.01.15-00.28.11:995][  0]LogAnalytics: Creating configured Analytics provider AnalyticsET
[2015.01.15-00.28.11:995][  0]LogAnalytics: ET APIKey = Rocket.Release. APIServer = http://et2.epicgames.com/ET2/. AppVersion = 4.6.1-2386410+++depot+UE4-Releases+4.6
[2015.01.15-00.28.11:996][  0]LogAnalytics: SetUserId 5a045227e89f0642cba4625644d0354a
[2015.01.15-00.28.11:996][  0]LogAnalytics: AnalyticsET::StartSession [Rocket.Release]
[2015.01.15-00.28.12:008][  0]LogInit: Transaction tracking system initialized
[2015.01.15-00.28.12:086][  0]BlueprintLog: New page: Editor Load
[2015.01.15-00.28.12:112][  0]LogAssetRegistry: FAssetRegistry took 0.0103 seconds to start up
[2015.01.15-00.28.12:112][  0]LogDirectoryWatcher:Warning: Failed to begin reading directory changes for ../../../Engine/Plugins/Experimental/CharacterAI/Content/. Error: 0
[2015.01.15-00.28.12:509][  0]LogTargetPlatformManager:Display: Building Assets For Windows
[2015.01.15-00.28.12:808][  0]LogTargetPlatformManager:Display: Building Assets For Windows
[2015.01.15-00.28.12:949][  0]LogConsoleResponse:Display: 
[2015.01.15-00.28.12:995][  0]LogLinker:Warning: Asset '../../../Engine/Content/Functions/Engine_MaterialFunctions03/Procedurals/ComputeFilterWidth.uasset' has been saved with empty engine version. The asset will be loaded but may be incompatible.
[2015.01.15-00.28.13:159][  0]SourceControl: Info Source control is disabled
[2015.01.15-00.28.13:160][  0]Cmd: MAP LOAD FILE="../../../../../../Users/Stevo/Desktop/BZS_Template/Content/Maps/Example_Map.umap" TEMPLATE=0 SHOWPROGRESS=1
[2015.01.15-00.28.13:160][  0]LightingResults: New page: Lighting Build
[2015.01.15-00.28.13:168][  0]MapCheck: New page: Map Check
[2015.01.15-00.28.13:168][  0]LightingResults: New page: Lighting Build
[2015.01.15-00.28.13:174][  0]LogParticles: Destroying 0 GPU particle simulations for FXSystem 0x0000002DAE357E20
[2015.01.15-00.28.13:476][  0]LogEditorServer: Finished looking for orphan Actors (0.000 secs)
[2015.01.15-00.28.13:476][  0]LogAIModule: Creating AISystem for world Example_Map
[2015.01.15-00.28.13:476][  0]Cmd: MAP CHECKDEP
[2015.01.15-00.28.13:476][  0]MapCheck: New page: Example_Map - Jan 14, 2015, 8:28:13 AM
[2015.01.15-00.28.13:547][  0]MapCheck: Info Map check complete: 0 Error(s), 0 Warning(s), took 70.206ms to complete.
[2015.01.15-00.28.13:547][  0]LogFileHelpers: Loading map 'Example_Map' took 0.386
[2015.01.15-00.28.13:636][  0]LogCollectionManager: Loaded 0 collections in 0.001144 seconds
[2015.01.15-00.28.13:723][  0]LogCrashTracker: Crashtracker disabled due to settings.
[2015.01.15-00.28.13:729][  0]LogUObjectGlobals:Warning: Failed to find object 'Class None.'
[2015.01.15-00.28.13:755][  0]LogLoad: Full Startup: 10.45 seconds (BP compile: 0.04 seconds)
[2015.01.15-00.28.14:100][  0]LogContentBrowser:Verbose: The content browser source was changed by the sources view to '/Game/Blueprints'
[2015.01.15-00.28.14:239][  0]LogRenderer:Warning: Reallocating scene render targets to support 1136x904.
[2015.01.15-00.28.15:094][  3]LogAssetRegistry: Asset discovery search completed in 2.9930 seconds
[2015.01.15-00.29.13:111][266]LogContentBrowser:Verbose: The content browser source was changed by the sources view to '/Game/UMD'
[2015.01.15-00.29.15:680][517]LogLinker:Warning: Asset '../../../../../../Users/Stevo/Desktop/BZS_Template/Content/Blueprints/MyProjectile.uasset' has been saved with empty engine version. The asset will be loaded but may be incompatible.
[2015.01.15-00.29.15:903][517]LogAnimation:Warning: UAnimMontage::PostLoad: The actual sequence length for montage FPP_Fire_Montage does not match the length stored in the asset, please resave the montage asset.
[2015.01.15-00.33.22:939][389]BlueprintLog: New page: Compile PauseMenu
[2015.01.15-00.33.23:067][389]BlueprintEditorCompileResults: Info [0319.76] Compile of PauseMenu successful! [in 125 ms]
[2015.01.15-00.33.23:761][426]Cmd: OBJ SAVEPACKAGE PACKAGE="/Game/UMD/PauseMenu" FILE="../../../../../../Users/Stevo/Desktop/BZS_Template/Content/UMD/PauseMenu.uasset" SILENT=true
[2015.01.15-00.33.23:785][426]LogSavePackage: Save=9.986824ms
[2015.01.15-00.33.23:785][426]LogSavePackage: Moving '../../../../../../Users/Stevo/Desktop/BZS_Template/Saved/PauseMenuE91710AA4D7ADBE5805C9289575B5C6B.tmp' to '../../../../../../Users/Stevo/Desktop/BZS_Template/Content/UMD/PauseMenu.uasset'
[2015.01.15-00.33.46:598][784]BlueprintLog: New page: Compile PauseMenu
[2015.01.15-00.33.46:695][784]BlueprintEditorCompileResults: Info [0343.39] Compile of PauseMenu successful! [in 93 ms]
[2015.01.15-00.33.47:138][806]Cmd: OBJ SAVEPACKAGE PACKAGE="/Game/UMD/PauseMenu" FILE="../../../../../../Users/Stevo/Desktop/BZS_Template/Content/UMD/PauseMenu.uasset" SILENT=true
[2015.01.15-00.33.47:161][806]LogSavePackage: Save=10.031355ms
[2015.01.15-00.33.47:161][806]LogSavePackage: Moving '../../../../../../Users/Stevo/Desktop/BZS_Template/Saved/PauseMenu422F693B4E018F6D5BB928B89F655F2F.tmp' to '../../../../../../Users/Stevo/Desktop/BZS_Template/Content/UMD/PauseMenu.uasset'
[2015.01.15-00.33.49:461][986]BlueprintLog: New page: Pre-PIE auto-recompile
[2015.01.15-00.33.49:465][986]LogPlayLevel: [PIE] Compiling MyCharacter before PIE...
[2015.01.15-00.33.49:623][986]LogPlayLevel: [PIE] Compiling Tutorial_BP_MacroLib before PIE...
[2015.01.15-00.33.49:692][986]LogPlayLevel: [PIE] Compiling MainMenu before PIE...
[2015.01.15-00.33.49:812][986]LogPlayLevel: [PIE] Compiling PauseMenu before PIE...
[2015.01.15-00.33.49:915][986]LogPlayLevel: PIE:  Blueprint regeneration took 454 ms (4 blueprints)
[2015.01.15-00.33.49:915][986]PIE: New page: PIE session: Example_Map (Jan 14, 2015, 8:33:49 AM)
[2015.01.15-00.33.49:941][986]LogPlayLevel: PIE: StaticDuplicateObject took: (0.025709s)
[2015.01.15-00.33.49:942][986]LogPlayLevel: PIE: World Init took: (0.001106s)
[2015.01.15-00.33.49:942][986]LogPlayLevel: PIE: Created PIE world by copying editor world from /Game/Maps/Example_Map.Example_Map to /Game/Maps/UEDPIE_0_Example_Map.Example_Map (0.027074s)
[2015.01.15-00.33.50:031][986]BlueprintLog:Warning: Warning Blueprint MyGame has been migrated and requires re-saving to avoid import errors
[2015.01.15-00.33.50:035][986]LogWorld: Game class is 'MyGame_C'
[2015.01.15-00.33.50:036][986]LogAIModule: Creating AISystem for world Example_Map
[2015.01.15-00.33.50:038][986]LogWorld: Bringing World /Game/Maps/UEDPIE_0_Example_Map.Example_Map up for play (max tick rate 0) at 2015.01.14-16.33.50
[2015.01.15-00.33.50:038][986]LogWorld: Bringing up level for play took: 0.001625
[2015.01.15-00.33.50:041][986]PIE: Info Play in editor start time for /Game/Maps/UEDPIE_0_Example_Map 0.863
[2015.01.15-00.33.59:899][ 78]LogParticles: Destroying 0 GPU particle simulations for FXSystem 0x0000002DADDC9A80
[2015.01.15-00.34.03:449][477]LogContentBrowser:Verbose: The content browser source was changed by the sources view to '/Game/Blueprints'
[2015.01.15-00.34.03:884][523]LogContentBrowser:Verbose: The content browser source was changed by the sources view to '/Game/Character'
[2015.01.15-00.34.04:591][595]LogContentBrowser:Verbose: The content browser source was changed by the sources view to '/Game/Blueprints'
[2015.01.15-00.34.05:541][663]LogPropertyNode:Warning: UI Min (0.001) >= UI Max () for Ranged Numeric
[2015.01.15-00.34.05:544][663]LogPropertyNode:Warning: UI Min (0.001) >= UI Max () for Ranged Numeric
[2015.01.15-00.34.05:595][663]LogPropertyNode:Warning: UI Min (0.001) >= UI Max () for Ranged Numeric
[2015.01.15-00.34.05:596][663]LogPropertyNode:Warning: UI Min (0.001) >= UI Max () for Ranged Numeric
[2015.01.15-00.34.46:866][867]BlueprintLog: New page: Compile MyCharacter
[2015.01.15-00.34.46:931][867]LogPropertyNode:Warning: UI Min (0.001) >= UI Max () for Ranged Numeric
[2015.01.15-00.34.46:931][867]LogPropertyNode:Warning: UI Min (0.001) >= UI Max () for Ranged Numeric
[2015.01.15-00.34.46:984][867]LogActorComponent: UnregisterComponent: (/Engine/Transient.ProjectileMovementComponent_0) Not registered. Aborting.
[2015.01.15-00.34.46:984][867]LogActorComponent: UnregisterComponent: (/Engine/Transient.CharacterMovementComponent_0) Not registered. Aborting.
[2015.01.15-00.34.47:035][867]LogPropertyNode:Warning: UI Min (0.001) >= UI Max () for Ranged Numeric
[2015.01.15-00.34.47:035][867]LogPropertyNode:Warning: UI Min (0.001) >= UI Max () for Ranged Numeric
[2015.01.15-00.34.47:136][867]BlueprintEditorCompileResults: Info [0403.83] Compile of MyCharacter successful! [in 244 ms]
[2015.01.15-00.34.48:024][899]Cmd: OBJ SAVEPACKAGE PACKAGE="/Game/Blueprints/MyCharacter" FILE="../../../../../../Users/Stevo/Desktop/BZS_Template/Content/Blueprints/MyCharacter.uasset" SILENT=true
[2015.01.15-00.34.48:359][899]LogSavePackage: Save=316.819916ms
[2015.01.15-00.34.48:359][899]LogSavePackage: Moving '../../../../../../Users/Stevo/Desktop/BZS_Template/Saved/MyCharacter5050E9A540769AAAE77DA7920BF1973B.tmp' to '../../../../../../Users/Stevo/Desktop/BZS_Template/Content/Blueprints/MyCharacter.uasset'
[2015.01.15-00.36.36:035][517]LogEditorTransaction: Undo Move Node
[2015.01.15-00.36.36:158][517]LogPropertyNode:Warning: UI Min (0.001) >= UI Max () for Ranged Numeric
[2015.01.15-00.36.36:158][517]LogPropertyNode:Warning: UI Min (0.001) >= UI Max () for Ranged Numeric
[2015.01.15-00.36.36:179][517]LogActorComponent: UnregisterComponent: (/Engine/Transient.CharacterMovementComponent_1) Not registered. Aborting.
[2015.01.15-00.37.17:120][566]BlueprintLog: New page: Compile MyCharacter
[2015.01.15-00.37.17:185][566]LogPropertyNode:Warning: UI Min (0.001) >= UI Max () for Ranged Numeric
[2015.01.15-00.37.17:186][566]LogPropertyNode:Warning: UI Min (0.001) >= UI Max () for Ranged Numeric
[2015.01.15-00.37.17:234][566]LogActorComponent: UnregisterComponent: (/Engine/Transient.CharacterMovementComponent_2) Not registered. Aborting.
[2015.01.15-00.37.17:284][566]LogPropertyNode:Warning: UI Min (0.001) >= UI Max () for Ranged Numeric
[2015.01.15-00.37.17:284][566]LogPropertyNode:Warning: UI Min (0.001) >= UI Max () for Ranged Numeric
[2015.01.15-00.37.17:384][566]BlueprintEditorCompileResults: Info [0554.08] Compile of MyCharacter successful! [in 238 ms]
[2015.01.15-00.37.17:914][583]Cmd: OBJ SAVEPACKAGE PACKAGE="/Game/Blueprints/MyCharacter" FILE="../../../../../../Users/Stevo/Desktop/BZS_Template/Content/Blueprints/MyCharacter.uasset" SILENT=true
[2015.01.15-00.37.18:243][583]LogSavePackage: Save=316.453735ms
[2015.01.15-00.37.18:243][583]LogSavePackage: Moving '../../../../../../Users/Stevo/Desktop/BZS_Template/Saved/MyCharacter2B96ED6744E33D3017922B8FC45ECCAC.tmp' to '../../../../../../Users/Stevo/Desktop/BZS_Template/Content/Blueprints/MyCharacter.uasset'
[2015.01.15-00.37.19:769][699]BlueprintLog: New page: Pre-PIE auto-recompile
[2015.01.15-00.37.19:805][699]LogPlayLevel: [PIE] Compiling MainMenu before PIE...
[2015.01.15-00.37.19:907][699]LogPropertyNode:Warning: UI Min (0.001) >= UI Max () for Ranged Numeric
[2015.01.15-00.37.19:908][699]LogPropertyNode:Warning: UI Min (0.001) >= UI Max () for Ranged Numeric
[2015.01.15-00.37.19:928][699]LogActorComponent: UnregisterComponent: (/Engine/Transient.CharacterMovementComponent_3) Not registered. Aborting.
[2015.01.15-00.37.19:971][699]LogPlayLevel: [PIE] Compiling PauseMenu before PIE...
[2015.01.15-00.37.20:066][699]LogPropertyNode:Warning: UI Min (0.001) >= UI Max () for Ranged Numeric
[2015.01.15-00.37.20:067][699]LogPropertyNode:Warning: UI Min (0.001) >= UI Max () for Ranged Numeric
[2015.01.15-00.37.20:110][699]LogPropertyNode:Warning: UI Min (0.001) >= UI Max () for Ranged Numeric
[2015.01.15-00.37.20:111][699]LogPropertyNode:Warning: UI Min (0.001) >= UI Max () for Ranged Numeric
[2015.01.15-00.37.20:137][699]LogPlayLevel: [PIE] Compiling MyCharacter before PIE...
[2015.01.15-00.37.20:203][699]LogPropertyNode:Warning: UI Min (0.001) >= UI Max () for Ranged Numeric
[2015.01.15-00.37.20:204][699]LogPropertyNode:Warning: UI Min (0.001) >= UI Max () for Ranged Numeric
[2015.01.15-00.37.20:271][699]LogPropertyNode:Warning: UI Min (0.001) >= UI Max () for Ranged Numeric
[2015.01.15-00.37.20:272][699]LogPropertyNode:Warning: UI Min (0.001) >= UI Max () for Ranged Numeric
[2015.01.15-00.37.20:399][699]LogPlayLevel: PIE:  Blueprint regeneration took 630 ms (3 blueprints)
[2015.01.15-00.37.20:399][699]PIE: New page: PIE session: Example_Map (Jan 14, 2015, 8:37:20 AM)
[2015.01.15-00.37.20:420][699]LogPlayLevel: PIE: StaticDuplicateObject took: (0.020799s)
[2015.01.15-00.37.20:422][699]LogPlayLevel: PIE: World Init took: (0.001359s)
[2015.01.15-00.37.20:422][699]LogPlayLevel: PIE: Created PIE world by copying editor world from /Game/Maps/Example_Map.Example_Map to /Game/Maps/UEDPIE_0_Example_Map.Example_Map (0.022666s)
[2015.01.15-00.37.20:460][699]LogWorld: Game class is 'MyGame_C'
[2015.01.15-00.37.20:462][699]LogAIModule: Creating AISystem for world Example_Map
[2015.01.15-00.37.20:463][699]LogWorld: Bringing World /Game/Maps/UEDPIE_0_Example_Map.Example_Map up for play (max tick rate 0) at 2015.01.14-16.37.20
[2015.01.15-00.37.20:464][699]LogWorld: Bringing up level for play took: 0.001809
[2015.01.15-00.37.20:466][699]PIE: Info Play in editor start time for /Game/Maps/UEDPIE_0_Example_Map 1.288
[2015.01.15-00.37.23:210][983]LogActorComponent: UnregisterComponent: (/Engine/Transient.CharacterMovementComponent_4) Not registered. Aborting.
[2015.01.15-00.37.23:304][984]LogParticles: Destroying 0 GPU particle simulations for FXSystem 0x0000002DC7CD0B80
[2015.01.15-00.37.24:068][ 65]BlueprintLog: New page: Pre-PIE auto-recompile
[2015.01.15-00.37.24:103][ 65]LogPlayLevel: [PIE] Compiling MainMenu before PIE...
[2015.01.15-00.37.24:194][ 65]LogPropertyNode:Warning: UI Min (0.001) >= UI Max () for Ranged Numeric
[2015.01.15-00.37.24:195][ 65]LogPropertyNode:Warning: UI Min (0.001) >= UI Max () for Ranged Numeric
[2015.01.15-00.37.24:259][ 65]LogPlayLevel: [PIE] Compiling PauseMenu before PIE...
[2015.01.15-00.37.24:354][ 65]LogPropertyNode:Warning: UI Min (0.001) >= UI Max () for Ranged Numeric
[2015.01.15-00.37.24:355][ 65]LogPropertyNode:Warning: UI Min (0.001) >= UI Max () for Ranged Numeric
[2015.01.15-00.37.24:400][ 65]LogPropertyNode:Warning: UI Min (0.001) >= UI Max () for Ranged Numeric
[2015.01.15-00.37.24:401][ 65]LogPropertyNode:Warning: UI Min (0.001) >= UI Max () for Ranged Numeric
[2015.01.15-00.37.24:428][ 65]LogPlayLevel: [PIE] Compiling MyCharacter before PIE...
[2015.01.15-00.37.24:493][ 65]LogPropertyNode:Warning: UI Min (0.001) >= UI Max () for Ranged Numeric
[2015.01.15-00.37.24:494][ 65]LogPropertyNode:Warning: UI Min (0.001) >= UI Max () for Ranged Numeric
[2015.01.15-00.37.24:561][ 65]LogPropertyNode:Warning: UI Min (0.001) >= UI Max () for Ranged Numeric
[2015.01.15-00.37.24:562][ 65]LogPropertyNode:Warning: UI Min (0.001) >= UI Max () for Ranged Numeric
[2015.01.15-00.37.24:690][ 65]LogPlayLevel: PIE:  Blueprint regeneration took 621 ms (3 blueprints)
[2015.01.15-00.37.24:690][ 65]PIE: New page: PIE session: Example_Map (Jan 14, 2015, 8:37:24 AM)
[2015.01.15-00.37.24:711][ 65]LogPlayLevel: PIE: StaticDuplicateObject took: (0.020853s)
[2015.01.15-00.37.24:712][ 65]LogPlayLevel: PIE: World Init took: (0.000843s)
[2015.01.15-00.37.24:712][ 65]LogPlayLevel: PIE: Created PIE world by copying editor world from /Game/Maps/Example_Map.Example_Map to /Game/Maps/UEDPIE_0_Example_Map.Example_Map (0.021916s)
[2015.01.15-00.37.24:749][ 65]LogWorld: Game class is 'MyGame_C'
[2015.01.15-00.37.24:751][ 65]LogAIModule: Creating AISystem for world Example_Map
[2015.01.15-00.37.24:752][ 65]LogWorld: Bringing World /Game/Maps/UEDPIE_0_Example_Map.Example_Map up for play (max tick rate 0) at 2015.01.14-16.37.24
[2015.01.15-00.37.24:753][ 65]LogWorld: Bringing up level for play took: 0.001606
[2015.01.15-00.37.24:754][ 65]PIE: Info Play in editor start time for /Game/Maps/UEDPIE_0_Example_Map 1.577
[2015.01.15-00.37.38:907][607]LogActorComponent: UnregisterComponent: (/Engine/Transient.CharacterMovementComponent_5) Not registered. Aborting.
[2015.01.15-00.37.39:002][608]LogParticles: Destroying 0 GPU particle simulations for FXSystem 0x0000002DC7CD0720
[2015.01.15-00.37.39:057][612]Cmd: SELECT NONE
[2015.01.15-00.37.42:491][991]BlueprintLog: New page: Pre-PIE auto-recompile
[2015.01.15-00.37.42:525][991]LogPlayLevel: [PIE] Compiling MainMenu before PIE...
[2015.01.15-00.37.42:614][991]LogPropertyNode:Warning: UI Min (0.001) >= UI Max () for Ranged Numeric
[2015.01.15-00.37.42:615][991]LogPropertyNode:Warning: UI Min (0.001) >= UI Max () for Ranged Numeric
[2015.01.15-00.37.42:680][991]LogPlayLevel: [PIE] Compiling PauseMenu before PIE...
[2015.01.15-00.37.42:776][991]LogPropertyNode:Warning: UI Min (0.001) >= UI Max () for Ranged Numeric
[2015.01.15-00.37.42:777][991]LogPropertyNode:Warning: UI Min (0.001) >= UI Max () for Ranged Numeric
[2015.01.15-00.37.42:821][991]LogPropertyNode:Warning: UI Min (0.001) >= UI Max () for Ranged Numeric
[2015.01.15-00.37.42:822][991]LogPropertyNode:Warning: UI Min (0.001) >= UI Max () for Ranged Numeric
[2015.01.15-00.37.42:848][991]LogPlayLevel: [PIE] Compiling MyCharacter before PIE...
[2015.01.15-00.37.42:914][991]LogPropertyNode:Warning: UI Min (0.001) >= UI Max () for Ranged Numeric
[2015.01.15-00.37.42:915][991]LogPropertyNode:Warning: UI Min (0.001) >= UI Max () for Ranged Numeric
[2015.01.15-00.37.42:981][991]LogPropertyNode:Warning: UI Min (0.001) >= UI Max () for Ranged Numeric
[2015.01.15-00.37.42:982][991]LogPropertyNode:Warning: UI Min (0.001) >= UI Max () for Ranged Numeric
[2015.01.15-00.37.43:107][991]LogPlayLevel: PIE:  Blueprint regeneration took 616 ms (3 blueprints)
[2015.01.15-00.37.43:107][991]PIE: New page: PIE session: Example_Map (Jan 14, 2015, 8:37:43 AM)
[2015.01.15-00.37.43:128][991]LogPlayLevel: PIE: StaticDuplicateObject took: (0.020372s)
[2015.01.15-00.37.43:129][991]LogPlayLevel: PIE: World Init took: (0.000749s)
[2015.01.15-00.37.43:129][991]LogPlayLevel: PIE: Created PIE world by copying editor world from /Game/Maps/Example_Map.Example_Map to /Game/Maps/UEDPIE_0_Example_Map.Example_Map (0.021319s)
[2015.01.15-00.37.43:166][991]LogWorld: Game class is 'MyGame_C'
[2015.01.15-00.37.43:168][991]LogAIModule: Creating AISystem for world Example_Map
[2015.01.15-00.37.43:169][991]LogWorld: Bringing World /Game/Maps/UEDPIE_0_Example_Map.Example_Map up for play (max tick rate 0) at 2015.01.14-16.37.43
[2015.01.15-00.37.43:169][991]LogWorld: Bringing up level for play took: 0.001602
[2015.01.15-00.37.43:171][991]PIE: Info Play in editor start time for /Game/Maps/UEDPIE_0_Example_Map -0.006
[2015.01.15-00.37.45:743][257]LogActorComponent: UnregisterComponent: (/Engine/Transient.CharacterMovementComponent_6) Not registered. Aborting.
[2015.01.15-00.37.45:775][258]LogParticles: Destroying 0 GPU particle simulations for FXSystem 0x0000002DCE485EE0
[2015.01.15-00.38.52:506][477]LogActorComponent: UnregisterComponent: (/Engine/Transient.ProjectileMovementComponent_1) Not registered. Aborting.
[2015.01.15-00.38.52:506][477]LogActorComponent: UnregisterComponent: (/Engine/Transient.CharacterMovementComponent_7) Not registered. Aborting.
[2015.01.15-00.38.52:523][477]LogFileHelpers: Editor autosave (incl. sublevels) for '/Game/Maps/Example_Map' took 0.017
[2015.01.15-00.38.52:560][477]OBJ SavePackage: Generating thumbnails for [0] asset(s) in package [/Game/UMD/PauseMenu] ([1] browsable assets)...
[2015.01.15-00.38.52:560][477]OBJ SavePackage: Finished generating thumbnails for package [/Game/UMD/PauseMenu]
[2015.01.15-00.38.52:577][477]Cmd: OBJ SAVEPACKAGE PACKAGE="/Game/UMD/PauseMenu" FILE="../../../../../../Users/Stevo/Desktop/BZS_Template/Saved/Autosaves/Game/UMD/PauseMenu_Auto1.uasset" SILENT=false AUTOSAVING=true
[2015.01.15-00.38.52:636][477]LogSavePackage: Save=43.464291ms
[2015.01.15-00.38.52:636][477]LogSavePackage: Moving '../../../../../../Users/Stevo/Desktop/BZS_Template/Saved/PauseMenu_Auto1896465EC4675C9BB52E473A1080F6BB6.tmp' to '../../../../../../Users/Stevo/Desktop/BZS_Template/Saved/Autosaves/Game/UMD/PauseMenu_Auto1.uasset'
[2015.01.15-00.38.52:682][477]OBJ SavePackage: Generating thumbnails for [1] asset(s) in package [/Game/Blueprints/MyCharacter] ([1] browsable assets)...
[2015.01.15-00.38.52:695][477]OBJ SavePackage:     Rendered thumbnail for [Blueprint /Game/Blueprints/MyCharacter.MyCharacter]
[2015.01.15-00.38.52:695][477]OBJ SavePackage: Finished generating thumbnails for package [/Game/Blueprints/MyCharacter]
[2015.01.15-00.38.52:697][477]Cmd: OBJ SAVEPACKAGE PACKAGE="/Game/Blueprints/MyCharacter" FILE="../../../../../../Users/Stevo/Desktop/BZS_Template/Saved/Autosaves/Game/Blueprints/MyCharacter_Auto1.uasset" SILENT=false AUTOSAVING=true
[2015.01.15-00.38.53:052][477]LogSavePackage: Save=342.722717ms
[2015.01.15-00.38.53:053][477]LogSavePackage: Moving '../../../../../../Users/Stevo/Desktop/BZS_Template/Saved/MyCharacter_Auto134B4C3F24E136D372355C0BAE9225E07.tmp' to '../../../../../../Users/Stevo/Desktop/BZS_Template/Saved/Autosaves/Game/Blueprints/MyCharacter_Auto1.uasset'
[2015.01.15-00.38.53:067][477]OBJ SavePackage: Generating thumbnails for [0] asset(s) in package [/Game/UMD/MainMenu] ([1] browsable assets)...
[2015.01.15-00.38.53:067][477]OBJ SavePackage: Finished generating thumbnails for package [/Game/UMD/MainMenu]
[2015.01.15-00.38.53:069][477]Cmd: OBJ SAVEPACKAGE PACKAGE="/Game/UMD/MainMenu" FILE="../../../../../../Users/Stevo/Desktop/BZS_Template/Saved/Autosaves/Game/UMD/MainMenu_Auto1.uasset" SILENT=false AUTOSAVING=true
[2015.01.15-00.38.53:130][477]LogSavePackage: Save=46.452335ms
[2015.01.15-00.38.53:130][477]LogSavePackage: Moving '../../../../../../Users/Stevo/Desktop/BZS_Template/Saved/MainMenu_Auto1F87355574FA482EE4A958DBBD0B54A24.tmp' to '../../../../../../Users/Stevo/Desktop/BZS_Template/Saved/Autosaves/Game/UMD/MainMenu_Auto1.uasset'
[2015.01.15-00.38.53:143][477]LogFileHelpers: Auto-saving content packages took 0.620
[2015.01.15-00.39.06:694][182]LogPropertyNode:Warning: UI Min (0.001) >= UI Max () for Ranged Numeric
[2015.01.15-00.39.06:697][182]LogPropertyNode:Warning: UI Min (0.001) >= UI Max () for Ranged Numeric
[2015.01.15-00.39.06:746][182]LogPropertyNode:Warning: UI Min (0.001) >= UI Max () for Ranged Numeric
[2015.01.15-00.39.06:747][182]LogPropertyNode:Warning: UI Min (0.001) >= UI Max () for Ranged Numeric
[2015.01.15-00.39.13:024][472]LogEditorTransaction: Undo Move Nodes
[2015.01.15-00.39.13:142][472]LogPropertyNode:Warning: UI Min (0.001) >= UI Max () for Ranged Numeric
[2015.01.15-00.39.13:143][472]LogPropertyNode:Warning: UI Min (0.001) >= UI Max () for Ranged Numeric
[2015.01.15-00.39.13:163][472]LogActorComponent: UnregisterComponent: (/Engine/Transient.CharacterMovementComponent_8) Not registered. Aborting.
[2015.01.15-00.39.13:163][472]LogActorComponent: UnregisterComponent: (/Engine/Transient.ProjectileMovementComponent_2) Not registered. Aborting.
[2015.01.15-00.39.13:323][473]LogEditorTransaction: Undo Move Nodes
[2015.01.15-00.39.13:445][473]LogPropertyNode:Warning: UI Min (0.001) >= UI Max () for Ranged Numeric
[2015.01.15-00.39.13:446][473]LogPropertyNode:Warning: UI Min (0.001) >= UI Max () for Ranged Numeric
[2015.01.15-00.39.13:466][473]LogActorComponent: UnregisterComponent: (/Engine/Transient.CharacterMovementComponent_9) Not registered. Aborting.
[2015.01.15-00.39.13:472][473]LogEditorTransaction: Undo Move Nodes
[2015.01.15-00.39.13:579][473]LogPropertyNode:Warning: UI Min (0.001) >= UI Max () for Ranged Numeric
[2015.01.15-00.39.13:579][473]LogPropertyNode:Warning: UI Min (0.001) >= UI Max () for Ranged Numeric
[2015.01.15-00.39.13:777][474]LogEditorTransaction: Undo Select None
[2015.01.15-00.39.13:905][474]LogPropertyNode:Warning: UI Min (0.001) >= UI Max () for Ranged Numeric
[2015.01.15-00.39.13:906][474]LogPropertyNode:Warning: UI Min (0.001) >= UI Max () for Ranged Numeric
[2015.01.15-00.39.13:928][474]LogActorComponent: UnregisterComponent: (/Engine/Transient.CharacterMovementComponent_10) Not registered. Aborting.
[2015.01.15-00.39.14:988][517]LogEditorTransaction: Undo Move Node
[2015.01.15-00.39.15:110][517]LogPropertyNode:Warning: UI Min (0.001) >= UI Max () for Ranged Numeric
[2015.01.15-00.39.15:111][517]LogPropertyNode:Warning: UI Min (0.001) >= UI Max () for Ranged Numeric
[2015.01.15-00.39.15:131][517]LogActorComponent: UnregisterComponent: (/Engine/Transient.CharacterMovementComponent_11) Not registered. Aborting.
[2015.01.15-00.39.15:311][519]LogEditorTransaction: Undo Move Node
[2015.01.15-00.39.15:431][519]LogPropertyNode:Warning: UI Min (0.001) >= UI Max () for Ranged Numeric
[2015.01.15-00.39.15:431][519]LogPropertyNode:Warning: UI Min (0.001) >= UI Max () for Ranged Numeric
[2015.01.15-00.39.15:452][519]LogActorComponent: UnregisterComponent: (/Engine/Transient.CharacterMovementComponent_12) Not registered. Aborting.
[2015.01.15-00.39.15:626][521]LogEditorTransaction: Undo Move Node
[2015.01.15-00.39.15:748][521]LogPropertyNode:Warning: UI Min (0.001) >= UI Max () for Ranged Numeric
[2015.01.15-00.39.15:748][521]LogPropertyNode:Warning: UI Min (0.001) >= UI Max () for Ranged Numeric
[2015.01.15-00.39.15:769][521]LogActorComponent: UnregisterComponent: (/Engine/Transient.CharacterMovementComponent_13) Not registered. Aborting.
[2015.01.15-00.39.15:916][522]LogEditorTransaction: Undo Move Node
[2015.01.15-00.39.16:037][522]LogPropertyNode:Warning: UI Min (0.001) >= UI Max () for Ranged Numeric
[2015.01.15-00.39.16:038][522]LogPropertyNode:Warning: UI Min (0.001) >= UI Max () for Ranged Numeric
[2015.01.15-00.39.16:058][522]LogActorComponent: UnregisterComponent: (/Engine/Transient.CharacterMovementComponent_14) Not registered. Aborting.
[2015.01.15-00.39.16:206][523]LogEditorTransaction: Undo Create Pin Link
[2015.01.15-00.39.16:328][523]LogPropertyNode:Warning: UI Min (0.001) >= UI Max () for Ranged Numeric
[2015.01.15-00.39.16:329][523]LogPropertyNode:Warning: UI Min (0.001) >= UI Max () for Ranged Numeric
[2015.01.15-00.39.16:349][523]LogActorComponent: UnregisterComponent: (/Engine/Transient.CharacterMovementComponent_15) Not registered. Aborting.
[2015.01.15-00.39.16:355][523]LogEditorTransaction: Undo Delete current selection
[2015.01.15-00.39.16:460][523]LogPropertyNode:Warning: UI Min (0.001) >= UI Max () for Ranged Numeric
[2015.01.15-00.39.16:460][523]LogPropertyNode:Warning: UI Min (0.001) >= UI Max () for Ranged Numeric
[2015.01.15-00.39.16:653][524]LogEditorTransaction: Undo Create Pin Link
[2015.01.15-00.39.16:787][524]LogPropertyNode:Warning: UI Min (0.001) >= UI Max () for Ranged Numeric
[2015.01.15-00.39.16:787][524]LogPropertyNode:Warning: UI Min (0.001) >= UI Max () for Ranged Numeric
[2015.01.15-00.39.16:808][524]LogActorComponent: UnregisterComponent: (/Engine/Transient.CharacterMovementComponent_16) Not registered. Aborting.
[2015.01.15-00.39.16:813][524]LogEditorTransaction: Undo Create Pin Link
[2015.01.15-00.39.16:917][524]LogPropertyNode:Warning: UI Min (0.001) >= UI Max () for Ranged Numeric
[2015.01.15-00.39.16:918][524]LogPropertyNode:Warning: UI Min (0.001) >= UI Max () for Ranged Numeric
[2015.01.15-00.39.17:087][525]LogEditorTransaction: Undo Move Node
[2015.01.15-00.39.17:316][525]LogOutputDevice: === Handled error: ===

Ensure condition failed: ToPin->LinkedTo.Contains(this) [File:D:\BuildFarm\buildmachine_++depot+UE4-Releases+4.6\Engine\Source\Runtime\Engine\Private\EdGraph\EdGraphPin.cpp] [Line: 120]
UEdGraphPin::BreakLinkTo Pin 'OwningPlayer' on node 'Unknown' not reciprocally linked with pin 'ReturnValue' on node 'Get Player Controller'
Stack: 
UE4Editor-Core.dll!UnknownFunction (0x00007ffc8d084776) + 0 bytes [UnknownFile:0]
UE4Editor-Core.dll!UnknownFunction (0x00007ffc8cf02e98) + 0 bytes [UnknownFile:0]
UE4Editor-Engine.dll!UnknownFunction (0x00007ffc8acece6f) + 0 bytes [UnknownFile:0]
UE4Editor-Engine.dll!UnknownFunction (0x00007ffc8acecc5e) + 0 bytes [UnknownFile:0]
UE4Editor-Engine.dll!UnknownFunction (0x00007ffc8acec8de) + 0 bytes [UnknownFile:0]
UE4Editor-KismetCompiler.dll!UnknownFunction (0x00007ffc863e9d9d) + 0 bytes [UnknownFile:0]
UE4Editor-KismetCompiler.dll!UnknownFunction (0x00007ffc863ea19e) + 0 bytes [UnknownFile:0]
UE4Editor-KismetCompiler.dll!UnknownFunction (0x00007ffc863e460e) + 0 bytes [UnknownFile:0]
UE4Editor-KismetCompiler.dll!UnknownFunction (0x00007ffc863a7dc6) + 0 bytes [UnknownFile:0]
UE4Editor-KismetCompiler.dll!UnknownFunction (0x00007ffc863aa7dd) + 0 bytes [UnknownFile:0]
UE4Editor-KismetCompiler.dll!UnknownFunction (0x00007ffc863aa122) + 0 bytes [UnknownFile:0]
UE4Editor-UnrealEd.dll!UnknownFunction (0x00007ffc89206e5f) + 0 bytes [UnknownFile:0]
UE4Editor-Kismet.dll!UnknownFunction (0x00007ffc87c4ea6b) + 0 bytes [UnknownFile:0]
UE4Editor-UnrealEd.dll!UnknownFunction (0x00007ffc88b50065) + 0 bytes [UnknownFile:0]
UE4Editor-UnrealEd.dll!UnknownFunction (0x00007ffc88b75b4a) + 0 bytes [UnknownFile:0]
UE4Editor-UnrealEd.dll!UnknownFunction (0x00007ffc88b637d0) + 0 bytes [UnknownFile:0]
UE4Editor-UnrealEd.dll!UnknownFunction (0x00007ffc88b63f00) + 0 bytes [UnknownFile:0]
UE4Editor-UnrealEd.dll!UnknownFunction (0x00007ffc88b4fcdd) + 0 bytes [UnknownFile:0]
UE4Editor-UnrealEd.dll!UnknownFunction (0x00007ffc88ba2ff8) + 0 bytes [UnknownFile:0]
UE4Editor-Kismet.dll!UnknownFunction (0x00007ffc87be2651) + 0 bytes [UnknownFile:0]
UE4Editor-Kismet.dll!UnknownFunction (0x00007ffc87be6136) + 0 bytes [UnknownFile:0]
UE4Editor-Slate.dll!UnknownFunction (0x00007ffc89d805d3) + 0 bytes [UnknownFile:0]
UE4Editor-Slate.dll!UnknownFunction (0x00007ffc89dc98cc) + 0 bytes [UnknownFile:0]
UE4Editor-UnrealEd.dll!UnknownFunction (0x00007ffc89364cfe) + 0 bytes [UnknownFile:0]
UE4Editor-UnrealEd.dll!UnknownFunction (0x00007ffc89361bc2) + 0 bytes [UnknownFile:0]
UE4Editor-Slate.dll!UnknownFunction (0x00007ffc89d68be2) + 0 bytes [UnknownFile:0]
UE4Editor-Slate.dll!UnknownFunction (0x00007ffc89d25f4d) + 0 bytes [UnknownFile:0]
UE4Editor-Slate.dll!UnknownFunction (0x00007ffc89d2788a) + 0 bytes [UnknownFile:0]
UE4Editor-Slate.dll!UnknownFunction (0x00007ffc89dca209) + 0 bytes [UnknownFile:0]
UE4Editor-Slate.dll!UnknownFunction (0x00007ffc89dbb0c8) + 0 bytes [UnknownFile:0]
UE4Editor-Core.dll!UnknownFunction (0x00007ffc8cfee6c4) + 0 bytes [UnknownFile:0]
UE4Editor-Core.dll!UnknownFunction (0x00007ffc8cfda1fb) + 0 bytes [UnknownFile:0]
UE4Editor-Core.dll!UnknownFunction (0x00007ffc8cfefbbb) + 0 bytes [UnknownFile:0]
UE4Editor-Core.dll!UnknownFunction (0x00007ffc8cfd6cf2) + 0 bytes [UnknownFile:0]
USER32.dll!UnknownFunction (0x00007ffca5512434) + 0 bytes [UnknownFile:0]
USER32.dll!UnknownFunction (0x00007ffca5512297) + 0 bytes [UnknownFile:0]
UE4Editor-Core.dll!UnknownFunction (0x00007ffc8cff0076) + 0 bytes [UnknownFile:0]
UE4Editor.exe!FEngineLoop::Tick() (0x00007ff63f94cbda) + 8 bytes [d:\buildfarm\buildmachine_++depot+ue4-releases+4.6\engine\source\runtime\launch\private\launchengineloop.cpp:2193]
UE4Editor.exe!GuardedMain() (0x00007ff63f94089f) + 0 bytes [d:\buildfarm\buildmachine_++depot+ue4-releases+4.6\engine\source\runtime\launch\private\launch.cpp:131]
UE4Editor.exe!GuardedMainWrapper() (0x00007ff63f94090a) + 5 bytes [d:\buildfarm\buildmachine_++depot+ue4-releases+4.6\engine\source\runtime\launch\private\windows\launchwindows.cpp:126]
UE4Editor.exe!WinMain() (0x00007ff63f94e3d9) + 17 bytes [d:\buildfarm\buildmachine_++depot+ue4-releases+4.6\engine\source\runtime\launch\private\windows\launchwindows.cpp:202]
UE4Editor.exe!__tmainCRTStartup() (0x00007ff63f94f319) + 21 bytes [f:\dd\vctools\crt\crtw32\dllstuff\crtexe.c:618]
KERNEL32.DLL!UnknownFunction (0x00007ffca53d16ad) + 0 bytes [UnknownFile:0]
ntdll.dll!UnknownFunction (0x00007ffca77e4409) + 0 bytes [UnknownFile:0]
ntdll.dll!UnknownFunction (0x00007ffca77e4409) + 0 bytes [UnknownFile:0]

[2015.01.15-00.39.17:491][525]LogPropertyNode:Warning: UI Min (0.001) >= UI Max () for Ranged Numeric
[2015.01.15-00.39.17:491][525]LogPropertyNode:Warning: UI Min (0.001) >= UI Max () for Ranged Numeric
[2015.01.15-00.39.17:512][525]LogActorComponent: UnregisterComponent: (/Engine/Transient.CharacterMovementComponent_17) Not registered. Aborting.
[2015.01.15-00.39.17:601][525]LogWindows:Error: Windows GetLastError: The operation completed successfully. (0)
[2015.01.15-00.39.17:606][525]LogCrashTracker: 


[2015.01.15-00.39.17:743][525]LogCrashTracker: 


[2015.01.15-00.39.17:743][525]LogWindows: === Critical error: ===
Assertion failed: Schema [File:D:\BuildFarm\buildmachine_++depot+UE4-Releases+4.6\Engine\Source\Editor\GraphEditor\Private\SGraphPin.cpp] [Line: 162] 



KERNELBASE.dll!UnknownFunction (0x00007ffca4cd606c) + 0 bytes [UnknownFile:0]
UE4Editor-Core.dll!UnknownFunction (0x00007ffc8d082f7d) + 0 bytes [UnknownFile:0]
UE4Editor-Core.dll!UnknownFunction (0x00007ffc8cf160f8) + 0 bytes [UnknownFile:0]
UE4Editor-Core.dll!UnknownFunction (0x00007ffc8cef9192) + 0 bytes [UnknownFile:0]
UE4Editor-GraphEditor.dll!UnknownFunction (0x00007ffc86844e19) + 0 bytes [UnknownFile:0]
UE4Editor-GraphEditor.dll!UnknownFunction (0x00007ffc86818094) + 0 bytes [UnknownFile:0]
UE4Editor-GraphEditor.dll!UnknownFunction (0x00007ffc868657fc) + 0 bytes [UnknownFile:0]
UE4Editor-GraphEditor.dll!UnknownFunction (0x00007ffc868658bc) + 0 bytes [UnknownFile:0]
UE4Editor-GraphEditor.dll!UnknownFunction (0x00007ffc868683ee) + 0 bytes [UnknownFile:0]
UE4Editor-GraphEditor.dll!UnknownFunction (0x00007ffc86866002) + 0 bytes [UnknownFile:0]
UE4Editor-GraphEditor.dll!UnknownFunction (0x00007ffc8692b6f5) + 0 bytes [UnknownFile:0]
UE4Editor-GraphEditor.dll!UnknownFunction (0x00007ffc869324b2) + 0 bytes [UnknownFile:0]
UE4Editor-GraphEditor.dll!UnknownFunction (0x00007ffc86843581) + 0 bytes [UnknownFile:0]
UE4Editor-GraphEditor.dll!UnknownFunction (0x00007ffc86816ec4) + 0 bytes [UnknownFile:0]
UE4Editor-GraphEditor.dll!UnknownFunction (0x00007ffc86862ded) + 0 bytes [UnknownFile:0]
UE4Editor-GraphEditor.dll!UnknownFunction (0x00007ffc868284bd) + 0 bytes [UnknownFile:0]
UE4Editor-GraphEditor.dll!UnknownFunction (0x00007ffc86926ea5) + 0 bytes [UnknownFile:0]
UE4Editor-GraphEditor.dll!UnknownFunction (0x00007ffc86922350) + 0 bytes [UnknownFile:0]
UE4Editor-SlateCore.dll!UnknownFunction (0x00007ffc8f185eff) + 0 bytes [UnknownFile:0]
UE4Editor-SlateCore.dll!UnknownFunction (0x00007ffc8f185fd2) + 0 bytes [UnknownFile:0]
UE4Editor-SlateCore.dll!UnknownFunction (0x00007ffc8f185fd2) + 0 bytes [UnknownFile:0]
UE4Editor-SlateCore.dll!UnknownFunction (0x00007ffc8f185fd2) + 0 bytes [UnknownFile:0]
UE4Editor-SlateCore.dll!UnknownFunction (0x00007ffc8f185fd2) + 0 bytes [UnknownFile:0]
UE4Editor-SlateCore.dll!UnknownFunction (0x00007ffc8f185fd2) + 0 bytes [UnknownFile:0]
UE4Editor-SlateCore.dll!UnknownFunction (0x00007ffc8f185fd2) + 0 bytes [UnknownFile:0]
UE4Editor-SlateCore.dll!UnknownFunction (0x00007ffc8f185fd2) + 0 bytes [UnknownFile:0]
UE4Editor-SlateCore.dll!UnknownFunction (0x00007ffc8f185fd2) + 0 bytes [UnknownFile:0]
UE4Editor-SlateCore.dll!UnknownFunction (0x00007ffc8f185fd2) + 0 bytes [UnknownFile:0]
UE4Editor-SlateCore.dll!UnknownFunction (0x00007ffc8f185fd2) + 0 bytes [UnknownFile:0]
UE4Editor-SlateCore.dll!UnknownFunction (0x00007ffc8f185fd2) + 0 bytes [UnknownFile:0]
UE4Editor-SlateCore.dll!UnknownFunction (0x00007ffc8f185fd2) + 0 bytes [UnknownFile:0]
UE4Editor-SlateCore.dll!UnknownFunction (0x00007ffc8f185fd2) + 0 bytes [UnknownFile:0]
UE4Editor-SlateCore.dll!UnknownFunction (0x00007ffc8f185fd2) + 0 bytes [UnknownFile:0]
UE4Editor-SlateCore.dll!UnknownFunction (0x00007ffc8f185fd2) + 0 bytes [UnknownFile:0]
UE4Editor-SlateCore.dll!UnknownFunction (0x00007ffc8f185fd2) + 0 bytes [UnknownFile:0]
UE4Editor-SlateCore.dll!UnknownFunction (0x00007ffc8f185fd2) + 0 bytes [UnknownFile:0]
UE4Editor-SlateCore.dll!UnknownFunction (0x00007ffc8f185fd2) + 0 bytes [UnknownFile:0]
UE4Editor-SlateCore.dll!UnknownFunction (0x00007ffc8f185fd2) + 0 bytes [UnknownFile:0]
UE4Editor-SlateCore.dll!UnknownFunction (0x00007ffc8f185fd2) + 0 bytes [UnknownFile:0]
UE4Editor-SlateCore.dll!UnknownFunction (0x00007ffc8f185fd2) + 0 bytes [UnknownFile:0]
UE4Editor-SlateCore.dll!UnknownFunction (0x00007ffc8f185fd2) + 0 bytes [UnknownFile:0]
UE4Editor-SlateCore.dll!UnknownFunction (0x00007ffc8f185fd2) + 0 bytes [UnknownFile:0]
UE4Editor-SlateCore.dll!UnknownFunction (0x00007ffc8f185fd2) + 0 bytes [UnknownFile:0]
UE4Editor-SlateCore.dll!UnknownFunction (0x00007ffc8f185fd2) + 0 bytes [UnknownFile:0]
UE4Editor-SlateCore.dll!UnknownFunction (0x00007ffc8f185fd2) + 0 bytes [UnknownFile:0]
UE4Editor-Slate.dll!UnknownFunction (0x00007ffc89de59b2) + 0 bytes [UnknownFile:0]
UE4Editor-Slate.dll!UnknownFunction (0x00007ffc89de5ad5) + 0 bytes [UnknownFile:0]
UE4Editor-Slate.dll!UnknownFunction (0x00007ffc89de52e0) + 0 bytes [UnknownFile:0]
UE4Editor.exe!FEngineLoop::Tick() (0x00007ff63f94ce1a) + 0 bytes [d:\buildfarm\buildmachine_++depot+ue4-releases+4.6\engine\source\runtime\launch\private\launchengineloop.cpp:2239]
UE4Editor.exe!GuardedMain() (0x00007ff63f94089f) + 0 bytes [d:\buildfarm\buildmachine_++depot+ue4-releases+4.6\engine\source\runtime\launch\private\launch.cpp:131]
UE4Editor.exe!GuardedMainWrapper() (0x00007ff63f94090a) + 5 bytes [d:\buildfarm\buildmachine_++depot+ue4-releases+4.6\engine\source\runtime\launch\private\windows\launchwindows.cpp:126]
UE4Editor.exe!WinMain() (0x00007ff63f94e3d9) + 17 bytes [d:\buildfarm\buildmachine_++depot+ue4-releases+4.6\engine\source\runtime\launch\private\windows\launchwindows.cpp:202]
UE4Editor.exe!__tmainCRTStartup() (0x00007ff63f94f319) + 21 bytes [f:\dd\vctools\crt\crtw32\dllstuff\crtexe.c:618]
KERNEL32.DLL!UnknownFunction (0x00007ffca53d16ad) + 0 bytes [UnknownFile:0]
ntdll.dll!UnknownFunction (0x00007ffca77e4409) + 0 bytes [UnknownFile:0]
ntdll.dll!UnknownFunction (0x00007ffca77e4409) + 0 bytes [UnknownFile:0]


[2015.01.15-00.39.17:889][525]LogExit: Executing StaticShutdownAfterError
[2015.01.15-00.39.17:893][525]LogWindows: FPlatformMisc::RequestExit(1)
[2015.01.15-00.39.17:893][525]Log file closed, 01/14/15 16:39:17
