Log file open, 01/14/15 13:02:52
LogInit:Display: Running engine for game: BZS_Template
LogInit: Version: 4.6.1-2386410+++depot+UE4-Releases+4.6
LogInit: API Version: 2369412
LogInit: Compiled (64-bit): Dec 11 2014 21:31:39
LogInit: Compiled with Visual C++: 18.00.21005.01
LogInit: Build Configuration: Development
LogInit: Branch Name: ++depot+UE4-Releases+4.6
LogInit: Command line:  
LogInit: Base directory: C:/Program Files/Epic Games/4.6/Engine/Binaries/Win64/
LogInit: Rocket: 1
[2015.01.14-21.02.52:072][  0]LogTaskGraph: Started task graph with 3 named threads and 6 total threads.
[2015.01.14-21.02.52:129][  0]LogOnline:Warning: No default platform service specified for OnlineSubsystem
[2015.01.14-21.02.52:148][  0]LogInit: Presizing for 0 objects not considered by GC, pre-allocating 0 bytes.
[2015.01.14-21.02.52:155][  0]LogInit: Object subsystem initialized
[2015.01.14-21.02.52:157][  0]LogConsoleResponse:Warning: Skipping Unknown console variable: 'UIScaleRule = ShortestSide'
[2015.01.14-21.02.52:157][  0]LogConsoleResponse:Warning:   Found in ini file 'C:/Users/Stevo/Desktop/BZS_Template/Saved/Config/Windows/Engine.ini', in section '[/Script/Engine.RendererSettings]'
[2015.01.14-21.02.52:157][  0]LogConsoleResponse:Warning: Skipping Unknown console variable: 'UIScaleCurve = (EditorCurveData=(Keys=),ExternalCurve=None)'
[2015.01.14-21.02.52:157][  0]LogConsoleResponse:Warning:   Found in ini file 'C:/Users/Stevo/Desktop/BZS_Template/Saved/Config/Windows/Engine.ini', in section '[/Script/Engine.RendererSettings]'
[2015.01.14-21.02.52:157][  0]LogConsoleManager:Warning: Console variable 'r.MSAA.CompositingSampleCount' wasn't set (Priority ProjectSetting < Scalability)
[2015.01.14-21.02.52:157][  0]LogInit: Selected Device Profile: [Windows]
[2015.01.14-21.02.52:157][  0]LogInit: Applying CVar settings loaded from the selected device profile: [Windows]
[2015.01.14-21.02.52:162][  0]LogInit: Computer: STEVO-PC
[2015.01.14-21.02.52:162][  0]LogInit: User: Stevo
[2015.01.14-21.02.52:162][  0]LogInit: CPU Page size=4096, Cores=4
[2015.01.14-21.02.52:162][  0]LogInit: High frequency timer resolution =3.323579 MHz
[2015.01.14-21.02.52:162][  0]LogMemory: Memory total: Physical=8.0GB (8GB approx) Virtual=131072.0GB
[2015.01.14-21.02.52:162][  0]LogMemory: Platform Memory Stats for Windows
[2015.01.14-21.02.52:162][  0]LogMemory: Process Physical Memory: 49.13 MB used, 49.13 MB peak
[2015.01.14-21.02.52:162][  0]LogMemory: Process Virtual Memory: 25.08 MB used, 25.08 MB peak
[2015.01.14-21.02.52:162][  0]LogMemory: Physical Memory: 2117.64 MB used, 8153.19 MB total
[2015.01.14-21.02.52:162][  0]LogMemory: Virtual Memory: 271.26 MB used, 134217728.00 MB total
[2015.01.14-21.02.52:179][  0]LogD3D11RHI: Found D3D11 adapter 0: NVIDIA GeForce GTX 760 (Feature Level 11_0)
[2015.01.14-21.02.52:179][  0]LogD3D11RHI: Adapter has 1985MB of dedicated video memory, 0MB of dedicated system memory, and 2048MB of shared system memory, 2 output[s]
[2015.01.14-21.02.52:180][  0]LogD3D11RHI: Found D3D11 adapter 1: Microsoft Basic Render Driver (Feature Level 11_0)
[2015.01.14-21.02.52:180][  0]LogD3D11RHI: Adapter has 0MB of dedicated video memory, 0MB of dedicated system memory, and 256MB of shared system memory, 0 output[s]
[2015.01.14-21.02.52:180][  0]LogD3D11RHI: Chosen D3D11 Adapter Id = 0
[2015.01.14-21.02.52:183][  0]LogRHI: Texture pool is 1361 MB (70% of 1945 MB)
[2015.01.14-21.02.52:190][  0]LogD3D11RHI: Async texture creation enabled
[2015.01.14-21.02.52:242][  0]LogTextLocalizationManager: The requested culture ('en_US') has no localization data; parent culture's ('en') localization data will be used.
[2015.01.14-21.02.52:369][  0]LogContentStreaming: Texture pool size is 0.000000MB
[2015.01.14-21.02.57:267][  0]LogTargetPlatformManager:Display: Building Assets For Windows
[2015.01.14-21.02.57:634][  0]LogTargetPlatformManager:Display: Building Assets For Windows
[2015.01.14-21.02.57:678][  0]LogDerivedDataCache:Display: Max Cache Size: 512 MB
[2015.01.14-21.02.57:714][  0]LogDerivedDataCache: Loaded boot cache 0.04s 39MB C:/Users/Stevo/AppData/Local/UnrealEngine/4.6/DerivedDataCache/Boot.ddc.
[2015.01.14-21.02.57:714][  0]LogDerivedDataCache:Display: Loaded Boot cache: C:/Users/Stevo/AppData/Local/UnrealEngine/4.6/DerivedDataCache/Boot.ddc
[2015.01.14-21.02.57:714][  0]LogDerivedDataCache: FDerivedDataBackendGraph:  Pak pak cache file ../../../../../../Users/Stevo/Desktop/BZS_Template/DerivedDataCache/DDC.ddp not found, will not use a pak cache.
[2015.01.14-21.02.57:714][  0]LogDerivedDataCache: Unable to find inner node Pak for hierarchical cache Hierarchy.
[2015.01.14-21.02.57:775][  0]LogDerivedDataCache:Display: Pak cache opened for reading ../../../Engine/DerivedDataCache/DDC.ddp.
[2015.01.14-21.02.57:788][  0]LogDerivedDataCache: Using Local data cache path C:/Users/Stevo/AppData/Local/UnrealEngine/Common/DerivedDataCache: Writable
[2015.01.14-21.02.57:902][  0]LogCollisionProfile:Warning: Profile (UI) - Custom Channel Name = 'Weapon' hasn't been found
[2015.01.14-21.02.58:028][  0]LogMeshUtilities: No automatic mesh reduction module available
[2015.01.14-21.02.58:028][  0]LogMeshUtilities: No automatic mesh merging module available
[2015.01.14-21.02.58:349][  0]LogInit: WinSock: version 1.1 (2.2), MaxSocks=32767, MaxUdp=65467
[2015.01.14-21.02.58:398][  0]LogSlate:Warning: Failed to load font data from '../../../Engine/Content/Slate/Fonts/Roboto-Italic.ttf'
[2015.01.14-21.02.59:045][  0]UdpMessaging: Initializing bridge on interface 0.0.0.0:0 to multicast group 230.0.0.1:6666.
[2015.01.14-21.02.59:211][  0]LogDirectoryWatcher:Warning: Failed to begin reading directory changes for C:/Users/Stevo/Desktop/BZS_Template/Binaries/Win64. Error: 0
[2015.01.14-21.02.59:338][  0]SourceControl: Info Source control is disabled
[2015.01.14-21.02.59:338][  0]SourceControl: Info Source control is disabled
[2015.01.14-21.02.59:344][  0]SourceControl: Info Source control is disabled
[2015.01.14-21.02.59:446][  0]LogObj: 23754 objects as part of root set at end of initial load.
[2015.01.14-21.02.59:446][  0]LogUObjectAllocator: 5168136 out of 0 bytes used by permanent object pool.
[2015.01.14-21.02.59:495][  0]LogEngine: Initializing Engine...
[2015.01.14-21.02.59:624][  0]LogInit: XAudio2 using 'Speakers (2- C-Media USB Audio Device   )' : 2 channels at 44.1 kHz using 16 bits per sample (channel mask 0x3)
[2015.01.14-21.02.59:635][  0]LogInit: FAudioDevice initialized.
[2015.01.14-21.02.59:651][  0]LogAIModule: Creating AISystem for world NewWorld
[2015.01.14-21.02.59:671][  0]LogDerivedDataCache: Saved boot cache 0.02s 39MB C:/Users/Stevo/AppData/Local/UnrealEngine/4.6/DerivedDataCache/Boot.ddc.
[2015.01.14-21.02.59:676][  0]LogInit: Texture streaming: Enabled
[2015.01.14-21.02.59:697][  0]LogAnalytics: Creating configured Analytics provider AnalyticsET
[2015.01.14-21.02.59:697][  0]LogAnalytics: ET APIKey = Rocket.Release. APIServer = http://et2.epicgames.com/ET2/. AppVersion = 4.6.1-2386410+++depot+UE4-Releases+4.6
[2015.01.14-21.02.59:698][  0]LogAnalytics: SetUserId 5a045227e89f0642cba4625644d0354a
[2015.01.14-21.02.59:698][  0]LogAnalytics: AnalyticsET::StartSession [Rocket.Release]
[2015.01.14-21.02.59:711][  0]LogInit: Transaction tracking system initialized
[2015.01.14-21.02.59:785][  0]BlueprintLog: New page: Editor Load
[2015.01.14-21.02.59:811][  0]LogAssetRegistry: FAssetRegistry took 0.0109 seconds to start up
[2015.01.14-21.02.59:811][  0]LogDirectoryWatcher:Warning: Failed to begin reading directory changes for ../../../Engine/Plugins/Experimental/CharacterAI/Content/. Error: 0
[2015.01.14-21.03.00:206][  0]LogTargetPlatformManager:Display: Building Assets For Windows
[2015.01.14-21.03.00:510][  0]LogTargetPlatformManager:Display: Building Assets For Windows
[2015.01.14-21.03.00:655][  0]LogConsoleResponse:Display: 
[2015.01.14-21.03.00:695][  0]LogLinker:Warning: Asset '../../../Engine/Content/Functions/Engine_MaterialFunctions03/Procedurals/ComputeFilterWidth.uasset' has been saved with empty engine version. The asset will be loaded but may be incompatible.
[2015.01.14-21.03.00:855][  0]SourceControl: Info Source control is disabled
[2015.01.14-21.03.00:855][  0]Cmd: MAP LOAD FILE="../../../../../../Users/Stevo/Desktop/BZS_Template/Content/Maps/Example_Map.umap" TEMPLATE=0 SHOWPROGRESS=1
[2015.01.14-21.03.00:855][  0]LightingResults: New page: Lighting Build
[2015.01.14-21.03.00:864][  0]MapCheck: New page: Map Check
[2015.01.14-21.03.00:864][  0]LightingResults: New page: Lighting Build
[2015.01.14-21.03.00:873][  0]LogParticles: Destroying 0 GPU particle simulations for FXSystem 0x00000068F7D53E20
[2015.01.14-21.03.01:165][  0]LogEditorServer: Finished looking for orphan Actors (0.000 secs)
[2015.01.14-21.03.01:165][  0]LogAIModule: Creating AISystem for world Example_Map
[2015.01.14-21.03.01:166][  0]Cmd: MAP CHECKDEP
[2015.01.14-21.03.01:166][  0]MapCheck: New page: Example_Map - Jan 14, 2015, 5:03:01 AM
[2015.01.14-21.03.01:240][  0]MapCheck: Info Map check complete: 0 Error(s), 0 Warning(s), took 74.493ms to complete.
[2015.01.14-21.03.01:240][  0]LogFileHelpers: Loading map 'Example_Map' took 0.385
[2015.01.14-21.03.01:326][  0]LogCollectionManager: Loaded 0 collections in 0.000786 seconds
[2015.01.14-21.03.01:414][  0]LogCrashTracker: Crashtracker disabled due to settings.
[2015.01.14-21.03.01:420][  0]LogUObjectGlobals:Warning: Failed to find object 'Class None.'
[2015.01.14-21.03.01:445][  0]LogLoad: Full Startup: 10.19 seconds (BP compile: 0.04 seconds)
[2015.01.14-21.03.01:943][  0]LogRenderer:Warning: Reallocating scene render targets to support 1136x904.
[2015.01.14-21.03.02:785][  3]LogAssetRegistry: Asset discovery search completed in 2.9860 seconds
[2015.01.14-21.03.08:555][515]LogLinker:Warning: Asset '../../../../../../Users/Stevo/Desktop/BZS_Template/Content/Blueprints/MyProjectile.uasset' has been saved with empty engine version. The asset will be loaded but may be incompatible.
[2015.01.14-21.03.08:745][515]LogAnimation:Warning: UAnimMontage::PostLoad: The actual sequence length for montage FPP_Fire_Montage does not match the length stored in the asset, please resave the montage asset.
[2015.01.14-21.03.09:362][515]LogPropertyNode:Warning: UI Min (0.001) >= UI Max () for Ranged Numeric
[2015.01.14-21.03.09:365][515]LogPropertyNode:Warning: UI Min (0.001) >= UI Max () for Ranged Numeric
[2015.01.14-21.03.09:415][515]LogPropertyNode:Warning: UI Min (0.001) >= UI Max () for Ranged Numeric
[2015.01.14-21.03.09:416][515]LogPropertyNode:Warning: UI Min (0.001) >= UI Max () for Ranged Numeric
[2015.01.14-21.03.15:851][925]BlueprintLog: New page: Pre-PIE auto-recompile
[2015.01.14-21.03.15:853][925]LogPlayLevel: [PIE] Compiling Tutorial_BP_MacroLib before PIE...
[2015.01.14-21.03.15:916][925]LogPlayLevel: PIE:  Blueprint regeneration took 65 ms (1 blueprints)
[2015.01.14-21.03.15:916][925]PIE: New page: PIE session: Example_Map (Jan 14, 2015, 5:03:15 AM)
[2015.01.14-21.03.15:941][925]LogPlayLevel: PIE: StaticDuplicateObject took: (0.024166s)
[2015.01.14-21.03.15:942][925]LogPlayLevel: PIE: World Init took: (0.000821s)
[2015.01.14-21.03.15:942][925]LogPlayLevel: PIE: Created PIE world by copying editor world from /Game/Maps/Example_Map.Example_Map to /Game/Maps/UEDPIE_0_Example_Map.Example_Map (0.025261s)
[2015.01.14-21.03.16:032][925]BlueprintLog:Warning: Warning Blueprint MyHUD has been migrated and requires re-saving to avoid import errors
[2015.01.14-21.03.16:033][925]BlueprintLog:Warning: Warning Blueprint MyGame has been migrated and requires re-saving to avoid import errors
[2015.01.14-21.03.16:040][925]LogWorld: Game class is 'MyGame_C'
[2015.01.14-21.03.16:041][925]LogAIModule: Creating AISystem for world Example_Map
[2015.01.14-21.03.16:043][925]LogWorld: Bringing World /Game/Maps/UEDPIE_0_Example_Map.Example_Map up for play (max tick rate 0) at 2015.01.14-13.03.16
[2015.01.14-21.03.16:043][925]LogWorld: Bringing up level for play took: 0.001521
[2015.01.14-21.03.16:046][925]PIE: Info Play in editor start time for /Game/Maps/UEDPIE_0_Example_Map 0.869
[2015.01.14-21.03.17:840][ 90]LogPackageName: SearchForPackageOnDisk took   0.060s to resolve Example_Map.umap
[2015.01.14-21.03.17:902][ 90]LogPackageName: SearchForPackageOnDisk took   0.060s to resolve Example_Map.umap
[2015.01.14-21.03.17:902][ 90]LogNet: Browse: /Game/Maps/Example_Map
[2015.01.14-21.03.17:902][ 90]LogLoad: LoadMap: /Game/Maps/Example_Map
[2015.01.14-21.03.17:920][ 90]LogParticles: Destroying 0 GPU particle simulations for FXSystem 0x00000068F7969760
[2015.01.14-21.03.17:920][ 90]Cmd: MEM
[2015.01.14-21.03.17:935][ 90]LogMemory: Platform Memory Stats for Windows
[2015.01.14-21.03.17:935][ 90]LogMemory: Process Physical Memory: 479.03 MB used, 483.93 MB peak
[2015.01.14-21.03.17:935][ 90]LogMemory: Process Virtual Memory: 377.95 MB used, 390.64 MB peak
[2015.01.14-21.03.17:935][ 90]LogMemory: Physical Memory: 2580.02 MB used, 8153.19 MB total
[2015.01.14-21.03.17:935][ 90]LogMemory: Virtual Memory: 917.95 MB used, 134217728.00 MB total
[2015.01.14-21.03.17:935][ 90]LogMemory: 
[2015.01.14-21.03.17:935][ 90]Allocator Stats for TBB: (not implemented)
[2015.01.14-21.03.17:954][ 90]LogPlayLevel: PIE: StaticDuplicateObject took: (0.018645s)
[2015.01.14-21.03.17:955][ 90]LogPlayLevel: PIE: World Init took: (0.001024s)
[2015.01.14-21.03.17:955][ 90]LogPlayLevel: PIE: Created PIE world by copying editor world from /Game/Maps/Example_Map.Example_Map to /Game/Maps/UEDPIE_0_Example_Map.Example_Map (0.019884s)
[2015.01.14-21.03.17:956][ 90]LogWorld: Game class is 'MyGame_C'
[2015.01.14-21.03.17:957][ 90]LogAIModule: Creating AISystem for world Example_Map
[2015.01.14-21.03.17:959][ 90]LogWorld: Bringing World /Game/Maps/UEDPIE_0_Example_Map.Example_Map up for play (max tick rate 0) at 2015.01.14-13.03.17
[2015.01.14-21.03.17:960][ 90]LogWorld: Bringing up level for play took: 0.002041
[2015.01.14-21.03.19:378][221]LogParticles: Destroying 0 GPU particle simulations for FXSystem 0x00000068F7968CC0
[2015.01.14-21.03.20:937][388]LogContentBrowser:Verbose: The content browser source was changed by the sources view to '/Game/Meshes'
[2015.01.14-21.03.22:113][515]LogContentBrowser:Verbose: The content browser source was changed by the sources view to '/Game/Maps'
[2015.01.14-21.03.23:426][641]Cmd: MAP LOAD FILE="../../../../../../Users/Stevo/Desktop/BZS_Template/Content/Maps/Example_Map.umap" TEMPLATE=0 SHOWPROGRESS=1
[2015.01.14-21.03.23:426][641]LightingResults: New page: Lighting Build
[2015.01.14-21.03.23:443][641]LoadErrors: New page: Loading map: Example_Map.umap
[2015.01.14-21.03.23:694][641]MapCheck: New page: Map Check
[2015.01.14-21.03.23:694][641]LightingResults: New page: Lighting Build
[2015.01.14-21.03.23:708][641]LogParticles: Destroying 0 GPU particle simulations for FXSystem 0x00000068F56EFBA0
[2015.01.14-21.03.23:762][641]LogEditorServer: Finished looking for orphan Actors (0.000 secs)
[2015.01.14-21.03.23:762][641]LogAIModule: Creating AISystem for world Example_Map
[2015.01.14-21.03.23:775][641]Cmd: MAP CHECKDEP
[2015.01.14-21.03.23:775][641]MapCheck: New page: Example_Map - Jan 14, 2015, 5:03:23 AM
[2015.01.14-21.03.23:859][641]MapCheck: Info Map check complete: 0 Error(s), 0 Warning(s), took 84.042ms to complete.
[2015.01.14-21.03.23:860][641]LogFileHelpers: Loading map 'Example_Map' took 0.436
[2015.01.14-21.03.26:810][924]Cmd: MAP LOAD FILE="../../../../../../Users/Stevo/Desktop/BZS_Template/Content/Maps/Main_Menu.umap" TEMPLATE=0 SHOWPROGRESS=1
[2015.01.14-21.03.26:810][924]LightingResults: New page: Lighting Build
[2015.01.14-21.03.26:827][924]LoadErrors: New page: Loading map: Main_Menu.umap
[2015.01.14-21.03.26:828][924]MapCheck: New page: Map Check
[2015.01.14-21.03.26:828][924]LightingResults: New page: Lighting Build
[2015.01.14-21.03.26:844][924]LogParticles: Destroying 0 GPU particle simulations for FXSystem 0x00000068F23BDEE0
[2015.01.14-21.03.26:845][924]LogEditorServer: Finished looking for orphan Actors (0.000 secs)
[2015.01.14-21.03.26:845][924]LogAIModule: Creating AISystem for world Main_Menu
[2015.01.14-21.03.26:853][924]Cmd: MAP CHECKDEP
[2015.01.14-21.03.26:854][924]MapCheck: New page: Main_Menu - Jan 14, 2015, 5:03:26 AM
[2015.01.14-21.03.26:934][924]MapCheck: Info Map check complete: 0 Error(s), 0 Warning(s), took 80.775ms to complete.
[2015.01.14-21.03.26:934][924]LogFileHelpers: Loading map 'Main_Menu' took 0.126
[2015.01.14-21.03.28:065][ 55]LogPlayLevel: PIE:  No blueprints needed recompiling
[2015.01.14-21.03.28:065][ 55]PIE: New page: PIE session: Main_Menu (Jan 14, 2015, 5:03:28 AM)
[2015.01.14-21.03.28:066][ 55]LogPlayLevel: PIE: StaticDuplicateObject took: (0.000427s)
[2015.01.14-21.03.28:066][ 55]LogPlayLevel: PIE: World Init took: (0.000435s)
[2015.01.14-21.03.28:067][ 55]LogPlayLevel: PIE: Created PIE world by copying editor world from /Game/Maps/Main_Menu.Main_Menu to /Game/Maps/UEDPIE_0_Main_Menu.Main_Menu (0.001013s)
[2015.01.14-21.03.28:098][ 55]LogWorld: Game class is 'MyGame_C'
[2015.01.14-21.03.28:100][ 55]LogAIModule: Creating AISystem for world Main_Menu
[2015.01.14-21.03.28:100][ 55]LogWorld: Bringing World /Game/Maps/UEDPIE_0_Main_Menu.Main_Menu up for play (max tick rate 0) at 2015.01.14-13.03.28
[2015.01.14-21.03.28:100][ 55]LogWorld: Bringing up level for play took: 0.000493
[2015.01.14-21.03.28:102][ 55]PIE: Info Play in editor start time for /Game/Maps/UEDPIE_0_Main_Menu 0.925
[2015.01.14-21.03.29:090][162]LogPackageName: SearchForPackageOnDisk took   0.060s to resolve Example_Map.umap
[2015.01.14-21.03.29:151][162]LogPackageName: SearchForPackageOnDisk took   0.060s to resolve Example_Map.umap
[2015.01.14-21.03.29:151][162]LogNet: Browse: /Game/Maps/Example_Map
[2015.01.14-21.03.29:151][162]LogLoad: LoadMap: /Game/Maps/Example_Map
[2015.01.14-21.03.29:166][162]LogParticles: Destroying 0 GPU particle simulations for FXSystem 0x0000006880C60540
[2015.01.14-21.03.29:168][162]Cmd: MEM
[2015.01.14-21.03.29:183][162]LogMemory: Platform Memory Stats for Windows
[2015.01.14-21.03.29:183][162]LogMemory: Process Physical Memory: 480.95 MB used, 507.74 MB peak
[2015.01.14-21.03.29:183][162]LogMemory: Process Virtual Memory: 379.68 MB used, 406.93 MB peak
[2015.01.14-21.03.29:183][162]LogMemory: Physical Memory: 2577.55 MB used, 8153.19 MB total
[2015.01.14-21.03.29:183][162]LogMemory: Virtual Memory: 933.86 MB used, 134217728.00 MB total
[2015.01.14-21.03.29:183][162]LogMemory: 
[2015.01.14-21.03.29:183][162]Allocator Stats for TBB: (not implemented)
[2015.01.14-21.03.29:325][162]LogLinker:Warning: Asset '../../../../../../Users/Stevo/Desktop/BZS_Template/Content/Blueprints/MyProjectile.uasset' has been saved with empty engine version. The asset will be loaded but may be incompatible.
[2015.01.14-21.03.29:360][162]LogWorld: Game class is 'MyGame_C'
[2015.01.14-21.03.29:362][162]LogAIModule: Creating AISystem for world Example_Map
[2015.01.14-21.03.29:363][162]LogWorld: Bringing World /Game/Maps/UEDPIE_0_Example_Map.Example_Map up for play (max tick rate 0) at 2015.01.14-13.03.29
[2015.01.14-21.03.29:364][162]LogWorld: Bringing up level for play took: 0.002047
[2015.01.14-21.03.36:112][852]LogParticles: Destroying 0 GPU particle simulations for FXSystem 0x00000068F1957600
[2015.01.14-21.04.42:611][ 95]BlueprintLog: New page: Compile MyCharacter
[2015.01.14-21.04.42:659][ 95]LogPropertyNode:Warning: UI Min (0.001) >= UI Max () for Ranged Numeric
[2015.01.14-21.04.42:660][ 95]LogPropertyNode:Warning: UI Min (0.001) >= UI Max () for Ranged Numeric
[2015.01.14-21.04.42:759][ 95]LogPropertyNode:Warning: UI Min (0.001) >= UI Max () for Ranged Numeric
[2015.01.14-21.04.42:760][ 95]LogPropertyNode:Warning: UI Min (0.001) >= UI Max () for Ranged Numeric
[2015.01.14-21.04.42:798][ 95]BlueprintEditorCompileResults: Info [0111.54] Compile of MyCharacter successful! [in 173 ms]
[2015.01.14-21.04.43:433][125]Cmd: OBJ SAVEPACKAGE PACKAGE="/Game/Blueprints/MyCharacter" FILE="../../../../../../Users/Stevo/Desktop/BZS_Template/Content/Blueprints/MyCharacter.uasset" SILENT=true
[2015.01.14-21.04.43:742][125]LogSavePackage: Save=301.127502ms
[2015.01.14-21.04.43:742][125]LogSavePackage: Moving '../../../../../../Users/Stevo/Desktop/BZS_Template/Saved/MyCharacterB5D475904F2C581F34BC2DA5D8852A89.tmp' to '../../../../../../Users/Stevo/Desktop/BZS_Template/Content/Blueprints/MyCharacter.uasset'
[2015.01.14-21.05.02:153][314]BlueprintLog: New page: Compile MyCharacter
[2015.01.14-21.05.02:183][314]LogBlueprint:Error: [compiler] Error This blueprint (self) is not a UserWidget, therefore ' Target ' must have a connection
[2015.01.14-21.05.02:199][314]LogPropertyNode:Warning: UI Min (0.001) >= UI Max () for Ranged Numeric
[2015.01.14-21.05.02:200][314]LogPropertyNode:Warning: UI Min (0.001) >= UI Max () for Ranged Numeric
[2015.01.14-21.05.02:281][314]LogActorComponent: UnregisterComponent: (/Engine/Transient.CharacterMovementComponent_0) Not registered. Aborting.
[2015.01.14-21.05.02:328][314]LogPropertyNode:Warning: UI Min (0.001) >= UI Max () for Ranged Numeric
[2015.01.14-21.05.02:329][314]LogPropertyNode:Warning: UI Min (0.001) >= UI Max () for Ranged Numeric
[2015.01.14-21.05.02:366][314]LogBlueprint:Warning: [compiler] Warning [0131.11] Compile of MyCharacter failed. 1 Fatal Issue(s) 0 Warning(s) [in 198 ms]
[2015.01.14-21.05.02:366][314]BlueprintEditorCompileResults:Error: Error This blueprint (self) is not a UserWidget, therefore ' Target ' must have a connection
[2015.01.14-21.05.02:366][314]BlueprintEditorCompileResults:Warning: Warning [0131.11] Compile of MyCharacter failed. 1 Fatal Issue(s) 0 Warning(s) [in 198 ms]
[2015.01.14-21.05.06:698][571]BlueprintLog: New page: Compile MyCharacter
[2015.01.14-21.05.06:728][571]LogBlueprint:Error: [compiler] Error This blueprint (self) is not a UserWidget, therefore ' Target ' must have a connection
[2015.01.14-21.05.06:744][571]LogPropertyNode:Warning: UI Min (0.001) >= UI Max () for Ranged Numeric
[2015.01.14-21.05.06:745][571]LogPropertyNode:Warning: UI Min (0.001) >= UI Max () for Ranged Numeric
[2015.01.14-21.05.06:893][571]LogPropertyNode:Warning: UI Min (0.001) >= UI Max () for Ranged Numeric
[2015.01.14-21.05.06:894][571]LogPropertyNode:Warning: UI Min (0.001) >= UI Max () for Ranged Numeric
[2015.01.14-21.05.06:931][571]LogBlueprint:Warning: [compiler] Warning [0135.67] Compile of MyCharacter failed. 1 Fatal Issue(s) 0 Warning(s) [in 220 ms]
[2015.01.14-21.05.06:931][571]BlueprintEditorCompileResults:Error: Error This blueprint (self) is not a UserWidget, therefore ' Target ' must have a connection
[2015.01.14-21.05.06:932][571]BlueprintEditorCompileResults:Warning: Warning [0135.67] Compile of MyCharacter failed. 1 Fatal Issue(s) 0 Warning(s) [in 220 ms]
[2015.01.14-21.05.13:984][978]BlueprintLog: New page: Compile MyCharacter
[2015.01.14-21.05.14:015][978]LogBlueprint:Error: [compiler] Error This blueprint (self) is not a UserWidget, therefore ' Target ' must have a connection
[2015.01.14-21.05.14:031][978]LogPropertyNode:Warning: UI Min (0.001) >= UI Max () for Ranged Numeric
[2015.01.14-21.05.14:032][978]LogPropertyNode:Warning: UI Min (0.001) >= UI Max () for Ranged Numeric
[2015.01.14-21.05.14:182][978]LogPropertyNode:Warning: UI Min (0.001) >= UI Max () for Ranged Numeric
[2015.01.14-21.05.14:183][978]LogPropertyNode:Warning: UI Min (0.001) >= UI Max () for Ranged Numeric
[2015.01.14-21.05.14:220][978]LogBlueprint:Warning: [compiler] Warning [0142.96] Compile of MyCharacter failed. 1 Fatal Issue(s) 0 Warning(s) [in 221 ms]
[2015.01.14-21.05.14:220][978]BlueprintEditorCompileResults:Error: Error This blueprint (self) is not a UserWidget, therefore ' Target ' must have a connection
[2015.01.14-21.05.14:220][978]BlueprintEditorCompileResults:Warning: Warning [0142.96] Compile of MyCharacter failed. 1 Fatal Issue(s) 0 Warning(s) [in 221 ms]
[2015.01.14-21.05.37:647][415]BlueprintLog: New page: Compile MyCharacter
[2015.01.14-21.05.37:694][415]LogPropertyNode:Warning: UI Min (0.001) >= UI Max () for Ranged Numeric
[2015.01.14-21.05.37:694][415]LogPropertyNode:Warning: UI Min (0.001) >= UI Max () for Ranged Numeric
[2015.01.14-21.05.37:789][415]LogPropertyNode:Warning: UI Min (0.001) >= UI Max () for Ranged Numeric
[2015.01.14-21.05.37:790][415]LogPropertyNode:Warning: UI Min (0.001) >= UI Max () for Ranged Numeric
[2015.01.14-21.05.37:827][415]BlueprintEditorCompileResults: Info [0166.57] Compile of MyCharacter successful! [in 167 ms]
[2015.01.14-21.05.38:896][473]Cmd: OBJ SAVEPACKAGE PACKAGE="/Game/Blueprints/MyCharacter" FILE="../../../../../../Users/Stevo/Desktop/BZS_Template/Content/Blueprints/MyCharacter.uasset" SILENT=true
[2015.01.14-21.05.39:194][473]LogSavePackage: Save=290.852112ms
[2015.01.14-21.05.39:194][473]LogSavePackage: Moving '../../../../../../Users/Stevo/Desktop/BZS_Template/Saved/MyCharacterD3F96C174C5F0EF99CCF03A44F304559.tmp' to '../../../../../../Users/Stevo/Desktop/BZS_Template/Content/Blueprints/MyCharacter.uasset'
[2015.01.14-21.05.41:192][637]BlueprintLog: New page: Pre-PIE auto-recompile
[2015.01.14-21.05.41:201][637]LogPlayLevel: [PIE] Compiling MainMenu before PIE...
[2015.01.14-21.05.41:278][637]LogPropertyNode:Warning: UI Min (0.001) >= UI Max () for Ranged Numeric
[2015.01.14-21.05.41:279][637]LogPropertyNode:Warning: UI Min (0.001) >= UI Max () for Ranged Numeric
[2015.01.14-21.05.41:298][637]LogActorComponent: UnregisterComponent: (/Engine/Transient.CharacterMovementComponent_1) Not registered. Aborting.
[2015.01.14-21.05.41:308][637]LogPlayLevel: [PIE] Compiling PauseMenu before PIE...
[2015.01.14-21.05.41:371][637]LogPropertyNode:Warning: UI Min (0.001) >= UI Max () for Ranged Numeric
[2015.01.14-21.05.41:372][637]LogPropertyNode:Warning: UI Min (0.001) >= UI Max () for Ranged Numeric
[2015.01.14-21.05.41:414][637]LogPropertyNode:Warning: UI Min (0.001) >= UI Max () for Ranged Numeric
[2015.01.14-21.05.41:414][637]LogPropertyNode:Warning: UI Min (0.001) >= UI Max () for Ranged Numeric
[2015.01.14-21.05.41:434][637]LogPlayLevel: [PIE] Compiling MyCharacter before PIE...
[2015.01.14-21.05.41:484][637]LogPropertyNode:Warning: UI Min (0.001) >= UI Max () for Ranged Numeric
[2015.01.14-21.05.41:485][637]LogPropertyNode:Warning: UI Min (0.001) >= UI Max () for Ranged Numeric
[2015.01.14-21.05.41:556][637]LogPropertyNode:Warning: UI Min (0.001) >= UI Max () for Ranged Numeric
[2015.01.14-21.05.41:557][637]LogPropertyNode:Warning: UI Min (0.001) >= UI Max () for Ranged Numeric
[2015.01.14-21.05.41:616][637]LogPlayLevel: PIE:  Blueprint regeneration took 423 ms (3 blueprints)
[2015.01.14-21.05.41:616][637]PIE: New page: PIE session: Main_Menu (Jan 14, 2015, 5:05:41 AM)
[2015.01.14-21.05.41:616][637]LogPlayLevel: PIE: StaticDuplicateObject took: (0.000388s)
[2015.01.14-21.05.41:617][637]LogPlayLevel: PIE: World Init took: (0.000456s)
[2015.01.14-21.05.41:617][637]LogPlayLevel: PIE: Created PIE world by copying editor world from /Game/Maps/Main_Menu.Main_Menu to /Game/Maps/UEDPIE_0_Main_Menu.Main_Menu (0.000980s)
[2015.01.14-21.05.41:649][637]LogWorld: Game class is 'MyGame_C'
[2015.01.14-21.05.41:650][637]LogAIModule: Creating AISystem for world Main_Menu
[2015.01.14-21.05.41:651][637]LogWorld: Bringing World /Game/Maps/UEDPIE_0_Main_Menu.Main_Menu up for play (max tick rate 0) at 2015.01.14-13.05.41
[2015.01.14-21.05.41:651][637]LogWorld: Bringing up level for play took: 0.000465
[2015.01.14-21.05.41:653][637]PIE: Info Play in editor start time for /Game/Maps/UEDPIE_0_Main_Menu 0.476
[2015.01.14-21.05.45:474][ 57]LogParticles: Destroying 0 GPU particle simulations for FXSystem 0x00000068893C6480
[2015.01.14-21.05.49:753][349]LogEditorTransaction: Undo Create Pin Link
[2015.01.14-21.05.49:790][349]LogPropertyNode:Warning: UI Min (0.001) >= UI Max () for Ranged Numeric
[2015.01.14-21.05.49:791][349]LogPropertyNode:Warning: UI Min (0.001) >= UI Max () for Ranged Numeric
[2015.01.14-21.05.50:470][368]LogEditorTransaction: Undo Break Pin Link
[2015.01.14-21.05.50:507][368]LogPropertyNode:Warning: UI Min (0.001) >= UI Max () for Ranged Numeric
[2015.01.14-21.05.50:507][368]LogPropertyNode:Warning: UI Min (0.001) >= UI Max () for Ranged Numeric
[2015.01.14-21.05.50:785][377]LogEditorTransaction: Undo Create Pin Link
[2015.01.14-21.05.50:900][377]LogOutputDevice: === Handled error: ===

Ensure condition failed: ToPin->LinkedTo.Contains(this) [File:D:\BuildFarm\buildmachine_++depot+UE4-Releases+4.6\Engine\Source\Runtime\Engine\Private\EdGraph\EdGraphPin.cpp] [Line: 120]
UEdGraphPin::BreakLinkTo Pin 'ReturnValue' on node 'Get Player Controller' not reciprocally linked with pin 'OwningPlayer' on node 'Create Widget'
Stack: 
UE4Editor-Core.dll!UnknownFunction (0x00007ffc8d084776) + 0 bytes [UnknownFile:0]
UE4Editor-Core.dll!UnknownFunction (0x00007ffc8cf02e98) + 0 bytes [UnknownFile:0]
UE4Editor-Engine.dll!UnknownFunction (0x00007ffc8a1cce6f) + 0 bytes [UnknownFile:0]
UE4Editor-Engine.dll!UnknownFunction (0x00007ffc8a1ccc5e) + 0 bytes [UnknownFile:0]
UE4Editor-Engine.dll!UnknownFunction (0x00007ffc8a1cc8de) + 0 bytes [UnknownFile:0]
UE4Editor-KismetCompiler.dll!UnknownFunction (0x00007ffc85cba104) + 0 bytes [UnknownFile:0]
UE4Editor-KismetCompiler.dll!UnknownFunction (0x00007ffc85cb460e) + 0 bytes [UnknownFile:0]
UE4Editor-KismetCompiler.dll!UnknownFunction (0x00007ffc85c77dc6) + 0 bytes [UnknownFile:0]
UE4Editor-KismetCompiler.dll!UnknownFunction (0x00007ffc85c7a7dd) + 0 bytes [UnknownFile:0]
UE4Editor-KismetCompiler.dll!UnknownFunction (0x00007ffc85c7a122) + 0 bytes [UnknownFile:0]
UE4Editor-UnrealEd.dll!UnknownFunction (0x00007ffc88b56e5f) + 0 bytes [UnknownFile:0]
UE4Editor-Kismet.dll!UnknownFunction (0x00007ffc8759ea6b) + 0 bytes [UnknownFile:0]
UE4Editor-UnrealEd.dll!UnknownFunction (0x00007ffc884a0065) + 0 bytes [UnknownFile:0]
UE4Editor-UnrealEd.dll!UnknownFunction (0x00007ffc884c5b4a) + 0 bytes [UnknownFile:0]
UE4Editor-UnrealEd.dll!UnknownFunction (0x00007ffc884b37d0) + 0 bytes [UnknownFile:0]
UE4Editor-UnrealEd.dll!UnknownFunction (0x00007ffc884b3f00) + 0 bytes [UnknownFile:0]
UE4Editor-UnrealEd.dll!UnknownFunction (0x00007ffc8849fcdd) + 0 bytes [UnknownFile:0]
UE4Editor-UnrealEd.dll!UnknownFunction (0x00007ffc884f2ff8) + 0 bytes [UnknownFile:0]
UE4Editor-Kismet.dll!UnknownFunction (0x00007ffc87532651) + 0 bytes [UnknownFile:0]
UE4Editor-Kismet.dll!UnknownFunction (0x00007ffc87536136) + 0 bytes [UnknownFile:0]
UE4Editor-Slate.dll!UnknownFunction (0x00007ffc8c4505d3) + 0 bytes [UnknownFile:0]
UE4Editor-Slate.dll!UnknownFunction (0x00007ffc8c4998cc) + 0 bytes [UnknownFile:0]
UE4Editor-UnrealEd.dll!UnknownFunction (0x00007ffc88cb4cfe) + 0 bytes [UnknownFile:0]
UE4Editor-UnrealEd.dll!UnknownFunction (0x00007ffc88cb1bc2) + 0 bytes [UnknownFile:0]
UE4Editor-Slate.dll!UnknownFunction (0x00007ffc8c438be2) + 0 bytes [UnknownFile:0]
UE4Editor-Slate.dll!UnknownFunction (0x00007ffc8c3f5f4d) + 0 bytes [UnknownFile:0]
UE4Editor-Slate.dll!UnknownFunction (0x00007ffc8c3f788a) + 0 bytes [UnknownFile:0]
UE4Editor-Slate.dll!UnknownFunction (0x00007ffc8c49a209) + 0 bytes [UnknownFile:0]
UE4Editor-Slate.dll!UnknownFunction (0x00007ffc8c48b0c8) + 0 bytes [UnknownFile:0]
UE4Editor-Core.dll!UnknownFunction (0x00007ffc8cfee6c4) + 0 bytes [UnknownFile:0]
UE4Editor-Core.dll!UnknownFunction (0x00007ffc8cfda1fb) + 0 bytes [UnknownFile:0]
UE4Editor-Core.dll!UnknownFunction (0x00007ffc8cfefbbb) + 0 bytes [UnknownFile:0]
UE4Editor-Core.dll!UnknownFunction (0x00007ffc8cfd6cf2) + 0 bytes [UnknownFile:0]
USER32.dll!UnknownFunction (0x00007ffca5512434) + 0 bytes [UnknownFile:0]
USER32.dll!UnknownFunction (0x00007ffca5512297) + 0 bytes [UnknownFile:0]
UE4Editor-Core.dll!UnknownFunction (0x00007ffc8cff0076) + 0 bytes [UnknownFile:0]
UE4Editor.exe!FEngineLoop::Tick() (0x00007ff63f94cbda) + 8 bytes [d:\buildfarm\buildmachine_++depot+ue4-releases+4.6\engine\source\runtime\launch\private\launchengineloop.cpp:2193]
UE4Editor.exe!GuardedMain() (0x00007ff63f94089f) + 0 bytes [d:\buildfarm\buildmachine_++depot+ue4-releases+4.6\engine\source\runtime\launch\private\launch.cpp:131]
UE4Editor.exe!GuardedMainWrapper() (0x00007ff63f94090a) + 5 bytes [d:\buildfarm\buildmachine_++depot+ue4-releases+4.6\engine\source\runtime\launch\private\windows\launchwindows.cpp:126]
UE4Editor.exe!WinMain() (0x00007ff63f94e3d9) + 17 bytes [d:\buildfarm\buildmachine_++depot+ue4-releases+4.6\engine\source\runtime\launch\private\windows\launchwindows.cpp:202]
UE4Editor.exe!__tmainCRTStartup() (0x00007ff63f94f319) + 21 bytes [f:\dd\vctools\crt\crtw32\dllstuff\crtexe.c:618]
KERNEL32.DLL!UnknownFunction (0x00007ffca53d16ad) + 0 bytes [UnknownFile:0]
ntdll.dll!UnknownFunction (0x00007ffca77e4409) + 0 bytes [UnknownFile:0]
ntdll.dll!UnknownFunction (0x00007ffca77e4409) + 0 bytes [UnknownFile:0]

[2015.01.14-21.05.51:056][377]LogPropertyNode:Warning: UI Min (0.001) >= UI Max () for Ranged Numeric
[2015.01.14-21.05.51:057][377]LogPropertyNode:Warning: UI Min (0.001) >= UI Max () for Ranged Numeric
[2015.01.14-21.05.51:099][377]LogEditorTransaction: Undo Break Pin Link
[2015.01.14-21.05.51:113][377]LogOutputDevice: === Handled error: ===

Ensure condition failed: ToPin->LinkedTo.Contains(this) [File:D:\BuildFarm\buildmachine_++depot+UE4-Releases+4.6\Engine\Source\Runtime\Engine\Private\EdGraph\EdGraphPin.cpp] [Line: 120]
UEdGraphPin::BreakLinkTo Pin 'ReturnValue' on node 'Get Player Controller' not reciprocally linked with pin 'OwningPlayer' on node 'Create Widget'
Stack: 
UE4Editor-Core.dll!UnknownFunction (0x00007ffc8d084776) + 0 bytes [UnknownFile:0]
UE4Editor-Core.dll!UnknownFunction (0x00007ffc8cf02e98) + 0 bytes [UnknownFile:0]
UE4Editor-Engine.dll!UnknownFunction (0x00007ffc8a1cce6f) + 0 bytes [UnknownFile:0]
UE4Editor-Engine.dll!UnknownFunction (0x00007ffc8a1ccc5e) + 0 bytes [UnknownFile:0]
UE4Editor-Engine.dll!UnknownFunction (0x00007ffc8a1cc8de) + 0 bytes [UnknownFile:0]
UE4Editor-KismetCompiler.dll!UnknownFunction (0x00007ffc85cba104) + 0 bytes [UnknownFile:0]
UE4Editor-KismetCompiler.dll!UnknownFunction (0x00007ffc85cb460e) + 0 bytes [UnknownFile:0]
UE4Editor-KismetCompiler.dll!UnknownFunction (0x00007ffc85c77dc6) + 0 bytes [UnknownFile:0]
UE4Editor-KismetCompiler.dll!UnknownFunction (0x00007ffc85c7a7dd) + 0 bytes [UnknownFile:0]
UE4Editor-KismetCompiler.dll!UnknownFunction (0x00007ffc85c7a122) + 0 bytes [UnknownFile:0]
UE4Editor-UnrealEd.dll!UnknownFunction (0x00007ffc88b56e5f) + 0 bytes [UnknownFile:0]
UE4Editor-Kismet.dll!UnknownFunction (0x00007ffc8759ea6b) + 0 bytes [UnknownFile:0]
UE4Editor-UnrealEd.dll!UnknownFunction (0x00007ffc884a0065) + 0 bytes [UnknownFile:0]
UE4Editor-UnrealEd.dll!UnknownFunction (0x00007ffc884c5b4a) + 0 bytes [UnknownFile:0]
UE4Editor-UnrealEd.dll!UnknownFunction (0x00007ffc884b37d0) + 0 bytes [UnknownFile:0]
UE4Editor-UnrealEd.dll!UnknownFunction (0x00007ffc884b3f00) + 0 bytes [UnknownFile:0]
UE4Editor-UnrealEd.dll!UnknownFunction (0x00007ffc8849fcdd) + 0 bytes [UnknownFile:0]
UE4Editor-UnrealEd.dll!UnknownFunction (0x00007ffc884f2ff8) + 0 bytes [UnknownFile:0]
UE4Editor-Kismet.dll!UnknownFunction (0x00007ffc87532651) + 0 bytes [UnknownFile:0]
UE4Editor-Kismet.dll!UnknownFunction (0x00007ffc87536136) + 0 bytes [UnknownFile:0]
UE4Editor-Slate.dll!UnknownFunction (0x00007ffc8c4505d3) + 0 bytes [UnknownFile:0]
UE4Editor-Slate.dll!UnknownFunction (0x00007ffc8c4998cc) + 0 bytes [UnknownFile:0]
UE4Editor-UnrealEd.dll!UnknownFunction (0x00007ffc88cb4cfe) + 0 bytes [UnknownFile:0]
UE4Editor-UnrealEd.dll!UnknownFunction (0x00007ffc88cb1bc2) + 0 bytes [UnknownFile:0]
UE4Editor-Slate.dll!UnknownFunction (0x00007ffc8c438be2) + 0 bytes [UnknownFile:0]
UE4Editor-Slate.dll!UnknownFunction (0x00007ffc8c3f5f4d) + 0 bytes [UnknownFile:0]
UE4Editor-Slate.dll!UnknownFunction (0x00007ffc8c3f788a) + 0 bytes [UnknownFile:0]
UE4Editor-Slate.dll!UnknownFunction (0x00007ffc8c49a209) + 0 bytes [UnknownFile:0]
UE4Editor-Slate.dll!UnknownFunction (0x00007ffc8c48b0c8) + 0 bytes [UnknownFile:0]
UE4Editor-Core.dll!UnknownFunction (0x00007ffc8cfee6c4) + 0 bytes [UnknownFile:0]
UE4Editor-Core.dll!UnknownFunction (0x00007ffc8cfda1fb) + 0 bytes [UnknownFile:0]
UE4Editor-Core.dll!UnknownFunction (0x00007ffc8cfefbbb) + 0 bytes [UnknownFile:0]
UE4Editor-Core.dll!UnknownFunction (0x00007ffc8cfd6cf2) + 0 bytes [UnknownFile:0]
USER32.dll!UnknownFunction (0x00007ffca5512434) + 0 bytes [UnknownFile:0]
USER32.dll!UnknownFunction (0x00007ffca5512297) + 0 bytes [UnknownFile:0]
UE4Editor-Core.dll!UnknownFunction (0x00007ffc8cff0076) + 0 bytes [UnknownFile:0]
UE4Editor.exe!FEngineLoop::Tick() (0x00007ff63f94cbda) + 8 bytes [d:\buildfarm\buildmachine_++depot+ue4-releases+4.6\engine\source\runtime\launch\private\launchengineloop.cpp:2193]
UE4Editor.exe!GuardedMain() (0x00007ff63f94089f) + 0 bytes [d:\buildfarm\buildmachine_++depot+ue4-releases+4.6\engine\source\runtime\launch\private\launch.cpp:131]
UE4Editor.exe!GuardedMainWrapper() (0x00007ff63f94090a) + 5 bytes [d:\buildfarm\buildmachine_++depot+ue4-releases+4.6\engine\source\runtime\launch\private\windows\launchwindows.cpp:126]
UE4Editor.exe!WinMain() (0x00007ff63f94e3d9) + 17 bytes [d:\buildfarm\buildmachine_++depot+ue4-releases+4.6\engine\source\runtime\launch\private\windows\launchwindows.cpp:202]
UE4Editor.exe!__tmainCRTStartup() (0x00007ff63f94f319) + 21 bytes [f:\dd\vctools\crt\crtw32\dllstuff\crtexe.c:618]
KERNEL32.DLL!UnknownFunction (0x00007ffca53d16ad) + 0 bytes [UnknownFile:0]
ntdll.dll!UnknownFunction (0x00007ffca77e4409) + 0 bytes [UnknownFile:0]
ntdll.dll!UnknownFunction (0x00007ffca77e4409) + 0 bytes [UnknownFile:0]

[2015.01.14-21.05.51:134][377]LogPropertyNode:Warning: UI Min (0.001) >= UI Max () for Ranged Numeric
[2015.01.14-21.05.51:135][377]LogPropertyNode:Warning: UI Min (0.001) >= UI Max () for Ranged Numeric
[2015.01.14-21.05.51:333][381]LogEditorTransaction: Undo Create Pin Link
[2015.01.14-21.05.51:369][381]LogPropertyNode:Warning: UI Min (0.001) >= UI Max () for Ranged Numeric
[2015.01.14-21.05.51:370][381]LogPropertyNode:Warning: UI Min (0.001) >= UI Max () for Ranged Numeric
[2015.01.14-21.05.52:636][454]LogEditorTransaction: Undo Delete current selection
[2015.01.14-21.05.52:674][454]LogPropertyNode:Warning: UI Min (0.001) >= UI Max () for Ranged Numeric
[2015.01.14-21.05.52:674][454]LogPropertyNode:Warning: UI Min (0.001) >= UI Max () for Ranged Numeric
[2015.01.14-21.06.03:829][133]BlueprintLog: New page: Compile MyCharacter
[2015.01.14-21.06.03:863][133]LogOutputDevice: === Handled error: ===

Ensure condition failed: ToPin->LinkedTo.Contains(this) [File:D:\BuildFarm\buildmachine_++depot+UE4-Releases+4.6\Engine\Source\Runtime\Engine\Private\EdGraph\EdGraphPin.cpp] [Line: 120]
UEdGraphPin::BreakLinkTo Pin 'then' on node 'Event Begin Play' not reciprocally linked with pin 'execute' on node 'Create Widget'
Stack: 
UE4Editor-Core.dll!UnknownFunction (0x00007ffc8d084776) + 0 bytes [UnknownFile:0]
UE4Editor-Core.dll!UnknownFunction (0x00007ffc8cf02e98) + 0 bytes [UnknownFile:0]
UE4Editor-Engine.dll!UnknownFunction (0x00007ffc8a1cce6f) + 0 bytes [UnknownFile:0]
UE4Editor-Engine.dll!UnknownFunction (0x00007ffc8a1ccc5e) + 0 bytes [UnknownFile:0]
UE4Editor-Engine.dll!UnknownFunction (0x00007ffc8a201329) + 0 bytes [UnknownFile:0]
UE4Editor-KismetCompiler.dll!UnknownFunction (0x00007ffc85cb1c38) + 0 bytes [UnknownFile:0]
UE4Editor-UMGEditor.dll!UnknownFunction (0x00007ffc81fd6a0b) + 0 bytes [UnknownFile:0]
UE4Editor-KismetCompiler.dll!UnknownFunction (0x00007ffc85c9ab30) + 0 bytes [UnknownFile:0]
UE4Editor-KismetCompiler.dll!UnknownFunction (0x00007ffc85c826b8) + 0 bytes [UnknownFile:0]
UE4Editor-KismetCompiler.dll!UnknownFunction (0x00007ffc85c855f4) + 0 bytes [UnknownFile:0]
UE4Editor-KismetCompiler.dll!UnknownFunction (0x00007ffc85c77c16) + 0 bytes [UnknownFile:0]
UE4Editor-KismetCompiler.dll!UnknownFunction (0x00007ffc85c7a7dd) + 0 bytes [UnknownFile:0]
UE4Editor-KismetCompiler.dll!UnknownFunction (0x00007ffc85c7a1de) + 0 bytes [UnknownFile:0]
UE4Editor-UnrealEd.dll!UnknownFunction (0x00007ffc88b9c78a) + 0 bytes [UnknownFile:0]
UE4Editor-Kismet.dll!UnknownFunction (0x00007ffc874f1877) + 0 bytes [UnknownFile:0]
UE4Editor-Kismet.dll!UnknownFunction (0x00007ffc87532651) + 0 bytes [UnknownFile:0]
UE4Editor-Kismet.dll!UnknownFunction (0x00007ffc87536136) + 0 bytes [UnknownFile:0]
UE4Editor-Slate.dll!UnknownFunction (0x00007ffc8c45fbe6) + 0 bytes [UnknownFile:0]
UE4Editor-Slate.dll!UnknownFunction (0x00007ffc8c546c9d) + 0 bytes [UnknownFile:0]
UE4Editor-Slate.dll!UnknownFunction (0x00007ffc8c4cba47) + 0 bytes [UnknownFile:0]
UE4Editor-Slate.dll!UnknownFunction (0x00007ffc8c4cd2f9) + 0 bytes [UnknownFile:0]
UE4Editor-Slate.dll!UnknownFunction (0x00007ffc8c52e7b9) + 0 bytes [UnknownFile:0]
UE4Editor-Slate.dll!UnknownFunction (0x00007ffc8c5d4b9a) + 0 bytes [UnknownFile:0]
UE4Editor-Slate.dll!UnknownFunction (0x00007ffc8c600a73) + 0 bytes [UnknownFile:0]
UE4Editor-Slate.dll!UnknownFunction (0x00007ffc8c4397bc) + 0 bytes [UnknownFile:0]
UE4Editor-Slate.dll!UnknownFunction (0x00007ffc8c3f7347) + 0 bytes [UnknownFile:0]
UE4Editor-Slate.dll!UnknownFunction (0x00007ffc8c49b2e0) + 0 bytes [UnknownFile:0]
UE4Editor-Slate.dll!UnknownFunction (0x00007ffc8c48c226) + 0 bytes [UnknownFile:0]
UE4Editor-Core.dll!UnknownFunction (0x00007ffc8cfee9e9) + 0 bytes [UnknownFile:0]
UE4Editor-Core.dll!UnknownFunction (0x00007ffc8cfda1fb) + 0 bytes [UnknownFile:0]
UE4Editor-Core.dll!UnknownFunction (0x00007ffc8cfefbbb) + 0 bytes [UnknownFile:0]
UE4Editor-Core.dll!UnknownFunction (0x00007ffc8cfd6cf2) + 0 bytes [UnknownFile:0]
USER32.dll!UnknownFunction (0x00007ffca5512434) + 0 bytes [UnknownFile:0]
USER32.dll!UnknownFunction (0x00007ffca5512297) + 0 bytes [UnknownFile:0]
UE4Editor-Core.dll!UnknownFunction (0x00007ffc8cff0076) + 0 bytes [UnknownFile:0]
UE4Editor.exe!FEngineLoop::Tick() (0x00007ff63f94cbda) + 8 bytes [d:\buildfarm\buildmachine_++depot+ue4-releases+4.6\engine\source\runtime\launch\private\launchengineloop.cpp:2193]
UE4Editor.exe!GuardedMain() (0x00007ff63f94089f) + 0 bytes [d:\buildfarm\buildmachine_++depot+ue4-releases+4.6\engine\source\runtime\launch\private\launch.cpp:131]
UE4Editor.exe!GuardedMainWrapper() (0x00007ff63f94090a) + 5 bytes [d:\buildfarm\buildmachine_++depot+ue4-releases+4.6\engine\source\runtime\launch\private\windows\launchwindows.cpp:126]
UE4Editor.exe!WinMain() (0x00007ff63f94e3d9) + 17 bytes [d:\buildfarm\buildmachine_++depot+ue4-releases+4.6\engine\source\runtime\launch\private\windows\launchwindows.cpp:202]
UE4Editor.exe!__tmainCRTStartup() (0x00007ff63f94f319) + 21 bytes [f:\dd\vctools\crt\crtw32\dllstuff\crtexe.c:618]
KERNEL32.DLL!UnknownFunction (0x00007ffca53d16ad) + 0 bytes [UnknownFile:0]
ntdll.dll!UnknownFunction (0x00007ffca77e4409) + 0 bytes [UnknownFile:0]
ntdll.dll!UnknownFunction (0x00007ffca77e4409) + 0 bytes [UnknownFile:0]

[2015.01.14-21.06.03:985][133]LogBlueprint:Error: [compiler] Error COMPILER ERROR: failed building connection with 'Replace existing output connections' at  Create Widget 
[2015.01.14-21.06.03:994][133]LogOutputDevice: === Handled error: ===

Ensure condition failed: ToPin->LinkedTo.Contains(this) [File:D:\BuildFarm\buildmachine_++depot+UE4-Releases+4.6\Engine\Source\Runtime\Engine\Private\EdGraph\EdGraphPin.cpp] [Line: 120]
UEdGraphPin::BreakLinkTo Pin 'ReturnValue' on node 'Get Player Controller' not reciprocally linked with pin 'OwningPlayer' on node 'Create Widget'
Stack: 
UE4Editor-Core.dll!UnknownFunction (0x00007ffc8d084776) + 0 bytes [UnknownFile:0]
UE4Editor-Core.dll!UnknownFunction (0x00007ffc8cf02e98) + 0 bytes [UnknownFile:0]
UE4Editor-Engine.dll!UnknownFunction (0x00007ffc8a1cce6f) + 0 bytes [UnknownFile:0]
UE4Editor-Engine.dll!UnknownFunction (0x00007ffc8a1ccc5e) + 0 bytes [UnknownFile:0]
UE4Editor-Engine.dll!UnknownFunction (0x00007ffc8a201329) + 0 bytes [UnknownFile:0]
UE4Editor-KismetCompiler.dll!UnknownFunction (0x00007ffc85cb1c38) + 0 bytes [UnknownFile:0]
UE4Editor-UMGEditor.dll!UnknownFunction (0x00007ffc81fd6a87) + 0 bytes [UnknownFile:0]
UE4Editor-KismetCompiler.dll!UnknownFunction (0x00007ffc85c9ab30) + 0 bytes [UnknownFile:0]
UE4Editor-KismetCompiler.dll!UnknownFunction (0x00007ffc85c826b8) + 0 bytes [UnknownFile:0]
UE4Editor-KismetCompiler.dll!UnknownFunction (0x00007ffc85c855f4) + 0 bytes [UnknownFile:0]
UE4Editor-KismetCompiler.dll!UnknownFunction (0x00007ffc85c77c16) + 0 bytes [UnknownFile:0]
UE4Editor-KismetCompiler.dll!UnknownFunction (0x00007ffc85c7a7dd) + 0 bytes [UnknownFile:0]
UE4Editor-KismetCompiler.dll!UnknownFunction (0x00007ffc85c7a1de) + 0 bytes [UnknownFile:0]
UE4Editor-UnrealEd.dll!UnknownFunction (0x00007ffc88b9c78a) + 0 bytes [UnknownFile:0]
UE4Editor-Kismet.dll!UnknownFunction (0x00007ffc874f1877) + 0 bytes [UnknownFile:0]
UE4Editor-Kismet.dll!UnknownFunction (0x00007ffc87532651) + 0 bytes [UnknownFile:0]
UE4Editor-Kismet.dll!UnknownFunction (0x00007ffc87536136) + 0 bytes [UnknownFile:0]
UE4Editor-Slate.dll!UnknownFunction (0x00007ffc8c45fbe6) + 0 bytes [UnknownFile:0]
UE4Editor-Slate.dll!UnknownFunction (0x00007ffc8c546c9d) + 0 bytes [UnknownFile:0]
UE4Editor-Slate.dll!UnknownFunction (0x00007ffc8c4cba47) + 0 bytes [UnknownFile:0]
UE4Editor-Slate.dll!UnknownFunction (0x00007ffc8c4cd2f9) + 0 bytes [UnknownFile:0]
UE4Editor-Slate.dll!UnknownFunction (0x00007ffc8c52e7b9) + 0 bytes [UnknownFile:0]
UE4Editor-Slate.dll!UnknownFunction (0x00007ffc8c5d4b9a) + 0 bytes [UnknownFile:0]
UE4Editor-Slate.dll!UnknownFunction (0x00007ffc8c600a73) + 0 bytes [UnknownFile:0]
UE4Editor-Slate.dll!UnknownFunction (0x00007ffc8c4397bc) + 0 bytes [UnknownFile:0]
UE4Editor-Slate.dll!UnknownFunction (0x00007ffc8c3f7347) + 0 bytes [UnknownFile:0]
UE4Editor-Slate.dll!UnknownFunction (0x00007ffc8c49b2e0) + 0 bytes [UnknownFile:0]
UE4Editor-Slate.dll!UnknownFunction (0x00007ffc8c48c226) + 0 bytes [UnknownFile:0]
UE4Editor-Core.dll!UnknownFunction (0x00007ffc8cfee9e9) + 0 bytes [UnknownFile:0]
UE4Editor-Core.dll!UnknownFunction (0x00007ffc8cfda1fb) + 0 bytes [UnknownFile:0]
UE4Editor-Core.dll!UnknownFunction (0x00007ffc8cfefbbb) + 0 bytes [UnknownFile:0]
UE4Editor-Core.dll!UnknownFunction (0x00007ffc8cfd6cf2) + 0 bytes [UnknownFile:0]
USER32.dll!UnknownFunction (0x00007ffca5512434) + 0 bytes [UnknownFile:0]
USER32.dll!UnknownFunction (0x00007ffca5512297) + 0 bytes [UnknownFile:0]
UE4Editor-Core.dll!UnknownFunction (0x00007ffc8cff0076) + 0 bytes [UnknownFile:0]
UE4Editor.exe!FEngineLoop::Tick() (0x00007ff63f94cbda) + 8 bytes [d:\buildfarm\buildmachine_++depot+ue4-releases+4.6\engine\source\runtime\launch\private\launchengineloop.cpp:2193]
UE4Editor.exe!GuardedMain() (0x00007ff63f94089f) + 0 bytes [d:\buildfarm\buildmachine_++depot+ue4-releases+4.6\engine\source\runtime\launch\private\launch.cpp:131]
UE4Editor.exe!GuardedMainWrapper() (0x00007ff63f94090a) + 5 bytes [d:\buildfarm\buildmachine_++depot+ue4-releases+4.6\engine\source\runtime\launch\private\windows\launchwindows.cpp:126]
UE4Editor.exe!WinMain() (0x00007ff63f94e3d9) + 17 bytes [d:\buildfarm\buildmachine_++depot+ue4-releases+4.6\engine\source\runtime\launch\private\windows\launchwindows.cpp:202]
UE4Editor.exe!__tmainCRTStartup() (0x00007ff63f94f319) + 21 bytes [f:\dd\vctools\crt\crtw32\dllstuff\crtexe.c:618]
KERNEL32.DLL!UnknownFunction (0x00007ffca53d16ad) + 0 bytes [UnknownFile:0]
ntdll.dll!UnknownFunction (0x00007ffca77e4409) + 0 bytes [UnknownFile:0]
ntdll.dll!UnknownFunction (0x00007ffca77e4409) + 0 bytes [UnknownFile:0]

[2015.01.14-21.06.04:128][133]LogOutputDevice: === Handled error: ===

Ensure condition failed: ToPin->LinkedTo.Contains(this) [File:D:\BuildFarm\buildmachine_++depot+UE4-Releases+4.6\Engine\Source\Runtime\Engine\Private\EdGraph\EdGraphPin.cpp] [Line: 120]
UEdGraphPin::BreakLinkTo Pin 'self' on node 'Add to Viewport' not reciprocally linked with pin 'ReturnValue' on node 'Create Widget'
Stack: 
UE4Editor-Core.dll!UnknownFunction (0x00007ffc8d084776) + 0 bytes [UnknownFile:0]
UE4Editor-Core.dll!UnknownFunction (0x00007ffc8cf02e98) + 0 bytes [UnknownFile:0]
UE4Editor-Engine.dll!UnknownFunction (0x00007ffc8a1cce6f) + 0 bytes [UnknownFile:0]
UE4Editor-Engine.dll!UnknownFunction (0x00007ffc8a1ccc5e) + 0 bytes [UnknownFile:0]
UE4Editor-Engine.dll!UnknownFunction (0x00007ffc8a201329) + 0 bytes [UnknownFile:0]
UE4Editor-KismetCompiler.dll!UnknownFunction (0x00007ffc85cb1c38) + 0 bytes [UnknownFile:0]
UE4Editor-UMGEditor.dll!UnknownFunction (0x00007ffc81fd6ac6) + 0 bytes [UnknownFile:0]
UE4Editor-KismetCompiler.dll!UnknownFunction (0x00007ffc85c9ab30) + 0 bytes [UnknownFile:0]
UE4Editor-KismetCompiler.dll!UnknownFunction (0x00007ffc85c826b8) + 0 bytes [UnknownFile:0]
UE4Editor-KismetCompiler.dll!UnknownFunction (0x00007ffc85c855f4) + 0 bytes [UnknownFile:0]
UE4Editor-KismetCompiler.dll!UnknownFunction (0x00007ffc85c77c16) + 0 bytes [UnknownFile:0]
UE4Editor-KismetCompiler.dll!UnknownFunction (0x00007ffc85c7a7dd) + 0 bytes [UnknownFile:0]
UE4Editor-KismetCompiler.dll!UnknownFunction (0x00007ffc85c7a1de) + 0 bytes [UnknownFile:0]
UE4Editor-UnrealEd.dll!UnknownFunction (0x00007ffc88b9c78a) + 0 bytes [UnknownFile:0]
UE4Editor-Kismet.dll!UnknownFunction (0x00007ffc874f1877) + 0 bytes [UnknownFile:0]
UE4Editor-Kismet.dll!UnknownFunction (0x00007ffc87532651) + 0 bytes [UnknownFile:0]
UE4Editor-Kismet.dll!UnknownFunction (0x00007ffc87536136) + 0 bytes [UnknownFile:0]
UE4Editor-Slate.dll!UnknownFunction (0x00007ffc8c45fbe6) + 0 bytes [UnknownFile:0]
UE4Editor-Slate.dll!UnknownFunction (0x00007ffc8c546c9d) + 0 bytes [UnknownFile:0]
UE4Editor-Slate.dll!UnknownFunction (0x00007ffc8c4cba47) + 0 bytes [UnknownFile:0]
UE4Editor-Slate.dll!UnknownFunction (0x00007ffc8c4cd2f9) + 0 bytes [UnknownFile:0]
UE4Editor-Slate.dll!UnknownFunction (0x00007ffc8c52e7b9) + 0 bytes [UnknownFile:0]
UE4Editor-Slate.dll!UnknownFunction (0x00007ffc8c5d4b9a) + 0 bytes [UnknownFile:0]
UE4Editor-Slate.dll!UnknownFunction (0x00007ffc8c600a73) + 0 bytes [UnknownFile:0]
UE4Editor-Slate.dll!UnknownFunction (0x00007ffc8c4397bc) + 0 bytes [UnknownFile:0]
UE4Editor-Slate.dll!UnknownFunction (0x00007ffc8c3f7347) + 0 bytes [UnknownFile:0]
UE4Editor-Slate.dll!UnknownFunction (0x00007ffc8c49b2e0) + 0 bytes [UnknownFile:0]
UE4Editor-Slate.dll!UnknownFunction (0x00007ffc8c48c226) + 0 bytes [UnknownFile:0]
UE4Editor-Core.dll!UnknownFunction (0x00007ffc8cfee9e9) + 0 bytes [UnknownFile:0]
UE4Editor-Core.dll!UnknownFunction (0x00007ffc8cfda1fb) + 0 bytes [UnknownFile:0]
UE4Editor-Core.dll!UnknownFunction (0x00007ffc8cfefbbb) + 0 bytes [UnknownFile:0]
UE4Editor-Core.dll!UnknownFunction (0x00007ffc8cfd6cf2) + 0 bytes [UnknownFile:0]
USER32.dll!UnknownFunction (0x00007ffca5512434) + 0 bytes [UnknownFile:0]
USER32.dll!UnknownFunction (0x00007ffca5512297) + 0 bytes [UnknownFile:0]
UE4Editor-Core.dll!UnknownFunction (0x00007ffc8cff0076) + 0 bytes [UnknownFile:0]
UE4Editor.exe!FEngineLoop::Tick() (0x00007ff63f94cbda) + 8 bytes [d:\buildfarm\buildmachine_++depot+ue4-releases+4.6\engine\source\runtime\launch\private\launchengineloop.cpp:2193]
UE4Editor.exe!GuardedMain() (0x00007ff63f94089f) + 0 bytes [d:\buildfarm\buildmachine_++depot+ue4-releases+4.6\engine\source\runtime\launch\private\launch.cpp:131]
UE4Editor.exe!GuardedMainWrapper() (0x00007ff63f94090a) + 5 bytes [d:\buildfarm\buildmachine_++depot+ue4-releases+4.6\engine\source\runtime\launch\private\windows\launchwindows.cpp:126]
UE4Editor.exe!WinMain() (0x00007ff63f94e3d9) + 17 bytes [d:\buildfarm\buildmachine_++depot+ue4-releases+4.6\engine\source\runtime\launch\private\windows\launchwindows.cpp:202]
UE4Editor.exe!__tmainCRTStartup() (0x00007ff63f94f319) + 21 bytes [f:\dd\vctools\crt\crtw32\dllstuff\crtexe.c:618]
KERNEL32.DLL!UnknownFunction (0x00007ffca53d16ad) + 0 bytes [UnknownFile:0]
ntdll.dll!UnknownFunction (0x00007ffca77e4409) + 0 bytes [UnknownFile:0]
ntdll.dll!UnknownFunction (0x00007ffca77e4409) + 0 bytes [UnknownFile:0]

[2015.01.14-21.06.04:138][133]LogOutputDevice: === Handled error: ===

Ensure condition failed: ToPin->LinkedTo.Contains(this) [File:D:\BuildFarm\buildmachine_++depot+UE4-Releases+4.6\Engine\Source\Runtime\Engine\Private\EdGraph\EdGraphPin.cpp] [Line: 120]
UEdGraphPin::BreakLinkTo Pin 'ReturnValue' on node 'Get Player Controller' not reciprocally linked with pin 'OwningPlayer' on node 'Create Widget'
Stack: 
UE4Editor-Core.dll!UnknownFunction (0x00007ffc8d084776) + 0 bytes [UnknownFile:0]
UE4Editor-Core.dll!UnknownFunction (0x00007ffc8cf02e98) + 0 bytes [UnknownFile:0]
UE4Editor-Engine.dll!UnknownFunction (0x00007ffc8a1cce6f) + 0 bytes [UnknownFile:0]
UE4Editor-Engine.dll!UnknownFunction (0x00007ffc8a1ccc5e) + 0 bytes [UnknownFile:0]
UE4Editor-Engine.dll!UnknownFunction (0x00007ffc8a201329) + 0 bytes [UnknownFile:0]
UE4Editor-KismetCompiler.dll!UnknownFunction (0x00007ffc85cb1c38) + 0 bytes [UnknownFile:0]
UE4Editor-UMGEditor.dll!UnknownFunction (0x00007ffc81fd6a87) + 0 bytes [UnknownFile:0]
UE4Editor-KismetCompiler.dll!UnknownFunction (0x00007ffc85c9ab30) + 0 bytes [UnknownFile:0]
UE4Editor-KismetCompiler.dll!UnknownFunction (0x00007ffc85c826b8) + 0 bytes [UnknownFile:0]
UE4Editor-KismetCompiler.dll!UnknownFunction (0x00007ffc85c855f4) + 0 bytes [UnknownFile:0]
UE4Editor-KismetCompiler.dll!UnknownFunction (0x00007ffc85c77c16) + 0 bytes [UnknownFile:0]
UE4Editor-KismetCompiler.dll!UnknownFunction (0x00007ffc85c7a7dd) + 0 bytes [UnknownFile:0]
UE4Editor-KismetCompiler.dll!UnknownFunction (0x00007ffc85c7a1de) + 0 bytes [UnknownFile:0]
UE4Editor-UnrealEd.dll!UnknownFunction (0x00007ffc88b9c78a) + 0 bytes [UnknownFile:0]
UE4Editor-Kismet.dll!UnknownFunction (0x00007ffc874f1877) + 0 bytes [UnknownFile:0]
UE4Editor-Kismet.dll!UnknownFunction (0x00007ffc87532651) + 0 bytes [UnknownFile:0]
UE4Editor-Kismet.dll!UnknownFunction (0x00007ffc87536136) + 0 bytes [UnknownFile:0]
UE4Editor-Slate.dll!UnknownFunction (0x00007ffc8c45fbe6) + 0 bytes [UnknownFile:0]
UE4Editor-Slate.dll!UnknownFunction (0x00007ffc8c546c9d) + 0 bytes [UnknownFile:0]
UE4Editor-Slate.dll!UnknownFunction (0x00007ffc8c4cba47) + 0 bytes [UnknownFile:0]
UE4Editor-Slate.dll!UnknownFunction (0x00007ffc8c4cd2f9) + 0 bytes [UnknownFile:0]
UE4Editor-Slate.dll!UnknownFunction (0x00007ffc8c52e7b9) + 0 bytes [UnknownFile:0]
UE4Editor-Slate.dll!UnknownFunction (0x00007ffc8c5d4b9a) + 0 bytes [UnknownFile:0]
UE4Editor-Slate.dll!UnknownFunction (0x00007ffc8c600a73) + 0 bytes [UnknownFile:0]
UE4Editor-Slate.dll!UnknownFunction (0x00007ffc8c4397bc) + 0 bytes [UnknownFile:0]
UE4Editor-Slate.dll!UnknownFunction (0x00007ffc8c3f7347) + 0 bytes [UnknownFile:0]
UE4Editor-Slate.dll!UnknownFunction (0x00007ffc8c49b2e0) + 0 bytes [UnknownFile:0]
UE4Editor-Slate.dll!UnknownFunction (0x00007ffc8c48c226) + 0 bytes [UnknownFile:0]
UE4Editor-Core.dll!UnknownFunction (0x00007ffc8cfee9e9) + 0 bytes [UnknownFile:0]
UE4Editor-Core.dll!UnknownFunction (0x00007ffc8cfda1fb) + 0 bytes [UnknownFile:0]
UE4Editor-Core.dll!UnknownFunction (0x00007ffc8cfefbbb) + 0 bytes [UnknownFile:0]
UE4Editor-Core.dll!UnknownFunction (0x00007ffc8cfd6cf2) + 0 bytes [UnknownFile:0]
USER32.dll!UnknownFunction (0x00007ffca5512434) + 0 bytes [UnknownFile:0]
USER32.dll!UnknownFunction (0x00007ffca5512297) + 0 bytes [UnknownFile:0]
UE4Editor-Core.dll!UnknownFunction (0x00007ffc8cff0076) + 0 bytes [UnknownFile:0]
UE4Editor.exe!FEngineLoop::Tick() (0x00007ff63f94cbda) + 8 bytes [d:\buildfarm\buildmachine_++depot+ue4-releases+4.6\engine\source\runtime\launch\private\launchengineloop.cpp:2193]
UE4Editor.exe!GuardedMain() (0x00007ff63f94089f) + 0 bytes [d:\buildfarm\buildmachine_++depot+ue4-releases+4.6\engine\source\runtime\launch\private\launch.cpp:131]
UE4Editor.exe!GuardedMainWrapper() (0x00007ff63f94090a) + 5 bytes [d:\buildfarm\buildmachine_++depot+ue4-releases+4.6\engine\source\runtime\launch\private\windows\launchwindows.cpp:126]
UE4Editor.exe!WinMain() (0x00007ff63f94e3d9) + 17 bytes [d:\buildfarm\buildmachine_++depot+ue4-releases+4.6\engine\source\runtime\launch\private\windows\launchwindows.cpp:202]
UE4Editor.exe!__tmainCRTStartup() (0x00007ff63f94f319) + 21 bytes [f:\dd\vctools\crt\crtw32\dllstuff\crtexe.c:618]
KERNEL32.DLL!UnknownFunction (0x00007ffca53d16ad) + 0 bytes [UnknownFile:0]
ntdll.dll!UnknownFunction (0x00007ffca77e4409) + 0 bytes [UnknownFile:0]
ntdll.dll!UnknownFunction (0x00007ffca77e4409) + 0 bytes [UnknownFile:0]

[2015.01.14-21.06.04:142][133]LogBlueprint:Warning: [compiler] Warning Type mismatch between pins  Return Value  and  (transient) 
[2015.01.14-21.06.04:153][133]LogOutputDevice: === Handled error: ===

Ensure condition failed: ToPin->LinkedTo.Contains(this) [File:D:\BuildFarm\buildmachine_++depot+UE4-Releases+4.6\Engine\Source\Runtime\Engine\Private\EdGraph\EdGraphPin.cpp] [Line: 120]
UEdGraphPin::BreakLinkTo Pin 'OwningPlayer' on node 'Unknown' not reciprocally linked with pin 'ReturnValue' on node 'Get Player Controller'
Stack: 
UE4Editor-Core.dll!UnknownFunction (0x00007ffc8d084776) + 0 bytes [UnknownFile:0]
UE4Editor-Core.dll!UnknownFunction (0x00007ffc8cf02e98) + 0 bytes [UnknownFile:0]
UE4Editor-Engine.dll!UnknownFunction (0x00007ffc8a1cce6f) + 0 bytes [UnknownFile:0]
UE4Editor-Engine.dll!UnknownFunction (0x00007ffc8a1ccc5e) + 0 bytes [UnknownFile:0]
UE4Editor-Engine.dll!UnknownFunction (0x00007ffc8a1cc8de) + 0 bytes [UnknownFile:0]
UE4Editor-KismetCompiler.dll!UnknownFunction (0x00007ffc85cb9d9d) + 0 bytes [UnknownFile:0]
UE4Editor-KismetCompiler.dll!UnknownFunction (0x00007ffc85cba19e) + 0 bytes [UnknownFile:0]
UE4Editor-KismetCompiler.dll!UnknownFunction (0x00007ffc85cb460e) + 0 bytes [UnknownFile:0]
UE4Editor-KismetCompiler.dll!UnknownFunction (0x00007ffc85c77dc6) + 0 bytes [UnknownFile:0]
UE4Editor-KismetCompiler.dll!UnknownFunction (0x00007ffc85c7a7dd) + 0 bytes [UnknownFile:0]
UE4Editor-KismetCompiler.dll!UnknownFunction (0x00007ffc85c7a1de) + 0 bytes [UnknownFile:0]
UE4Editor-UnrealEd.dll!UnknownFunction (0x00007ffc88b9c78a) + 0 bytes [UnknownFile:0]
UE4Editor-Kismet.dll!UnknownFunction (0x00007ffc874f1877) + 0 bytes [UnknownFile:0]
UE4Editor-Kismet.dll!UnknownFunction (0x00007ffc87532651) + 0 bytes [UnknownFile:0]
UE4Editor-Kismet.dll!UnknownFunction (0x00007ffc87536136) + 0 bytes [UnknownFile:0]
UE4Editor-Slate.dll!UnknownFunction (0x00007ffc8c45fbe6) + 0 bytes [UnknownFile:0]
UE4Editor-Slate.dll!UnknownFunction (0x00007ffc8c546c9d) + 0 bytes [UnknownFile:0]
UE4Editor-Slate.dll!UnknownFunction (0x00007ffc8c4cba47) + 0 bytes [UnknownFile:0]
UE4Editor-Slate.dll!UnknownFunction (0x00007ffc8c4cd2f9) + 0 bytes [UnknownFile:0]
UE4Editor-Slate.dll!UnknownFunction (0x00007ffc8c52e7b9) + 0 bytes [UnknownFile:0]
UE4Editor-Slate.dll!UnknownFunction (0x00007ffc8c5d4b9a) + 0 bytes [UnknownFile:0]
UE4Editor-Slate.dll!UnknownFunction (0x00007ffc8c600a73) + 0 bytes [UnknownFile:0]
UE4Editor-Slate.dll!UnknownFunction (0x00007ffc8c4397bc) + 0 bytes [UnknownFile:0]
UE4Editor-Slate.dll!UnknownFunction (0x00007ffc8c3f7347) + 0 bytes [UnknownFile:0]
UE4Editor-Slate.dll!UnknownFunction (0x00007ffc8c49b2e0) + 0 bytes [UnknownFile:0]
UE4Editor-Slate.dll!UnknownFunction (0x00007ffc8c48c226) + 0 bytes [UnknownFile:0]
UE4Editor-Core.dll!UnknownFunction (0x00007ffc8cfee9e9) + 0 bytes [UnknownFile:0]
UE4Editor-Core.dll!UnknownFunction (0x00007ffc8cfda1fb) + 0 bytes [UnknownFile:0]
UE4Editor-Core.dll!UnknownFunction (0x00007ffc8cfefbbb) + 0 bytes [UnknownFile:0]
UE4Editor-Core.dll!UnknownFunction (0x00007ffc8cfd6cf2) + 0 bytes [UnknownFile:0]
USER32.dll!UnknownFunction (0x00007ffca5512434) + 0 bytes [UnknownFile:0]
USER32.dll!UnknownFunction (0x00007ffca5512297) + 0 bytes [UnknownFile:0]
UE4Editor-Core.dll!UnknownFunction (0x00007ffc8cff0076) + 0 bytes [UnknownFile:0]
UE4Editor.exe!FEngineLoop::Tick() (0x00007ff63f94cbda) + 8 bytes [d:\buildfarm\buildmachine_++depot+ue4-releases+4.6\engine\source\runtime\launch\private\launchengineloop.cpp:2193]
UE4Editor.exe!GuardedMain() (0x00007ff63f94089f) + 0 bytes [d:\buildfarm\buildmachine_++depot+ue4-releases+4.6\engine\source\runtime\launch\private\launch.cpp:131]
UE4Editor.exe!GuardedMainWrapper() (0x00007ff63f94090a) + 5 bytes [d:\buildfarm\buildmachine_++depot+ue4-releases+4.6\engine\source\runtime\launch\private\windows\launchwindows.cpp:126]
UE4Editor.exe!WinMain() (0x00007ff63f94e3d9) + 17 bytes [d:\buildfarm\buildmachine_++depot+ue4-releases+4.6\engine\source\runtime\launch\private\windows\launchwindows.cpp:202]
UE4Editor.exe!__tmainCRTStartup() (0x00007ff63f94f319) + 21 bytes [f:\dd\vctools\crt\crtw32\dllstuff\crtexe.c:618]
KERNEL32.DLL!UnknownFunction (0x00007ffca53d16ad) + 0 bytes [UnknownFile:0]
ntdll.dll!UnknownFunction (0x00007ffca77e4409) + 0 bytes [UnknownFile:0]
ntdll.dll!UnknownFunction (0x00007ffca77e4409) + 0 bytes [UnknownFile:0]

[2015.01.14-21.06.04:170][133]LogPropertyNode:Warning: UI Min (0.001) >= UI Max () for Ranged Numeric
[2015.01.14-21.06.04:171][133]LogPropertyNode:Warning: UI Min (0.001) >= UI Max () for Ranged Numeric
[2015.01.14-21.06.04:308][133]LogPropertyNode:Warning: UI Min (0.001) >= UI Max () for Ranged Numeric
[2015.01.14-21.06.04:309][133]LogPropertyNode:Warning: UI Min (0.001) >= UI Max () for Ranged Numeric
[2015.01.14-21.06.04:346][133]LogBlueprint:Warning: [compiler] Warning [0193.09] Compile of MyCharacter failed. 1 Fatal Issue(s) 1 Warning(s) [in 502 ms]
[2015.01.14-21.06.04:346][133]BlueprintEditorCompileResults:Error: Error COMPILER ERROR: failed building connection with 'Replace existing output connections' at  Create Widget 
[2015.01.14-21.06.04:346][133]BlueprintEditorCompileResults:Warning: Warning Type mismatch between pins  Return Value  and  (transient) 
[2015.01.14-21.06.04:346][133]BlueprintEditorCompileResults:Warning: Warning [0193.09] Compile of MyCharacter failed. 1 Fatal Issue(s) 1 Warning(s) [in 502 ms]
[2015.01.14-21.06.06:001][229]LogCrashTracker: 


[2015.01.14-21.06.06:130][229]LogCrashTracker: 


[2015.01.14-21.06.06:130][229]LogWindows: === Critical error: ===
Ensure condition failed: ToPin->LinkedTo.Contains(this) [File:D:\BuildFarm\buildmachine_++depot+UE4-Releases+4.6\Engine\Source\Runtime\Engine\Private\EdGraph\EdGraphPin.cpp] [Line: 120] 
UEdGraphPin::BreakLinkTo Pin 'OwningPlayer' on node 'Unknown' not reciprocally linked with pin 'ReturnValue' on node 'Get Player Controller'


Unhandled Exception: EXCEPTION_ACCESS_VIOLATION reading address 0x00000028

UE4Editor-GraphEditor.dll!UnknownFunction (0x00007ffc86275718) + 0 bytes [UnknownFile:0]
UE4Editor-GraphEditor.dll!UnknownFunction (0x00007ffc8623cbbc) + 0 bytes [UnknownFile:0]
UE4Editor-Slate.dll!UnknownFunction (0x00007ffc8c439638) + 0 bytes [UnknownFile:0]
UE4Editor-Slate.dll!UnknownFunction (0x00007ffc8c3f552b) + 0 bytes [UnknownFile:0]
UE4Editor-Slate.dll!UnknownFunction (0x00007ffc8c49c32a) + 0 bytes [UnknownFile:0]
UE4Editor-Slate.dll!UnknownFunction (0x00007ffc8c48c034) + 0 bytes [UnknownFile:0]
UE4Editor-Core.dll!UnknownFunction (0x00007ffc8cfee79c) + 0 bytes [UnknownFile:0]
UE4Editor-Core.dll!UnknownFunction (0x00007ffc8cfda1fb) + 0 bytes [UnknownFile:0]
UE4Editor-Core.dll!UnknownFunction (0x00007ffc8cfefbbb) + 0 bytes [UnknownFile:0]
UE4Editor-Core.dll!UnknownFunction (0x00007ffc8cfd6cf2) + 0 bytes [UnknownFile:0]
USER32.dll!UnknownFunction (0x00007ffca5512434) + 0 bytes [UnknownFile:0]
USER32.dll!UnknownFunction (0x00007ffca5512297) + 0 bytes [UnknownFile:0]
UE4Editor-Core.dll!UnknownFunction (0x00007ffc8cff0076) + 0 bytes [UnknownFile:0]
UE4Editor.exe!FEngineLoop::Tick() (0x00007ff63f94cbda) + 8 bytes [d:\buildfarm\buildmachine_++depot+ue4-releases+4.6\engine\source\runtime\launch\private\launchengineloop.cpp:2193]
UE4Editor.exe!GuardedMain() (0x00007ff63f94089f) + 0 bytes [d:\buildfarm\buildmachine_++depot+ue4-releases+4.6\engine\source\runtime\launch\private\launch.cpp:131]
UE4Editor.exe!GuardedMainWrapper() (0x00007ff63f94090a) + 5 bytes [d:\buildfarm\buildmachine_++depot+ue4-releases+4.6\engine\source\runtime\launch\private\windows\launchwindows.cpp:126]
UE4Editor.exe!WinMain() (0x00007ff63f94e3d9) + 17 bytes [d:\buildfarm\buildmachine_++depot+ue4-releases+4.6\engine\source\runtime\launch\private\windows\launchwindows.cpp:202]
UE4Editor.exe!__tmainCRTStartup() (0x00007ff63f94f319) + 21 bytes [f:\dd\vctools\crt\crtw32\dllstuff\crtexe.c:618]
KERNEL32.DLL!UnknownFunction (0x00007ffca53d16ad) + 0 bytes [UnknownFile:0]
ntdll.dll!UnknownFunction (0x00007ffca77e4409) + 0 bytes [UnknownFile:0]
ntdll.dll!UnknownFunction (0x00007ffca77e4409) + 0 bytes [UnknownFile:0]


[2015.01.14-21.06.06:276][229]LogExit: Executing StaticShutdownAfterError
[2015.01.14-21.06.06:279][229]LogWindows: FPlatformMisc::RequestExit(1)
[2015.01.14-21.06.06:279][229]Log file closed, 01/14/15 13:06:06
