Log file open, 01/15/15 11:50:25
LogInit:Display: Running engine for game: BZS_Template
LogInit: Version: 4.6.1-2386410+++depot+UE4-Releases+4.6
LogInit: API Version: 2369412
LogInit: Compiled (64-bit): Dec 11 2014 21:31:39
LogInit: Compiled with Visual C++: 18.00.21005.01
LogInit: Build Configuration: Development
LogInit: Branch Name: ++depot+UE4-Releases+4.6
LogInit: Command line:  
LogInit: Base directory: C:/Program Files/Epic Games/4.6/Engine/Binaries/Win64/
LogInit: Rocket: 1
[2015.01.15-19.50.25:291][  0]LogTaskGraph: Started task graph with 3 named threads and 6 total threads.
[2015.01.15-19.50.25:341][  0]LogOnline:Warning: No default platform service specified for OnlineSubsystem
[2015.01.15-19.50.25:416][  0]LogInit: Presizing for 0 objects not considered by GC, pre-allocating 0 bytes.
[2015.01.15-19.50.25:429][  0]LogInit: Object subsystem initialized
[2015.01.15-19.50.25:442][  0]LogConsoleResponse:Warning: Skipping Unknown console variable: 'UIScaleRule = ShortestSide'
[2015.01.15-19.50.25:442][  0]LogConsoleResponse:Warning:   Found in ini file 'C:/Users/Stevo/Desktop/BZS_Template/Saved/Config/Windows/Engine.ini', in section '[/Script/Engine.RendererSettings]'
[2015.01.15-19.50.25:442][  0]LogConsoleResponse:Warning: Skipping Unknown console variable: 'UIScaleCurve = (EditorCurveData=(Keys=),ExternalCurve=None)'
[2015.01.15-19.50.25:442][  0]LogConsoleResponse:Warning:   Found in ini file 'C:/Users/Stevo/Desktop/BZS_Template/Saved/Config/Windows/Engine.ini', in section '[/Script/Engine.RendererSettings]'
[2015.01.15-19.50.25:447][  0]LogConsoleManager:Warning: Console variable 'r.MSAA.CompositingSampleCount' wasn't set (Priority ProjectSetting < Scalability)
[2015.01.15-19.50.25:447][  0]LogInit: Selected Device Profile: [Windows]
[2015.01.15-19.50.25:447][  0]LogInit: Applying CVar settings loaded from the selected device profile: [Windows]
[2015.01.15-19.50.25:458][  0]LogInit: Computer: STEVO-PC
[2015.01.15-19.50.25:458][  0]LogInit: User: Stevo
[2015.01.15-19.50.25:458][  0]LogInit: CPU Page size=4096, Cores=4
[2015.01.15-19.50.25:458][  0]LogInit: High frequency timer resolution =3.323579 MHz
[2015.01.15-19.50.25:459][  0]LogMemory: Memory total: Physical=8.0GB (8GB approx) Virtual=131072.0GB
[2015.01.15-19.50.25:459][  0]LogMemory: Platform Memory Stats for Windows
[2015.01.15-19.50.25:459][  0]LogMemory: Process Physical Memory: 48.18 MB used, 48.18 MB peak
[2015.01.15-19.50.25:459][  0]LogMemory: Process Virtual Memory: 24.15 MB used, 24.15 MB peak
[2015.01.15-19.50.25:459][  0]LogMemory: Physical Memory: 3041.69 MB used, 8153.19 MB total
[2015.01.15-19.50.25:459][  0]LogMemory: Virtual Memory: 270.32 MB used, 134217728.00 MB total
[2015.01.15-19.50.25:485][  0]LogD3D11RHI: Found D3D11 adapter 0: NVIDIA GeForce GTX 760 (Feature Level 11_0)
[2015.01.15-19.50.25:485][  0]LogD3D11RHI: Adapter has 1985MB of dedicated video memory, 0MB of dedicated system memory, and 2048MB of shared system memory, 2 output[s]
[2015.01.15-19.50.25:486][  0]LogD3D11RHI: Found D3D11 adapter 1: Microsoft Basic Render Driver (Feature Level 11_0)
[2015.01.15-19.50.25:486][  0]LogD3D11RHI: Adapter has 0MB of dedicated video memory, 0MB of dedicated system memory, and 256MB of shared system memory, 0 output[s]
[2015.01.15-19.50.25:487][  0]LogD3D11RHI: Chosen D3D11 Adapter Id = 0
[2015.01.15-19.50.25:490][  0]LogRHI: Texture pool is 1361 MB (70% of 1945 MB)
[2015.01.15-19.50.25:498][  0]LogD3D11RHI: Async texture creation enabled
[2015.01.15-19.50.25:827][  0]LogTextLocalizationManager: The requested culture ('en_US') has no localization data; parent culture's ('en') localization data will be used.
[2015.01.15-19.50.25:980][  0]LogContentStreaming: Texture pool size is 0.000000MB
[2015.01.15-19.50.32:431][  0]LogTargetPlatformManager:Display: Building Assets For Windows
[2015.01.15-19.50.33:035][  0]LogTargetPlatformManager:Display: Building Assets For Windows
[2015.01.15-19.50.33:103][  0]LogDerivedDataCache:Display: Max Cache Size: 512 MB
[2015.01.15-19.50.33:285][  0]LogDerivedDataCache: Loaded boot cache 0.18s 39MB C:/Users/Stevo/AppData/Local/UnrealEngine/4.6/DerivedDataCache/Boot.ddc.
[2015.01.15-19.50.33:285][  0]LogDerivedDataCache:Display: Loaded Boot cache: C:/Users/Stevo/AppData/Local/UnrealEngine/4.6/DerivedDataCache/Boot.ddc
[2015.01.15-19.50.33:285][  0]LogDerivedDataCache: FDerivedDataBackendGraph:  Pak pak cache file ../../../../../../Users/Stevo/Desktop/BZS_Template/DerivedDataCache/DDC.ddp not found, will not use a pak cache.
[2015.01.15-19.50.33:285][  0]LogDerivedDataCache: Unable to find inner node Pak for hierarchical cache Hierarchy.
[2015.01.15-19.50.33:356][  0]LogDerivedDataCache:Display: Pak cache opened for reading ../../../Engine/DerivedDataCache/DDC.ddp.
[2015.01.15-19.50.33:368][  0]LogDerivedDataCache: Using Local data cache path C:/Users/Stevo/AppData/Local/UnrealEngine/Common/DerivedDataCache: Writable
[2015.01.15-19.50.35:886][  0]LogCollisionProfile:Warning: Profile (UI) - Custom Channel Name = 'Weapon' hasn't been found
[2015.01.15-19.50.36:131][  0]LogMeshUtilities: No automatic mesh reduction module available
[2015.01.15-19.50.36:131][  0]LogMeshUtilities: No automatic mesh merging module available
[2015.01.15-19.50.36:891][  0]LogInit: WinSock: version 1.1 (2.2), MaxSocks=32767, MaxUdp=65467
[2015.01.15-19.50.36:974][  0]LogSlate:Warning: Failed to load font data from '../../../Engine/Content/Slate/Fonts/Roboto-Italic.ttf'
[2015.01.15-19.50.39:238][  0]UdpMessaging: Initializing bridge on interface 0.0.0.0:0 to multicast group 230.0.0.1:6666.
[2015.01.15-19.50.39:464][  0]LogDirectoryWatcher:Warning: Failed to begin reading directory changes for C:/Users/Stevo/Desktop/BZS_Template/Binaries/Win64. Error: 0
[2015.01.15-19.50.39:749][  0]SourceControl: Info Source control is disabled
[2015.01.15-19.50.39:749][  0]SourceControl: Info Source control is disabled
[2015.01.15-19.50.39:754][  0]SourceControl: Info Source control is disabled
[2015.01.15-19.50.39:931][  0]LogObj: 23754 objects as part of root set at end of initial load.
[2015.01.15-19.50.39:931][  0]LogUObjectAllocator: 5168136 out of 0 bytes used by permanent object pool.
[2015.01.15-19.50.40:019][  0]LogEngine: Initializing Engine...
[2015.01.15-19.50.40:257][  0]LogInit: XAudio2 using 'Speakers (2- C-Media USB Audio Device   )' : 2 channels at 44.1 kHz using 16 bits per sample (channel mask 0x3)
[2015.01.15-19.50.40:268][  0]LogInit: FAudioDevice initialized.
[2015.01.15-19.50.40:317][  0]LogAIModule: Creating AISystem for world NewWorld
[2015.01.15-19.50.40:345][  0]LogDerivedDataCache: Saved boot cache 0.02s 39MB C:/Users/Stevo/AppData/Local/UnrealEngine/4.6/DerivedDataCache/Boot.ddc.
[2015.01.15-19.50.40:350][  0]LogInit: Texture streaming: Enabled
[2015.01.15-19.50.40:377][  0]LogAnalytics: Creating configured Analytics provider AnalyticsET
[2015.01.15-19.50.40:377][  0]LogAnalytics: ET APIKey = Rocket.Release. APIServer = http://et2.epicgames.com/ET2/. AppVersion = 4.6.1-2386410+++depot+UE4-Releases+4.6
[2015.01.15-19.50.40:379][  0]LogAnalytics: SetUserId 5a045227e89f0642cba4625644d0354a
[2015.01.15-19.50.40:379][  0]LogAnalytics: AnalyticsET::StartSession [Rocket.Release]
[2015.01.15-19.50.40:397][  0]LogInit: Transaction tracking system initialized
[2015.01.15-19.50.40:502][  0]BlueprintLog: New page: Editor Load
[2015.01.15-19.50.40:544][  0]LogAssetRegistry: FAssetRegistry took 0.0133 seconds to start up
[2015.01.15-19.50.40:545][  0]LogDirectoryWatcher:Warning: Failed to begin reading directory changes for ../../../Engine/Plugins/Experimental/CharacterAI/Content/. Error: 0
[2015.01.15-19.50.41:121][  0]LogTargetPlatformManager:Display: Building Assets For Windows
[2015.01.15-19.50.41:463][  0]LogTargetPlatformManager:Display: Building Assets For Windows
[2015.01.15-19.50.41:689][  0]LogConsoleResponse:Display: 
[2015.01.15-19.50.41:828][  0]LogLinker:Warning: Asset '../../../Engine/Content/Functions/Engine_MaterialFunctions03/Procedurals/ComputeFilterWidth.uasset' has been saved with empty engine version. The asset will be loaded but may be incompatible.
[2015.01.15-19.50.42:201][  0]SourceControl: Info Source control is disabled
[2015.01.15-19.50.42:203][  0]Cmd: MAP LOAD FILE="../../../../../../Users/Stevo/Desktop/BZS_Template/Content/Maps/Example_Map.umap" TEMPLATE=0 SHOWPROGRESS=1
[2015.01.15-19.50.42:217][  0]LightingResults: New page: Lighting Build
[2015.01.15-19.50.42:230][  0]MapCheck: New page: Map Check
[2015.01.15-19.50.42:230][  0]LightingResults: New page: Lighting Build
[2015.01.15-19.50.42:248][  0]LogParticles: Destroying 0 GPU particle simulations for FXSystem 0x0000005A63055940
[2015.01.15-19.50.42:792][  0]LogEditorServer: Finished looking for orphan Actors (0.000 secs)
[2015.01.15-19.50.42:792][  0]LogAIModule: Creating AISystem for world Example_Map
[2015.01.15-19.50.42:794][  0]Cmd: MAP CHECKDEP
[2015.01.15-19.50.42:795][  0]MapCheck: New page: Example_Map - Jan 15, 2015, 3:50:42 AM
[2015.01.15-19.50.42:871][  0]MapCheck: Info Map check complete: 0 Error(s), 0 Warning(s), took 76.409ms to complete.
[2015.01.15-19.50.42:871][  0]LogFileHelpers: Loading map 'Example_Map' took 0.669
[2015.01.15-19.50.43:019][  0]LogCollectionManager: Loaded 0 collections in 0.000940 seconds
[2015.01.15-19.50.43:224][  0]LogCrashTracker: Crashtracker disabled due to settings.
[2015.01.15-19.50.43:237][  0]LogUObjectGlobals:Warning: Failed to find object 'Class None.'
[2015.01.15-19.50.43:267][  0]LogLoad: Full Startup: 20.15 seconds (BP compile: 0.08 seconds)
[2015.01.15-19.50.43:613][  0]LogContentBrowser:Verbose: The content browser source was changed by the sources view to '/Game/Blueprints'
[2015.01.15-19.50.43:783][  0]LogRenderer:Warning: Reallocating scene render targets to support 1136x904.
[2015.01.15-19.50.44:618][  3]LogAssetRegistry: Asset discovery search completed in 4.0876 seconds
[2015.01.15-19.51.30:553][349]LogLinker:Warning: Asset '../../../../../../Users/Stevo/Desktop/BZS_Template/Content/Blueprints/MyProjectile.uasset' has been saved with empty engine version. The asset will be loaded but may be incompatible.
[2015.01.15-19.51.30:871][349]LogAnimation:Warning: UAnimMontage::PostLoad: The actual sequence length for montage FPP_Fire_Montage does not match the length stored in the asset, please resave the montage asset.
[2015.01.15-19.51.30:894][349]BlueprintLog:Warning: Warning Blueprint MyGame has been migrated and requires re-saving to avoid import errors
[2015.01.15-19.51.38:497][958]BlueprintLog: New page: Compile Example_Map
[2015.01.15-19.51.38:533][958]LogActorComponent: UnregisterComponent: (/Engine/Transient.CharacterMovementComponent_0) Not registered. Aborting.
[2015.01.15-19.51.38:534][958]LogActorComponent: UnregisterComponent: (/Engine/Transient.ProjectileMovementComponent_0) Not registered. Aborting.
[2015.01.15-19.51.38:577][958]BlueprintEditorCompileResults: Info [0075.46] Compile of Example_Map successful! [in 78 ms]
[2015.01.15-19.55.53:624][488]LogEditorViewport: Clicking on Actor (LMB): StaticMeshActor (Cube06)
[2015.01.15-19.55.53:715][488]LogPropertyNode:Warning: UI Min (0.001) >= UI Max () for Ranged Numeric
[2015.01.15-20.00.43:848][715]LogActorComponent: UnregisterComponent: (/Engine/Transient.CharacterMovementComponent_1) Not registered. Aborting.
[2015.01.15-20.00.43:848][715]LogActorComponent: UnregisterComponent: (/Engine/Transient.ProjectileMovementComponent_1) Not registered. Aborting.
[2015.01.15-20.00.43:904][715]Cmd: OBJ SAVEPACKAGE PACKAGE="/Game/Maps/Example_Map" FILE="../../../../../../Users/Stevo/Desktop/BZS_Template/Saved/Autosaves/Game/Maps/Example_Map_Auto1.umap" SILENT=true AUTOSAVING=true KEEPDIRTY=false
[2015.01.15-20.00.44:021][715]LogSavePackage: Save=79.012115ms
[2015.01.15-20.00.44:021][715]LogSavePackage: Moving '../../../../../../Users/Stevo/Desktop/BZS_Template/Saved/Example_Map_Auto14AEFDD46406F6F7B31BF63835D650E59.tmp' to '../../../../../../Users/Stevo/Desktop/BZS_Template/Saved/Autosaves/Game/Maps/Example_Map_Auto1.umap'
[2015.01.15-20.00.44:030][715]LogFileHelpers: Editor autosave (incl. sublevels) for '/Game/Maps/Example_Map' took 0.183
[2015.01.15-20.00.44:030][715]LogFileHelpers: Editor autosave (incl. sublevels) for all levels took 0.183
[2015.01.15-20.01.27:193][950]LogActorComponent: UnregisterComponent: (/Engine/Transient.CharacterMovementComponent_2) Not registered. Aborting.
[2015.01.15-20.01.27:193][950]LogActorComponent: UnregisterComponent: (/Engine/Transient.ProjectileMovementComponent_2) Not registered. Aborting.
[2015.01.15-20.01.30:052][951]Cmd: QUIT_EDITOR
[2015.01.15-20.01.30:383][951]LogExit: Preparing to exit.
[2015.01.15-20.01.30:691][951]LogExit: Editor shut down
[2015.01.15-20.01.30:691][951]LogExit: Transaction tracking system shut down
[2015.01.15-20.01.30:692][951]LogParticles: Destroying 0 GPU particle simulations for FXSystem 0x0000005A62A5A520
[2015.01.15-20.01.30:692][951]LogParticles: Destroying 0 GPU particle simulations for FXSystem 0x0000005A5F5237E0
[2015.01.15-20.01.30:693][951]LogParticles: Destroying 0 GPU particle simulations for FXSystem 0x0000005A6D9F20C0
[2015.01.15-20.01.30:694][951]LogParticles: Destroying 0 GPU particle simulations for FXSystem 0x0000005A5EFD5120
[2015.01.15-20.01.30:741][951]LogExit: Object subsystem successfully closed.
[2015.01.15-20.01.30:791][951]LogModuleManager: Shutting down and abandoning module AndroidDeviceDetection (172)
[2015.01.15-20.01.30:791][951]LogModuleManager: Shutting down and abandoning module CrashTracker (171)
[2015.01.15-20.01.30:791][951]LogModuleManager: Shutting down and abandoning module SuperSearch (170)
[2015.01.15-20.01.30:791][951]LogModuleManager: Shutting down and abandoning module SceneOutliner (169)
[2015.01.15-20.01.30:791][951]LogModuleManager: Shutting down and abandoning module EditorWidgets (168)
[2015.01.15-20.01.30:791][951]LogModuleManager: Shutting down and abandoning module CollectionManager (167)
[2015.01.15-20.01.30:791][951]LogModuleManager: Shutting down and abandoning module StatsViewer (166)
[2015.01.15-20.01.30:791][951]LogModuleManager: Shutting down and abandoning module FoliageEdit (165)
[2015.01.15-20.01.30:792][951]LogModuleManager: Shutting down and abandoning module LandscapeEditor (164)
[2015.01.15-20.01.30:792][951]LogModuleManager: Shutting down and abandoning module MeshPaint (163)
[2015.01.15-20.01.30:792][951]LogModuleManager: Shutting down and abandoning module ActorPickerMode (162)
[2015.01.15-20.01.30:792][951]LogModuleManager: Shutting down and abandoning module GeometryMode (161)
[2015.01.15-20.01.30:792][951]LogModuleManager: Shutting down and abandoning module TextureAlignMode (160)
[2015.01.15-20.01.30:792][951]LogModuleManager: Shutting down and abandoning module BspMode (159)
[2015.01.15-20.01.30:792][951]LogModuleManager: Shutting down and abandoning module PlacementMode (158)
[2015.01.15-20.01.30:792][951]LogModuleManager: Shutting down and abandoning module AutomationWorker (157)
[2015.01.15-20.01.30:792][951]LogModuleManager: Shutting down and abandoning module CharacterAI (156)
[2015.01.15-20.01.30:792][951]LogModuleManager: Shutting down and abandoning module GameProjectGeneration (155)
[2015.01.15-20.01.30:793][951]LogModuleManager: Shutting down and abandoning module IntroTutorials (154)
[2015.01.15-20.01.30:793][951]LogModuleManager: Shutting down and abandoning module EditorLiveStreaming (153)
[2015.01.15-20.01.30:793][951]LogModuleManager: Shutting down and abandoning module HardwareTargeting (152)
[2015.01.15-20.01.30:793][951]LogModuleManager: Shutting down and abandoning module DeviceProfileEditor (151)
[2015.01.15-20.01.30:793][951]LogModuleManager: Shutting down and abandoning module UndoHistory (150)
[2015.01.15-20.01.30:793][951]LogModuleManager: Shutting down and abandoning module GameplayTagsEditor (149)
[2015.01.15-20.01.30:793][951]LogModuleManager: Shutting down and abandoning module UserFeedback (148)
[2015.01.15-20.01.30:793][951]LogModuleManager: Shutting down and abandoning module XmlParser (147)
[2015.01.15-20.01.30:793][951]LogModuleManager: Shutting down and abandoning module Blutility (146)
[2015.01.15-20.01.30:793][951]LogModuleManager: Shutting down and abandoning module IOSPlatformEditor (145)
[2015.01.15-20.01.30:793][951]LogModuleManager: Shutting down and abandoning module IOSRuntimeSettings (144)
[2015.01.15-20.01.30:793][951]LogModuleManager: Shutting down and abandoning module AndroidPlatformEditor (143)
[2015.01.15-20.01.30:793][951]LogModuleManager: Shutting down and abandoning module AndroidRuntimeSettings (142)
[2015.01.15-20.01.30:793][951]LogModuleManager: Shutting down and abandoning module ProjectTargetPlatformEditor (141)
[2015.01.15-20.01.30:793][951]LogModuleManager: Shutting down and abandoning module ProjectSettingsViewer (140)
[2015.01.15-20.01.30:793][951]LogModuleManager: Shutting down and abandoning module InputBindingEditor (139)
[2015.01.15-20.01.30:793][951]LogModuleManager: Shutting down and abandoning module EditorSettingsViewer (138)
[2015.01.15-20.01.30:793][951]LogModuleManager: Shutting down and abandoning module SettingsEditor (137)
[2015.01.15-20.01.30:794][951]LogModuleManager: Shutting down and abandoning module ProjectLauncher (136)
[2015.01.15-20.01.30:794][951]LogModuleManager: Shutting down and abandoning module SessionFrontend (135)
[2015.01.15-20.01.30:794][951]LogModuleManager: Shutting down and abandoning module ProfilerClient (134)
[2015.01.15-20.01.30:794][951]LogModuleManager: Shutting down and abandoning module TargetDeviceServices (133)
[2015.01.15-20.01.30:794][951]LogModuleManager: Shutting down and abandoning module DeviceManager (132)
[2015.01.15-20.01.30:794][951]LogModuleManager: Shutting down and abandoning module AutomationController (131)
[2015.01.15-20.01.30:794][951]LogModuleManager: Shutting down and abandoning module AutomationWindow (130)
[2015.01.15-20.01.30:795][951]LogModuleManager: Shutting down and abandoning module Layers (129)
[2015.01.15-20.01.30:796][951]LogModuleManager: Shutting down and abandoning module ComponentVisualizers (128)
[2015.01.15-20.01.30:796][951]LogModuleManager: Shutting down and abandoning module DetailCustomizations (127)
[2015.01.15-20.01.30:796][951]LogModuleManager: Shutting down and abandoning module PackagesDialog (126)
[2015.01.15-20.01.30:796][951]LogModuleManager: Shutting down and abandoning module AssetRegistry (125)
[2015.01.15-20.01.30:899][951]LogModuleManager: Shutting down and abandoning module Persona (124)
[2015.01.15-20.01.30:899][951]LogModuleManager: Shutting down and abandoning module Kismet (123)
[2015.01.15-20.01.30:899][951]LogModuleManager: Shutting down and abandoning module GraphEditor (122)
[2015.01.15-20.01.30:899][951]LogModuleManager: Shutting down and abandoning module ClassViewer (121)
[2015.01.15-20.01.30:899][951]LogModuleManager: Shutting down and abandoning module Toolbox (120)
[2015.01.15-20.01.30:899][951]LogModuleManager: Shutting down and abandoning module ModuleUI (119)
[2015.01.15-20.01.30:900][951]LogModuleManager: Shutting down and abandoning module MovieSceneTools (118)
[2015.01.15-20.01.30:900][951]LogModuleManager: Shutting down and abandoning module OutputLog (117)
[2015.01.15-20.01.30:900][951]LogModuleManager: Shutting down and abandoning module GammaUI (116)
[2015.01.15-20.01.30:901][951]LogModuleManager: Shutting down and abandoning module Documentation (115)
[2015.01.15-20.01.30:901][951]LogModuleManager: Shutting down and abandoning module GameLiveStreaming (114)
[2015.01.15-20.01.30:901][951]LogModuleManager: Shutting down and abandoning module StreamingPauseRendering (113)
[2015.01.15-20.01.30:901][951]LogModuleManager: Shutting down and abandoning module HTTP (112)
[2015.01.15-20.01.30:901][951]LogModuleManager: Shutting down and abandoning module AnalyticsET (111)
[2015.01.15-20.01.30:901][951]LogModuleManager: Shutting down and abandoning module Analytics (110)
[2015.01.15-20.01.30:901][951]LogModuleManager: Shutting down and abandoning module AITestSuite (109)
[2015.01.15-20.01.30:901][951]LogModuleManager: Shutting down and abandoning module AIModule (108)
[2015.01.15-20.01.30:902][951]LogModuleManager: Shutting down and abandoning module ProfilerService (107)
[2015.01.15-20.01.30:951][951]LogModuleManager: Shutting down and abandoning module TaskGraph (106)
[2015.01.15-20.01.30:952][951]LogModuleManager: Shutting down and abandoning module GameplayDebugger (105)
[2015.01.15-20.01.30:952][951]LogModuleManager: Shutting down and abandoning module SlateRemote (104)
[2015.01.15-20.01.30:952][951]LogModuleManager: Shutting down and abandoning module ScriptEditorPlugin (103)
[2015.01.15-20.01.30:952][951]LogModuleManager: Shutting down and abandoning module CustomMeshComponent (102)
[2015.01.15-20.01.30:952][951]LogModuleManager: Shutting down and abandoning module CableComponent (101)
[2015.01.15-20.01.30:952][951]LogModuleManager: Shutting down and abandoning module MessagingDebugger (100)
[2015.01.15-20.01.30:953][951]LogModuleManager: Shutting down and abandoning module MediaPlayerEditor (99)
[2015.01.15-20.01.30:953][951]LogModuleManager: Shutting down and abandoning module SpeedTreeImporter (98)
[2015.01.15-20.01.30:953][951]LogModuleManager: Shutting down and abandoning module PluginsEditor (97)
[2015.01.15-20.01.30:953][951]LogModuleManager: Shutting down and abandoning module EpicSurvey (96)
[2015.01.15-20.01.30:953][951]LogModuleManager: Shutting down and abandoning module DesktopPlatform (95)
[2015.01.15-20.01.30:953][951]LogModuleManager: Shutting down and abandoning module VisualStudioSourceCodeAccess (94)
[2015.01.15-20.01.30:953][951]LogModuleManager: Shutting down and abandoning module UObjectPlugin (93)
[2015.01.15-20.01.30:953][951]LogModuleManager: Shutting down and abandoning module SubversionSourceControl (92)
[2015.01.15-20.01.30:954][951]LogModuleManager: Shutting down and abandoning module SourceControl (91)
[2015.01.15-20.01.30:954][951]LogModuleManager: Shutting down and abandoning module PerforceSourceControl (90)
[2015.01.15-20.01.30:954][951]LogModuleManager: Shutting down and abandoning module BlankPlugin (89)
[2015.01.15-20.01.30:954][951]LogModuleManager: Shutting down and abandoning module SlateReflector (88)
[2015.01.15-20.01.30:954][951]LogModuleManager: Shutting down and abandoning module DirectoryWatcher (87)
[2015.01.15-20.01.30:954][951]LogModuleManager: Shutting down and abandoning module HotReload (86)
[2015.01.15-20.01.30:954][951]LogModuleManager: Shutting down and abandoning module MainFrame (85)
[2015.01.15-20.01.30:954][951]LogModuleManager: Shutting down and abandoning module LevelEditor (84)
[2015.01.15-20.01.30:955][951]LogModuleManager: Shutting down and abandoning module ViewportSnapping (83)
[2015.01.15-20.01.30:955][951]LogModuleManager: Shutting down and abandoning module SmartSnapping (82)
[2015.01.15-20.01.30:955][951]LogModuleManager: Shutting down and abandoning module PaperTiledImporter (81)
[2015.01.15-20.01.30:955][951]LogModuleManager: Shutting down and abandoning module PaperJsonImporter (80)
[2015.01.15-20.01.30:955][951]LogModuleManager: Shutting down and abandoning module ContentBrowser (79)
[2015.01.15-20.01.30:955][951]LogModuleManager: Shutting down and abandoning module Paper2DEditor (78)
[2015.01.15-20.01.30:956][951]LogModuleManager: Shutting down and abandoning module ScriptPlugin (77)
[2015.01.15-20.01.30:956][951]LogModuleManager: Shutting down and abandoning module UdpMessaging (76)
[2015.01.15-20.01.31:057][951]LogModuleManager: Shutting down and abandoning module Paper2D (75)
[2015.01.15-20.01.31:057][951]LogModuleManager: Shutting down and abandoning module UE4Game (74)
[2015.01.15-20.01.31:057][951]LogModuleManager: Shutting down and abandoning module WindowsMoviePlayer (73)
[2015.01.15-20.01.31:059][951]LogModuleManager: Shutting down and abandoning module Media (72)
[2015.01.15-20.01.31:059][951]LogModuleManager: Shutting down and abandoning module WmfMedia (71)
[2015.01.15-20.01.31:060][951]LogModuleManager: Shutting down and abandoning module OnlineBlueprintSupport (70)
[2015.01.15-20.01.31:060][951]LogModuleManager: Shutting down and abandoning module PropertyEditor (69)
[2015.01.15-20.01.31:060][951]LogModuleManager: Shutting down and abandoning module BehaviorTreeEditor (68)
[2015.01.15-20.01.31:061][951]LogModuleManager: Shutting down and abandoning module FunctionalTesting (67)
[2015.01.15-20.01.31:061][951]LogModuleManager: Shutting down and abandoning module CollisionAnalyzer (66)
[2015.01.15-20.01.31:062][951]LogModuleManager: Shutting down and abandoning module WorkspaceMenuStructure (65)
[2015.01.15-20.01.31:062][951]LogModuleManager: Shutting down and abandoning module MessageLog (64)
[2015.01.15-20.01.31:062][951]LogModuleManager: Shutting down and abandoning module Sequencer (63)
[2015.01.15-20.01.31:062][951]LogModuleManager: Shutting down and abandoning module AssetTools (62)
[2015.01.15-20.01.31:063][951]LogModuleManager: Shutting down and abandoning module UMGEditor (61)
[2015.01.15-20.01.31:063][951]LogModuleManager: Shutting down and abandoning module UMG (60)
[2015.01.15-20.01.31:064][951]LogModuleManager: Shutting down and abandoning module Slate (59)
[2015.01.15-20.01.31:064][951]LogModuleManager: Shutting down and abandoning module EditorStyle (58)
[2015.01.15-20.01.31:068][951]LogModuleManager: Shutting down and abandoning module SessionServices (57)
[2015.01.15-20.01.31:068][951]LogModuleManager: Shutting down and abandoning module SourceCodeAccess (56)
[2015.01.15-20.01.31:068][951]LogModuleManager: Shutting down and abandoning module HeadMountedDisplay (55)
[2015.01.15-20.01.31:068][951]LogModuleManager: Shutting down and abandoning module XAudio2 (54)
[2015.01.15-20.01.31:068][951]LogModuleManager: Shutting down and abandoning module Networking (52)
[2015.01.15-20.01.31:068][951]LogModuleManager: Shutting down and abandoning module Core (51)
[2015.01.15-20.01.31:068][951]LogModuleManager: Shutting down and abandoning module KismetCompiler (50)
[2015.01.15-20.01.31:068][951]LogModuleManager: Shutting down and abandoning module PhysXFormats (49)
[2015.01.15-20.01.31:068][951]LogModuleManager: Shutting down and abandoning module MeshUtilities (48)
[2015.01.15-20.01.31:068][951]LogModuleManager: Shutting down and abandoning module DerivedDataCache (47)
[2015.01.15-20.01.31:130][951]LogDerivedDataCache: Shutdown
[2015.01.15-20.01.31:130][951]LogModuleManager: Shutting down and abandoning module ShaderFormatOpenGL (46)
[2015.01.15-20.01.31:130][951]LogModuleManager: Shutting down and abandoning module ShaderFormatD3D (45)
[2015.01.15-20.01.31:130][951]LogModuleManager: Shutting down and abandoning module MetalShaderFormat (44)
[2015.01.15-20.01.31:131][951]LogModuleManager: Shutting down and abandoning module TextureFormatUncompressed (43)
[2015.01.15-20.01.31:131][951]LogModuleManager: Shutting down and abandoning module TextureFormatPVR (42)
[2015.01.15-20.01.31:131][951]LogModuleManager: Shutting down and abandoning module TextureFormatDXT (41)
[2015.01.15-20.01.31:131][951]LogModuleManager: Shutting down and abandoning module TextureFormatAndroid (40)
[2015.01.15-20.01.31:131][951]LogModuleManager: Shutting down and abandoning module AudioFormatOpus (39)
[2015.01.15-20.01.31:131][951]LogModuleManager: Shutting down and abandoning module AudioFormatOgg (38)
[2015.01.15-20.01.31:131][951]LogModuleManager: Shutting down and abandoning module AudioFormatADPCM (37)
[2015.01.15-20.01.31:131][951]LogModuleManager: Shutting down and abandoning module LinuxTargetPlatform (36)
[2015.01.15-20.01.31:131][951]LogModuleManager: Shutting down and abandoning module LinuxServerTargetPlatform (35)
[2015.01.15-20.01.31:131][951]LogModuleManager: Shutting down and abandoning module LinuxNoEditorTargetPlatform (34)
[2015.01.15-20.01.31:131][951]LogModuleManager: Shutting down and abandoning module Messaging (33)
[2015.01.15-20.01.31:131][951]LogModuleManager: Shutting down and abandoning module IOSTargetPlatform (32)
[2015.01.15-20.01.31:131][951]LogModuleManager: Shutting down and abandoning module Android_PVRTCTargetPlatform (31)
[2015.01.15-20.01.31:131][951]LogModuleManager: Shutting down and abandoning module Android_ETC2TargetPlatform (30)
[2015.01.15-20.01.31:131][951]LogModuleManager: Shutting down and abandoning module Android_ETC1TargetPlatform (29)
[2015.01.15-20.01.31:131][951]LogModuleManager: Shutting down and abandoning module Android_DXTTargetPlatform (28)
[2015.01.15-20.01.31:131][951]LogModuleManager: Shutting down and abandoning module Android_ATCTargetPlatform (27)
[2015.01.15-20.01.31:131][951]LogModuleManager: Shutting down and abandoning module AndroidTargetPlatform (26)
[2015.01.15-20.01.31:131][951]LogModuleManager: Shutting down and abandoning module WindowsTargetPlatform (25)
[2015.01.15-20.01.31:131][951]LogModuleManager: Shutting down and abandoning module WindowsServerTargetPlatform (24)
[2015.01.15-20.01.31:131][951]LogModuleManager: Shutting down and abandoning module WindowsNoEditorTargetPlatform (23)
[2015.01.15-20.01.31:131][951]LogModuleManager: Shutting down and abandoning module WindowsClientTargetPlatform (22)
[2015.01.15-20.01.31:131][951]LogModuleManager: Shutting down and abandoning module TargetPlatform (21)
[2015.01.15-20.01.31:131][951]LogModuleManager: Shutting down and abandoning module InputCore (20)
[2015.01.15-20.01.31:131][951]LogModuleManager: Shutting down and abandoning module Settings (19)
[2015.01.15-20.01.31:131][951]LogModuleManager: Shutting down and abandoning module ImageWrapper (18)
[2015.01.15-20.01.31:131][951]LogModuleManager: Shutting down and abandoning module OculusRift (15)
[2015.01.15-20.01.31:131][951]LogModuleManager: Shutting down and abandoning module ExampleDeviceProfileSelector (14)
[2015.01.15-20.01.31:131][951]LogModuleManager: Shutting down and abandoning module TextureCompressor (13)
[2015.01.15-20.01.31:131][951]LogModuleManager: Shutting down and abandoning module ShaderCore (12)
[2015.01.15-20.01.31:131][951]LogModuleManager: Shutting down and abandoning module Landscape (11)
[2015.01.15-20.01.31:131][951]LogModuleManager: Shutting down and abandoning module SlateRHIRenderer (10)
[2015.01.15-20.01.31:132][951]LogModuleManager: Shutting down and abandoning module OpenGLDrv (9)
[2015.01.15-20.01.31:132][951]LogModuleManager: Shutting down and abandoning module D3D11RHI (8)
[2015.01.15-20.01.31:132][951]LogModuleManager: Shutting down and abandoning module Renderer (7)
[2015.01.15-20.01.31:132][951]LogModuleManager: Shutting down and abandoning module Engine (6)
[2015.01.15-20.01.31:132][951]LogModuleManager: Shutting down and abandoning module CoreUObject (5)
[2015.01.15-20.01.31:132][951]LogModuleManager: Shutting down and abandoning module NetworkFile (4)
[2015.01.15-20.01.31:132][951]LogModuleManager: Shutting down and abandoning module StreamingFile (3)
[2015.01.15-20.01.31:132][951]LogModuleManager: Shutting down and abandoning module SandboxFile (2)
[2015.01.15-20.01.31:132][951]LogModuleManager: Shutting down and abandoning module PakFile (1)
[2015.01.15-20.01.31:133][951]LogExit: Exiting.
[2015.01.15-20.01.31:142][951]Log file closed, 01/15/15 12:01:31
